{"D:\\dev\\jquery\\dist\\jquery.js":{"path":"D:\\dev\\jquery\\dist\\jquery.js","statementMap":{"0":{"start":{"line":14,"column":0},"end":{"line":10338,"column":4}},"1":{"start":{"line":18,"column":1},"end":{"line":37,"column":2}},"2":{"start":{"line":27,"column":2},"end":{"line":34,"column":5}},"3":{"start":{"line":30,"column":4},"end":{"line":32,"column":5}},"4":{"start":{"line":31,"column":5},"end":{"line":31,"column":67}},"5":{"start":{"line":33,"column":4},"end":{"line":33,"column":24}},"6":{"start":{"line":36,"column":2},"end":{"line":36,"column":20}},"7":{"start":{"line":48,"column":10},"end":{"line":48,"column":12}},"8":{"start":{"line":50,"column":15},"end":{"line":50,"column":30}},"9":{"start":{"line":52,"column":15},"end":{"line":52,"column":36}},"10":{"start":{"line":54,"column":12},"end":{"line":54,"column":21}},"11":{"start":{"line":56,"column":13},"end":{"line":56,"column":23}},"12":{"start":{"line":58,"column":11},"end":{"line":58,"column":19}},"13":{"start":{"line":60,"column":14},"end":{"line":60,"column":25}},"14":{"start":{"line":62,"column":17},"end":{"line":62,"column":19}},"15":{"start":{"line":64,"column":15},"end":{"line":64,"column":34}},"16":{"start":{"line":66,"column":13},"end":{"line":66,"column":38}},"17":{"start":{"line":68,"column":17},"end":{"line":68,"column":32}},"18":{"start":{"line":70,"column":27},"end":{"line":70,"column":52}},"19":{"start":{"line":72,"column":14},"end":{"line":72,"column":16}},"20":{"start":{"line":74,"column":15},"end":{"line":76,"column":2}},"21":{"start":{"line":75,"column":2},"end":{"line":75,"column":43}},"22":{"start":{"line":82,"column":2},"end":{"line":82,"column":24}},"23":{"start":{"line":84,"column":15},"end":{"line":84,"column":44}},"24":{"start":{"line":86,"column":2},"end":{"line":86,"column":21}},"25":{"start":{"line":87,"column":2},"end":{"line":87,"column":66}},"26":{"start":{"line":96,"column":11},"end":{"line":96,"column":22}},"27":{"start":{"line":99,"column":10},"end":{"line":104,"column":2}},"28":{"start":{"line":103,"column":2},"end":{"line":103,"column":49}},"29":{"start":{"line":108,"column":9},"end":{"line":108,"column":45}},"30":{"start":{"line":111,"column":13},"end":{"line":111,"column":20}},"31":{"start":{"line":112,"column":14},"end":{"line":112,"column":25}},"32":{"start":{"line":115,"column":14},"end":{"line":117,"column":2}},"33":{"start":{"line":116,"column":2},"end":{"line":116,"column":30}},"34":{"start":{"line":119,"column":0},"end":{"line":198,"column":2}},"35":{"start":{"line":130,"column":2},"end":{"line":130,"column":28}},"36":{"start":{"line":138,"column":2},"end":{"line":140,"column":3}},"37":{"start":{"line":139,"column":3},"end":{"line":139,"column":29}},"38":{"start":{"line":143,"column":2},"end":{"line":143,"column":59}},"39":{"start":{"line":151,"column":12},"end":{"line":151,"column":53}},"40":{"start":{"line":154,"column":2},"end":{"line":154,"column":24}},"41":{"start":{"line":157,"column":2},"end":{"line":157,"column":13}},"42":{"start":{"line":162,"column":2},"end":{"line":162,"column":39}},"43":{"start":{"line":166,"column":2},"end":{"line":168,"column":8}},"44":{"start":{"line":167,"column":3},"end":{"line":167,"column":41}},"45":{"start":{"line":172,"column":2},"end":{"line":172,"column":58}},"46":{"start":{"line":176,"column":2},"end":{"line":176,"column":22}},"47":{"start":{"line":180,"column":2},"end":{"line":180,"column":23}},"48":{"start":{"line":184,"column":12},"end":{"line":184,"column":23}},"49":{"start":{"line":185,"column":7},"end":{"line":185,"column":31}},"50":{"start":{"line":186,"column":2},"end":{"line":186,"column":66}},"51":{"start":{"line":190,"column":2},"end":{"line":190,"column":47}},"52":{"start":{"line":200,"column":0},"end":{"line":267,"column":2}},"53":{"start":{"line":202,"column":11},"end":{"line":202,"column":31}},"54":{"start":{"line":203,"column":6},"end":{"line":203,"column":7}},"55":{"start":{"line":204,"column":11},"end":{"line":204,"column":27}},"56":{"start":{"line":205,"column":9},"end":{"line":205,"column":14}},"57":{"start":{"line":208,"column":1},"end":{"line":214,"column":2}},"58":{"start":{"line":209,"column":2},"end":{"line":209,"column":16}},"59":{"start":{"line":212,"column":2},"end":{"line":212,"column":32}},"60":{"start":{"line":213,"column":2},"end":{"line":213,"column":6}},"61":{"start":{"line":217,"column":1},"end":{"line":219,"column":2}},"62":{"start":{"line":218,"column":2},"end":{"line":218,"column":14}},"63":{"start":{"line":222,"column":1},"end":{"line":225,"column":2}},"64":{"start":{"line":223,"column":2},"end":{"line":223,"column":16}},"65":{"start":{"line":224,"column":2},"end":{"line":224,"column":6}},"66":{"start":{"line":227,"column":1},"end":{"line":263,"column":2}},"67":{"start":{"line":230,"column":2},"end":{"line":262,"column":3}},"68":{"start":{"line":233,"column":3},"end":{"line":261,"column":4}},"69":{"start":{"line":234,"column":4},"end":{"line":234,"column":25}},"70":{"start":{"line":235,"column":4},"end":{"line":235,"column":27}},"71":{"start":{"line":238,"column":4},"end":{"line":240,"column":5}},"72":{"start":{"line":239,"column":5},"end":{"line":239,"column":14}},"73":{"start":{"line":243,"column":4},"end":{"line":260,"column":5}},"74":{"start":{"line":246,"column":5},"end":{"line":252,"column":6}},"75":{"start":{"line":247,"column":6},"end":{"line":247,"column":26}},"76":{"start":{"line":248,"column":6},"end":{"line":248,"column":53}},"77":{"start":{"line":251,"column":6},"end":{"line":251,"column":60}},"78":{"start":{"line":255,"column":5},"end":{"line":255,"column":57}},"79":{"start":{"line":258,"column":11},"end":{"line":260,"column":5}},"80":{"start":{"line":259,"column":5},"end":{"line":259,"column":27}},"81":{"start":{"line":266,"column":1},"end":{"line":266,"column":15}},"82":{"start":{"line":269,"column":0},"end":{"line":516,"column":4}},"83":{"start":{"line":278,"column":2},"end":{"line":278,"column":25}},"84":{"start":{"line":289,"column":2},"end":{"line":289,"column":71}},"85":{"start":{"line":297,"column":13},"end":{"line":297,"column":31}},"86":{"start":{"line":298,"column":2},"end":{"line":303,"column":37}},"87":{"start":{"line":311,"column":2},"end":{"line":313,"column":3}},"88":{"start":{"line":312,"column":3},"end":{"line":312,"column":16}},"89":{"start":{"line":315,"column":2},"end":{"line":315,"column":26}},"90":{"start":{"line":318,"column":2},"end":{"line":320,"column":3}},"91":{"start":{"line":319,"column":3},"end":{"line":319,"column":15}},"92":{"start":{"line":323,"column":2},"end":{"line":323,"column":66}},"93":{"start":{"line":324,"column":2},"end":{"line":324,"column":88}},"94":{"start":{"line":333,"column":2},"end":{"line":335,"column":3}},"95":{"start":{"line":334,"column":3},"end":{"line":334,"column":16}},"96":{"start":{"line":336,"column":2},"end":{"line":336,"column":14}},"97":{"start":{"line":340,"column":2},"end":{"line":342,"column":3}},"98":{"start":{"line":341,"column":3},"end":{"line":341,"column":19}},"99":{"start":{"line":345,"column":2},"end":{"line":347,"column":14}},"100":{"start":{"line":352,"column":2},"end":{"line":352,"column":18}},"101":{"start":{"line":359,"column":2},"end":{"line":359,"column":78}},"102":{"start":{"line":363,"column":18},"end":{"line":363,"column":19}},"103":{"start":{"line":365,"column":2},"end":{"line":378,"column":3}},"104":{"start":{"line":366,"column":3},"end":{"line":366,"column":23}},"105":{"start":{"line":367,"column":3},"end":{"line":371,"column":4}},"106":{"start":{"line":368,"column":4},"end":{"line":370,"column":5}},"107":{"start":{"line":369,"column":5},"end":{"line":369,"column":11}},"108":{"start":{"line":373,"column":3},"end":{"line":377,"column":4}},"109":{"start":{"line":374,"column":4},"end":{"line":376,"column":5}},"110":{"start":{"line":375,"column":5},"end":{"line":375,"column":11}},"111":{"start":{"line":380,"column":2},"end":{"line":380,"column":13}},"112":{"start":{"line":385,"column":2},"end":{"line":387,"column":38}},"113":{"start":{"line":392,"column":12},"end":{"line":392,"column":25}},"114":{"start":{"line":394,"column":2},"end":{"line":403,"column":3}},"115":{"start":{"line":395,"column":3},"end":{"line":402,"column":4}},"116":{"start":{"line":396,"column":4},"end":{"line":399,"column":6}},"117":{"start":{"line":401,"column":4},"end":{"line":401,"column":26}},"118":{"start":{"line":405,"column":2},"end":{"line":405,"column":13}},"119":{"start":{"line":409,"column":2},"end":{"line":409,"column":57}},"120":{"start":{"line":415,"column":12},"end":{"line":415,"column":26}},"121":{"start":{"line":416,"column":7},"end":{"line":416,"column":8}},"122":{"start":{"line":417,"column":7},"end":{"line":417,"column":19}},"123":{"start":{"line":419,"column":2},"end":{"line":421,"column":3}},"124":{"start":{"line":420,"column":3},"end":{"line":420,"column":30}},"125":{"start":{"line":423,"column":2},"end":{"line":423,"column":19}},"126":{"start":{"line":425,"column":2},"end":{"line":425,"column":15}},"127":{"start":{"line":430,"column":13},"end":{"line":430,"column":15}},"128":{"start":{"line":431,"column":7},"end":{"line":431,"column":8}},"129":{"start":{"line":432,"column":12},"end":{"line":432,"column":24}},"130":{"start":{"line":433,"column":20},"end":{"line":433,"column":27}},"131":{"start":{"line":437,"column":2},"end":{"line":442,"column":3}},"132":{"start":{"line":438,"column":3},"end":{"line":438,"column":48}},"133":{"start":{"line":439,"column":3},"end":{"line":441,"column":4}},"134":{"start":{"line":440,"column":4},"end":{"line":440,"column":31}},"135":{"start":{"line":444,"column":2},"end":{"line":444,"column":17}},"136":{"start":{"line":450,"column":7},"end":{"line":450,"column":8}},"137":{"start":{"line":451,"column":9},"end":{"line":451,"column":11}},"138":{"start":{"line":454,"column":2},"end":{"line":473,"column":3}},"139":{"start":{"line":455,"column":3},"end":{"line":455,"column":25}},"140":{"start":{"line":456,"column":3},"end":{"line":462,"column":4}},"141":{"start":{"line":457,"column":4},"end":{"line":457,"column":43}},"142":{"start":{"line":459,"column":4},"end":{"line":461,"column":5}},"143":{"start":{"line":460,"column":5},"end":{"line":460,"column":23}},"144":{"start":{"line":466,"column":3},"end":{"line":472,"column":4}},"145":{"start":{"line":467,"column":4},"end":{"line":467,"column":43}},"146":{"start":{"line":469,"column":4},"end":{"line":471,"column":5}},"147":{"start":{"line":470,"column":5},"end":{"line":470,"column":23}},"148":{"start":{"line":476,"column":2},"end":{"line":476,"column":33}},"149":{"start":{"line":487,"column":2},"end":{"line":491,"column":3}},"150":{"start":{"line":488,"column":3},"end":{"line":488,"column":23}},"151":{"start":{"line":489,"column":3},"end":{"line":489,"column":16}},"152":{"start":{"line":490,"column":3},"end":{"line":490,"column":12}},"153":{"start":{"line":495,"column":2},"end":{"line":497,"column":3}},"154":{"start":{"line":496,"column":3},"end":{"line":496,"column":20}},"155":{"start":{"line":500,"column":2},"end":{"line":500,"column":36}},"156":{"start":{"line":501,"column":2},"end":{"line":503,"column":4}},"157":{"start":{"line":502,"column":3},"end":{"line":502,"column":78}},"158":{"start":{"line":506,"column":2},"end":{"line":506,"column":50}},"159":{"start":{"line":508,"column":2},"end":{"line":508,"column":15}},"160":{"start":{"line":518,"column":0},"end":{"line":520,"column":1}},"161":{"start":{"line":519,"column":1},"end":{"line":519,"column":55}},"162":{"start":{"line":523,"column":0},"end":{"line":526,"column":4}},"163":{"start":{"line":525,"column":1},"end":{"line":525,"column":60}},"164":{"start":{"line":534,"column":14},"end":{"line":534,"column":52}},"165":{"start":{"line":535,"column":9},"end":{"line":535,"column":27}},"166":{"start":{"line":537,"column":1},"end":{"line":539,"column":2}},"167":{"start":{"line":538,"column":2},"end":{"line":538,"column":15}},"168":{"start":{"line":541,"column":1},"end":{"line":542,"column":68}},"169":{"start":{"line":555,"column":0},"end":{"line":2797,"column":12}},"170":{"start":{"line":580,"column":11},"end":{"line":580,"column":36}},"171":{"start":{"line":581,"column":16},"end":{"line":581,"column":31}},"172":{"start":{"line":582,"column":11},"end":{"line":582,"column":12}},"173":{"start":{"line":583,"column":8},"end":{"line":583,"column":9}},"174":{"start":{"line":584,"column":14},"end":{"line":584,"column":27}},"175":{"start":{"line":585,"column":14},"end":{"line":585,"column":27}},"176":{"start":{"line":586,"column":17},"end":{"line":586,"column":30}},"177":{"start":{"line":587,"column":13},"end":{"line":592,"column":2}},"178":{"start":{"line":588,"column":2},"end":{"line":590,"column":3}},"179":{"start":{"line":589,"column":3},"end":{"line":589,"column":23}},"180":{"start":{"line":591,"column":2},"end":{"line":591,"column":11}},"181":{"start":{"line":595,"column":10},"end":{"line":595,"column":29}},"182":{"start":{"line":596,"column":7},"end":{"line":596,"column":9}},"183":{"start":{"line":597,"column":7},"end":{"line":597,"column":14}},"184":{"start":{"line":598,"column":15},"end":{"line":598,"column":23}},"185":{"start":{"line":599,"column":8},"end":{"line":599,"column":16}},"186":{"start":{"line":600,"column":9},"end":{"line":600,"column":18}},"187":{"start":{"line":603,"column":11},"end":{"line":612,"column":2}},"188":{"start":{"line":604,"column":10},"end":{"line":604,"column":11}},"189":{"start":{"line":605,"column":9},"end":{"line":605,"column":20}},"190":{"start":{"line":606,"column":2},"end":{"line":610,"column":3}},"191":{"start":{"line":607,"column":3},"end":{"line":609,"column":4}},"192":{"start":{"line":608,"column":4},"end":{"line":608,"column":13}},"193":{"start":{"line":611,"column":2},"end":{"line":611,"column":12}},"194":{"start":{"line":614,"column":12},"end":{"line":614,"column":136}},"195":{"start":{"line":619,"column":14},"end":{"line":619,"column":35}},"196":{"start":{"line":622,"column":14},"end":{"line":622,"column":45}},"197":{"start":{"line":625,"column":14},"end":{"line":630,"column":8}},"198":{"start":{"line":632,"column":11},"end":{"line":640,"column":10}},"199":{"start":{"line":643,"column":15},"end":{"line":643,"column":50}},"200":{"start":{"line":644,"column":9},"end":{"line":644,"column":96}},"201":{"start":{"line":646,"column":10},"end":{"line":646,"column":66}},"202":{"start":{"line":647,"column":16},"end":{"line":647,"column":97}},"203":{"start":{"line":649,"column":20},"end":{"line":649,"column":96}},"204":{"start":{"line":651,"column":11},"end":{"line":651,"column":32}},"205":{"start":{"line":652,"column":15},"end":{"line":652,"column":51}},"206":{"start":{"line":654,"column":13},"end":{"line":668,"column":2}},"207":{"start":{"line":670,"column":11},"end":{"line":670,"column":48}},"208":{"start":{"line":671,"column":11},"end":{"line":671,"column":19}},"209":{"start":{"line":673,"column":11},"end":{"line":673,"column":35}},"210":{"start":{"line":676,"column":14},"end":{"line":676,"column":48}},"211":{"start":{"line":678,"column":12},"end":{"line":678,"column":18}},"212":{"start":{"line":682,"column":13},"end":{"line":682,"column":96}},"213":{"start":{"line":683,"column":13},"end":{"line":695,"column":2}},"214":{"start":{"line":684,"column":13},"end":{"line":684,"column":37}},"215":{"start":{"line":688,"column":2},"end":{"line":694,"column":70}},"216":{"start":{"line":699,"column":14},"end":{"line":699,"column":67}},"217":{"start":{"line":700,"column":14},"end":{"line":714,"column":2}},"218":{"start":{"line":701,"column":2},"end":{"line":710,"column":3}},"219":{"start":{"line":704,"column":3},"end":{"line":706,"column":4}},"220":{"start":{"line":705,"column":4},"end":{"line":705,"column":20}},"221":{"start":{"line":709,"column":3},"end":{"line":709,"column":89}},"222":{"start":{"line":713,"column":2},"end":{"line":713,"column":19}},"223":{"start":{"line":720,"column":17},"end":{"line":722,"column":2}},"224":{"start":{"line":721,"column":2},"end":{"line":721,"column":16}},"225":{"start":{"line":724,"column":20},"end":{"line":729,"column":2}},"226":{"start":{"line":726,"column":3},"end":{"line":726,"column":72}},"227":{"start":{"line":732,"column":0},"end":{"line":758,"column":1}},"228":{"start":{"line":733,"column":1},"end":{"line":736,"column":3}},"229":{"start":{"line":739,"column":1},"end":{"line":739,"column":48}},"230":{"start":{"line":741,"column":1},"end":{"line":757,"column":3}},"231":{"start":{"line":745,"column":3},"end":{"line":745,"column":48}},"232":{"start":{"line":751,"column":11},"end":{"line":751,"column":24}},"233":{"start":{"line":752,"column":8},"end":{"line":752,"column":9}},"234":{"start":{"line":754,"column":3},"end":{"line":754,"column":40}},"235":{"start":{"line":755,"column":3},"end":{"line":755,"column":25}},"236":{"start":{"line":762,"column":15},"end":{"line":762,"column":47}},"237":{"start":{"line":765,"column":13},"end":{"line":765,"column":43}},"238":{"start":{"line":767,"column":1},"end":{"line":767,"column":25}},"239":{"start":{"line":770,"column":1},"end":{"line":774,"column":2}},"240":{"start":{"line":773,"column":2},"end":{"line":773,"column":17}},"241":{"start":{"line":777,"column":1},"end":{"line":887,"column":2}},"242":{"start":{"line":779,"column":2},"end":{"line":781,"column":3}},"243":{"start":{"line":780,"column":3},"end":{"line":780,"column":26}},"244":{"start":{"line":782,"column":2},"end":{"line":782,"column":32}},"245":{"start":{"line":784,"column":2},"end":{"line":886,"column":3}},"246":{"start":{"line":788,"column":3},"end":{"line":835,"column":4}},"247":{"start":{"line":791,"column":4},"end":{"line":834,"column":5}},"248":{"start":{"line":794,"column":5},"end":{"line":821,"column":6}},"249":{"start":{"line":795,"column":6},"end":{"line":806,"column":7}},"250":{"start":{"line":800,"column":7},"end":{"line":803,"column":8}},"251":{"start":{"line":801,"column":8},"end":{"line":801,"column":29}},"252":{"start":{"line":802,"column":8},"end":{"line":802,"column":23}},"253":{"start":{"line":805,"column":7},"end":{"line":805,"column":22}},"254":{"start":{"line":814,"column":6},"end":{"line":820,"column":7}},"255":{"start":{"line":818,"column":7},"end":{"line":818,"column":28}},"256":{"start":{"line":819,"column":7},"end":{"line":819,"column":22}},"257":{"start":{"line":824,"column":11},"end":{"line":834,"column":5}},"258":{"start":{"line":825,"column":5},"end":{"line":825,"column":69}},"259":{"start":{"line":826,"column":5},"end":{"line":826,"column":20}},"260":{"start":{"line":829,"column":11},"end":{"line":834,"column":5}},"261":{"start":{"line":832,"column":5},"end":{"line":832,"column":64}},"262":{"start":{"line":833,"column":5},"end":{"line":833,"column":20}},"263":{"start":{"line":838,"column":3},"end":{"line":885,"column":4}},"264":{"start":{"line":842,"column":4},"end":{"line":870,"column":5}},"265":{"start":{"line":843,"column":5},"end":{"line":843,"column":26}},"266":{"start":{"line":844,"column":5},"end":{"line":844,"column":28}},"267":{"start":{"line":850,"column":11},"end":{"line":870,"column":5}},"268":{"start":{"line":853,"column":5},"end":{"line":857,"column":6}},"269":{"start":{"line":854,"column":6},"end":{"line":854,"column":50}},"270":{"start":{"line":856,"column":6},"end":{"line":856,"column":52}},"271":{"start":{"line":860,"column":5},"end":{"line":860,"column":35}},"272":{"start":{"line":861,"column":5},"end":{"line":861,"column":23}},"273":{"start":{"line":862,"column":5},"end":{"line":864,"column":6}},"274":{"start":{"line":863,"column":6},"end":{"line":863,"column":60}},"275":{"start":{"line":865,"column":5},"end":{"line":865,"column":38}},"276":{"start":{"line":868,"column":5},"end":{"line":869,"column":14}},"277":{"start":{"line":872,"column":4},"end":{"line":884,"column":5}},"278":{"start":{"line":873,"column":5},"end":{"line":883,"column":6}},"279":{"start":{"line":874,"column":6},"end":{"line":876,"column":8}},"280":{"start":{"line":877,"column":6},"end":{"line":877,"column":21}},"281":{"start":{"line":880,"column":6},"end":{"line":882,"column":7}},"282":{"start":{"line":881,"column":7},"end":{"line":881,"column":39}},"283":{"start":{"line":890,"column":1},"end":{"line":890,"column":74}},"284":{"start":{"line":900,"column":12},"end":{"line":900,"column":14}},"285":{"start":{"line":904,"column":2},"end":{"line":907,"column":3}},"286":{"start":{"line":906,"column":3},"end":{"line":906,"column":32}},"287":{"start":{"line":908,"column":2},"end":{"line":908,"column":38}},"288":{"start":{"line":910,"column":1},"end":{"line":910,"column":14}},"289":{"start":{"line":918,"column":1},"end":{"line":918,"column":22}},"290":{"start":{"line":919,"column":1},"end":{"line":919,"column":11}},"291":{"start":{"line":927,"column":10},"end":{"line":927,"column":44}},"292":{"start":{"line":929,"column":1},"end":{"line":940,"column":2}},"293":{"start":{"line":930,"column":2},"end":{"line":930,"column":20}},"294":{"start":{"line":932,"column":2},"end":{"line":932,"column":15}},"295":{"start":{"line":935,"column":2},"end":{"line":937,"column":3}},"296":{"start":{"line":936,"column":3},"end":{"line":936,"column":35}},"297":{"start":{"line":939,"column":2},"end":{"line":939,"column":12}},"298":{"start":{"line":949,"column":11},"end":{"line":949,"column":27}},"299":{"start":{"line":950,"column":6},"end":{"line":950,"column":16}},"300":{"start":{"line":952,"column":1},"end":{"line":954,"column":2}},"301":{"start":{"line":953,"column":2},"end":{"line":953,"column":38}},"302":{"start":{"line":964,"column":11},"end":{"line":964,"column":17}},"303":{"start":{"line":965,"column":9},"end":{"line":966,"column":32}},"304":{"start":{"line":969,"column":1},"end":{"line":971,"column":2}},"305":{"start":{"line":970,"column":2},"end":{"line":970,"column":14}},"306":{"start":{"line":974,"column":1},"end":{"line":980,"column":2}},"307":{"start":{"line":975,"column":2},"end":{"line":979,"column":3}},"308":{"start":{"line":976,"column":3},"end":{"line":978,"column":4}},"309":{"start":{"line":977,"column":4},"end":{"line":977,"column":14}},"310":{"start":{"line":982,"column":1},"end":{"line":982,"column":19}},"311":{"start":{"line":990,"column":1},"end":{"line":993,"column":3}},"312":{"start":{"line":991,"column":13},"end":{"line":991,"column":40}},"313":{"start":{"line":992,"column":2},"end":{"line":992,"column":48}},"314":{"start":{"line":1001,"column":1},"end":{"line":1004,"column":3}},"315":{"start":{"line":1002,"column":13},"end":{"line":1002,"column":40}},"316":{"start":{"line":1003,"column":2},"end":{"line":1003,"column":71}},"317":{"start":{"line":1014,"column":1},"end":{"line":1060,"column":3}},"318":{"start":{"line":1019,"column":2},"end":{"line":1056,"column":3}},"319":{"start":{"line":1028,"column":3},"end":{"line":1047,"column":4}},"320":{"start":{"line":1031,"column":4},"end":{"line":1037,"column":5}},"321":{"start":{"line":1032,"column":5},"end":{"line":1036,"column":6}},"322":{"start":{"line":1033,"column":6},"end":{"line":1033,"column":51}},"323":{"start":{"line":1035,"column":6},"end":{"line":1035,"column":40}},"324":{"start":{"line":1041,"column":4},"end":{"line":1046,"column":44}},"325":{"start":{"line":1049,"column":3},"end":{"line":1049,"column":37}},"326":{"start":{"line":1054,"column":9},"end":{"line":1056,"column":3}},"327":{"start":{"line":1055,"column":3},"end":{"line":1055,"column":37}},"328":{"start":{"line":1059,"column":2},"end":{"line":1059,"column":15}},"329":{"start":{"line":1068,"column":1},"end":{"line":1082,"column":4}},"330":{"start":{"line":1069,"column":2},"end":{"line":1069,"column":23}},"331":{"start":{"line":1070,"column":2},"end":{"line":1081,"column":5}},"332":{"start":{"line":1072,"column":19},"end":{"line":1072,"column":50}},"333":{"start":{"line":1073,"column":8},"end":{"line":1073,"column":27}},"334":{"start":{"line":1076,"column":3},"end":{"line":1080,"column":4}},"335":{"start":{"line":1077,"column":4},"end":{"line":1079,"column":5}},"336":{"start":{"line":1078,"column":5},"end":{"line":1078,"column":39}},"337":{"start":{"line":1091,"column":1},"end":{"line":1091,"column":82}},"338":{"start":{"line":1095,"column":0},"end":{"line":1095,"column":30}},"339":{"start":{"line":1102,"column":0},"end":{"line":1107,"column":2}},"340":{"start":{"line":1105,"column":23},"end":{"line":1105,"column":75}},"341":{"start":{"line":1106,"column":1},"end":{"line":1106,"column":70}},"342":{"start":{"line":1114,"column":0},"end":{"line":1516,"column":2}},"343":{"start":{"line":1116,"column":8},"end":{"line":1116,"column":56}},"344":{"start":{"line":1119,"column":1},"end":{"line":1121,"column":2}},"345":{"start":{"line":1120,"column":2},"end":{"line":1120,"column":18}},"346":{"start":{"line":1124,"column":1},"end":{"line":1124,"column":16}},"347":{"start":{"line":1125,"column":1},"end":{"line":1125,"column":36}},"348":{"start":{"line":1126,"column":1},"end":{"line":1126,"column":37}},"349":{"start":{"line":1130,"column":1},"end":{"line":1141,"column":2}},"350":{"start":{"line":1134,"column":2},"end":{"line":1140,"column":3}},"351":{"start":{"line":1135,"column":3},"end":{"line":1135,"column":64}},"352":{"start":{"line":1138,"column":9},"end":{"line":1140,"column":3}},"353":{"start":{"line":1139,"column":3},"end":{"line":1139,"column":54}},"354":{"start":{"line":1149,"column":1},"end":{"line":1152,"column":4}},"355":{"start":{"line":1150,"column":2},"end":{"line":1150,"column":21}},"356":{"start":{"line":1151,"column":2},"end":{"line":1151,"column":39}},"357":{"start":{"line":1158,"column":1},"end":{"line":1161,"column":4}},"358":{"start":{"line":1159,"column":2},"end":{"line":1159,"column":47}},"359":{"start":{"line":1160,"column":2},"end":{"line":1160,"column":46}},"360":{"start":{"line":1164,"column":1},"end":{"line":1164,"column":82}},"361":{"start":{"line":1170,"column":1},"end":{"line":1173,"column":4}},"362":{"start":{"line":1171,"column":2},"end":{"line":1171,"column":41}},"363":{"start":{"line":1172,"column":2},"end":{"line":1172,"column":86}},"364":{"start":{"line":1176,"column":1},"end":{"line":1228,"column":2}},"365":{"start":{"line":1177,"column":2},"end":{"line":1182,"column":4}},"366":{"start":{"line":1178,"column":16},"end":{"line":1178,"column":50}},"367":{"start":{"line":1179,"column":3},"end":{"line":1181,"column":5}},"368":{"start":{"line":1180,"column":4},"end":{"line":1180,"column":46}},"369":{"start":{"line":1183,"column":2},"end":{"line":1188,"column":4}},"370":{"start":{"line":1184,"column":3},"end":{"line":1187,"column":4}},"371":{"start":{"line":1185,"column":15},"end":{"line":1185,"column":43}},"372":{"start":{"line":1186,"column":4},"end":{"line":1186,"column":32}},"373":{"start":{"line":1190,"column":2},"end":{"line":1197,"column":4}},"374":{"start":{"line":1191,"column":16},"end":{"line":1191,"column":50}},"375":{"start":{"line":1192,"column":3},"end":{"line":1196,"column":5}},"376":{"start":{"line":1193,"column":15},"end":{"line":1194,"column":32}},"377":{"start":{"line":1195,"column":4},"end":{"line":1195,"column":41}},"378":{"start":{"line":1201,"column":2},"end":{"line":1227,"column":4}},"379":{"start":{"line":1202,"column":3},"end":{"line":1226,"column":4}},"380":{"start":{"line":1204,"column":12},"end":{"line":1204,"column":40}},"381":{"start":{"line":1206,"column":4},"end":{"line":1223,"column":5}},"382":{"start":{"line":1209,"column":5},"end":{"line":1209,"column":40}},"383":{"start":{"line":1210,"column":5},"end":{"line":1212,"column":6}},"384":{"start":{"line":1211,"column":6},"end":{"line":1211,"column":22}},"385":{"start":{"line":1215,"column":5},"end":{"line":1215,"column":45}},"386":{"start":{"line":1216,"column":5},"end":{"line":1216,"column":11}},"387":{"start":{"line":1217,"column":5},"end":{"line":1222,"column":6}},"388":{"start":{"line":1218,"column":6},"end":{"line":1218,"column":41}},"389":{"start":{"line":1219,"column":6},"end":{"line":1221,"column":7}},"390":{"start":{"line":1220,"column":7},"end":{"line":1220,"column":23}},"391":{"start":{"line":1225,"column":4},"end":{"line":1225,"column":14}},"392":{"start":{"line":1231,"column":1},"end":{"line":1260,"column":4}},"393":{"start":{"line":1233,"column":3},"end":{"line":1239,"column":4}},"394":{"start":{"line":1234,"column":4},"end":{"line":1234,"column":47}},"395":{"start":{"line":1237,"column":10},"end":{"line":1239,"column":4}},"396":{"start":{"line":1238,"column":4},"end":{"line":1238,"column":43}},"397":{"start":{"line":1244,"column":10},"end":{"line":1244,"column":12}},"398":{"start":{"line":1245,"column":8},"end":{"line":1245,"column":9}},"399":{"start":{"line":1247,"column":14},"end":{"line":1247,"column":49}},"400":{"start":{"line":1250,"column":3},"end":{"line":1258,"column":4}},"401":{"start":{"line":1251,"column":4},"end":{"line":1255,"column":5}},"402":{"start":{"line":1252,"column":5},"end":{"line":1254,"column":6}},"403":{"start":{"line":1253,"column":6},"end":{"line":1253,"column":23}},"404":{"start":{"line":1257,"column":4},"end":{"line":1257,"column":15}},"405":{"start":{"line":1259,"column":3},"end":{"line":1259,"column":18}},"406":{"start":{"line":1263,"column":1},"end":{"line":1267,"column":3}},"407":{"start":{"line":1264,"column":2},"end":{"line":1266,"column":3}},"408":{"start":{"line":1265,"column":3},"end":{"line":1265,"column":54}},"409":{"start":{"line":1275,"column":1},"end":{"line":1275,"column":20}},"410":{"start":{"line":1282,"column":1},"end":{"line":1282,"column":16}},"411":{"start":{"line":1284,"column":1},"end":{"line":1364,"column":2}},"412":{"start":{"line":1287,"column":2},"end":{"line":1329,"column":5}},"413":{"start":{"line":1293,"column":3},"end":{"line":1295,"column":45}},"414":{"start":{"line":1301,"column":3},"end":{"line":1303,"column":4}},"415":{"start":{"line":1302,"column":4},"end":{"line":1302,"column":61}},"416":{"start":{"line":1307,"column":3},"end":{"line":1309,"column":4}},"417":{"start":{"line":1308,"column":4},"end":{"line":1308,"column":73}},"418":{"start":{"line":1312,"column":3},"end":{"line":1314,"column":4}},"419":{"start":{"line":1313,"column":4},"end":{"line":1313,"column":25}},"420":{"start":{"line":1319,"column":3},"end":{"line":1321,"column":4}},"421":{"start":{"line":1320,"column":4},"end":{"line":1320,"column":31}},"422":{"start":{"line":1326,"column":3},"end":{"line":1328,"column":4}},"423":{"start":{"line":1327,"column":4},"end":{"line":1327,"column":31}},"424":{"start":{"line":1331,"column":2},"end":{"line":1363,"column":5}},"425":{"start":{"line":1332,"column":3},"end":{"line":1333,"column":53}},"426":{"start":{"line":1337,"column":15},"end":{"line":1337,"column":46}},"427":{"start":{"line":1338,"column":3},"end":{"line":1338,"column":42}},"428":{"start":{"line":1339,"column":3},"end":{"line":1339,"column":55}},"429":{"start":{"line":1343,"column":3},"end":{"line":1345,"column":4}},"430":{"start":{"line":1344,"column":4},"end":{"line":1344,"column":58}},"431":{"start":{"line":1349,"column":3},"end":{"line":1351,"column":4}},"432":{"start":{"line":1350,"column":4},"end":{"line":1350,"column":46}},"433":{"start":{"line":1355,"column":3},"end":{"line":1355,"column":45}},"434":{"start":{"line":1356,"column":3},"end":{"line":1358,"column":4}},"435":{"start":{"line":1357,"column":4},"end":{"line":1357,"column":46}},"436":{"start":{"line":1361,"column":3},"end":{"line":1361,"column":31}},"437":{"start":{"line":1362,"column":3},"end":{"line":1362,"column":26}},"438":{"start":{"line":1366,"column":1},"end":{"line":1382,"column":2}},"439":{"start":{"line":1372,"column":2},"end":{"line":1381,"column":5}},"440":{"start":{"line":1375,"column":3},"end":{"line":1375,"column":55}},"441":{"start":{"line":1379,"column":3},"end":{"line":1379,"column":35}},"442":{"start":{"line":1380,"column":3},"end":{"line":1380,"column":39}},"443":{"start":{"line":1384,"column":1},"end":{"line":1384,"column":67}},"444":{"start":{"line":1385,"column":1},"end":{"line":1385,"column":79}},"445":{"start":{"line":1389,"column":1},"end":{"line":1389,"column":62}},"446":{"start":{"line":1394,"column":1},"end":{"line":1413,"column":4}},"447":{"start":{"line":1396,"column":15},"end":{"line":1396,"column":55}},"448":{"start":{"line":1397,"column":10},"end":{"line":1397,"column":27}},"449":{"start":{"line":1398,"column":3},"end":{"line":1402,"column":6}},"450":{"start":{"line":1405,"column":3},"end":{"line":1411,"column":4}},"451":{"start":{"line":1406,"column":4},"end":{"line":1410,"column":5}},"452":{"start":{"line":1407,"column":5},"end":{"line":1409,"column":6}},"453":{"start":{"line":1408,"column":6},"end":{"line":1408,"column":18}},"454":{"start":{"line":1412,"column":3},"end":{"line":1412,"column":16}},"455":{"start":{"line":1419,"column":1},"end":{"line":1513,"column":3}},"456":{"start":{"line":1423,"column":2},"end":{"line":1426,"column":3}},"457":{"start":{"line":1424,"column":3},"end":{"line":1424,"column":23}},"458":{"start":{"line":1425,"column":3},"end":{"line":1425,"column":12}},"459":{"start":{"line":1429,"column":16},"end":{"line":1429,"column":71}},"460":{"start":{"line":1430,"column":2},"end":{"line":1432,"column":3}},"461":{"start":{"line":1431,"column":3},"end":{"line":1431,"column":18}},"462":{"start":{"line":1435,"column":2},"end":{"line":1439,"column":5}},"463":{"start":{"line":1442,"column":2},"end":{"line":1457,"column":3}},"464":{"start":{"line":1446,"column":3},"end":{"line":1448,"column":4}},"465":{"start":{"line":1447,"column":4},"end":{"line":1447,"column":14}},"466":{"start":{"line":1449,"column":3},"end":{"line":1451,"column":4}},"467":{"start":{"line":1450,"column":4},"end":{"line":1450,"column":13}},"468":{"start":{"line":1454,"column":3},"end":{"line":1456,"column":6}},"469":{"start":{"line":1459,"column":2},"end":{"line":1459,"column":30}},"470":{"start":{"line":1463,"column":2},"end":{"line":1466,"column":3}},"471":{"start":{"line":1464,"column":3},"end":{"line":1464,"column":23}},"472":{"start":{"line":1465,"column":3},"end":{"line":1465,"column":12}},"473":{"start":{"line":1469,"column":7},"end":{"line":1469,"column":8}},"474":{"start":{"line":1470,"column":9},"end":{"line":1470,"column":21}},"475":{"start":{"line":1471,"column":9},"end":{"line":1471,"column":21}},"476":{"start":{"line":1472,"column":8},"end":{"line":1472,"column":13}},"477":{"start":{"line":1473,"column":8},"end":{"line":1473,"column":13}},"478":{"start":{"line":1476,"column":2},"end":{"line":1488,"column":3}},"479":{"start":{"line":1477,"column":3},"end":{"line":1483,"column":6}},"480":{"start":{"line":1486,"column":9},"end":{"line":1488,"column":3}},"481":{"start":{"line":1487,"column":3},"end":{"line":1487,"column":31}},"482":{"start":{"line":1491,"column":2},"end":{"line":1491,"column":10}},"483":{"start":{"line":1492,"column":2},"end":{"line":1494,"column":3}},"484":{"start":{"line":1493,"column":3},"end":{"line":1493,"column":21}},"485":{"start":{"line":1495,"column":2},"end":{"line":1495,"column":10}},"486":{"start":{"line":1496,"column":2},"end":{"line":1498,"column":3}},"487":{"start":{"line":1497,"column":3},"end":{"line":1497,"column":21}},"488":{"start":{"line":1501,"column":2},"end":{"line":1503,"column":3}},"489":{"start":{"line":1502,"column":3},"end":{"line":1502,"column":7}},"490":{"start":{"line":1505,"column":2},"end":{"line":1512,"column":5}},"491":{"start":{"line":1515,"column":1},"end":{"line":1515,"column":17}},"492":{"start":{"line":1518,"column":0},"end":{"line":1520,"column":2}},"493":{"start":{"line":1519,"column":1},"end":{"line":1519,"column":45}},"494":{"start":{"line":1522,"column":0},"end":{"line":1550,"column":2}},"495":{"start":{"line":1524,"column":1},"end":{"line":1526,"column":2}},"496":{"start":{"line":1525,"column":2},"end":{"line":1525,"column":22}},"497":{"start":{"line":1529,"column":1},"end":{"line":1529,"column":51}},"498":{"start":{"line":1531,"column":1},"end":{"line":1547,"column":2}},"499":{"start":{"line":1536,"column":2},"end":{"line":1546,"column":16}},"500":{"start":{"line":1537,"column":13},"end":{"line":1537,"column":39}},"501":{"start":{"line":1540,"column":3},"end":{"line":1545,"column":4}},"502":{"start":{"line":1544,"column":4},"end":{"line":1544,"column":15}},"503":{"start":{"line":1549,"column":1},"end":{"line":1549,"column":60}},"504":{"start":{"line":1552,"column":0},"end":{"line":1558,"column":2}},"505":{"start":{"line":1554,"column":1},"end":{"line":1556,"column":2}},"506":{"start":{"line":1555,"column":2},"end":{"line":1555,"column":25}},"507":{"start":{"line":1557,"column":1},"end":{"line":1557,"column":34}},"508":{"start":{"line":1560,"column":0},"end":{"line":1579,"column":2}},"509":{"start":{"line":1562,"column":1},"end":{"line":1564,"column":2}},"510":{"start":{"line":1563,"column":2},"end":{"line":1563,"column":22}},"511":{"start":{"line":1566,"column":10},"end":{"line":1566,"column":47}},"512":{"start":{"line":1568,"column":8},"end":{"line":1570,"column":12}},"513":{"start":{"line":1572,"column":1},"end":{"line":1578,"column":9}},"514":{"start":{"line":1581,"column":0},"end":{"line":1583,"column":2}},"515":{"start":{"line":1582,"column":1},"end":{"line":1582,"column":53}},"516":{"start":{"line":1585,"column":0},"end":{"line":1587,"column":2}},"517":{"start":{"line":1586,"column":1},"end":{"line":1586,"column":68}},"518":{"start":{"line":1593,"column":0},"end":{"line":1620,"column":2}},"519":{"start":{"line":1595,"column":15},"end":{"line":1595,"column":17}},"520":{"start":{"line":1596,"column":6},"end":{"line":1596,"column":7}},"521":{"start":{"line":1597,"column":6},"end":{"line":1597,"column":7}},"522":{"start":{"line":1600,"column":1},"end":{"line":1600,"column":42}},"523":{"start":{"line":1601,"column":1},"end":{"line":1601,"column":55}},"524":{"start":{"line":1602,"column":1},"end":{"line":1602,"column":27}},"525":{"start":{"line":1604,"column":1},"end":{"line":1613,"column":2}},"526":{"start":{"line":1605,"column":2},"end":{"line":1609,"column":3}},"527":{"start":{"line":1606,"column":3},"end":{"line":1608,"column":4}},"528":{"start":{"line":1607,"column":4},"end":{"line":1607,"column":29}},"529":{"start":{"line":1610,"column":2},"end":{"line":1612,"column":3}},"530":{"start":{"line":1611,"column":3},"end":{"line":1611,"column":40}},"531":{"start":{"line":1617,"column":1},"end":{"line":1617,"column":18}},"532":{"start":{"line":1619,"column":1},"end":{"line":1619,"column":16}},"533":{"start":{"line":1626,"column":0},"end":{"line":1655,"column":2}},"534":{"start":{"line":1628,"column":8},"end":{"line":1628,"column":10}},"535":{"start":{"line":1629,"column":6},"end":{"line":1629,"column":7}},"536":{"start":{"line":1630,"column":13},"end":{"line":1630,"column":26}},"537":{"start":{"line":1632,"column":1},"end":{"line":1651,"column":2}},"538":{"start":{"line":1634,"column":2},"end":{"line":1637,"column":3}},"539":{"start":{"line":1636,"column":3},"end":{"line":1636,"column":26}},"540":{"start":{"line":1638,"column":8},"end":{"line":1651,"column":2}},"541":{"start":{"line":1641,"column":2},"end":{"line":1648,"column":3}},"542":{"start":{"line":1642,"column":3},"end":{"line":1642,"column":27}},"543":{"start":{"line":1645,"column":3},"end":{"line":1647,"column":4}},"544":{"start":{"line":1646,"column":4},"end":{"line":1646,"column":27}},"545":{"start":{"line":1649,"column":8},"end":{"line":1651,"column":2}},"546":{"start":{"line":1650,"column":2},"end":{"line":1650,"column":24}},"547":{"start":{"line":1654,"column":1},"end":{"line":1654,"column":12}},"548":{"start":{"line":1657,"column":0},"end":{"line":2159,"column":2}},"549":{"start":{"line":1679,"column":3},"end":{"line":1679,"column":55}},"550":{"start":{"line":1682,"column":3},"end":{"line":1682,"column":89}},"551":{"start":{"line":1684,"column":3},"end":{"line":1686,"column":4}},"552":{"start":{"line":1685,"column":4},"end":{"line":1685,"column":36}},"553":{"start":{"line":1688,"column":3},"end":{"line":1688,"column":30}},"554":{"start":{"line":1702,"column":3},"end":{"line":1702,"column":37}},"555":{"start":{"line":1704,"column":3},"end":{"line":1718,"column":4}},"556":{"start":{"line":1706,"column":4},"end":{"line":1708,"column":5}},"557":{"start":{"line":1707,"column":5},"end":{"line":1707,"column":30}},"558":{"start":{"line":1712,"column":4},"end":{"line":1712,"column":110}},"559":{"start":{"line":1713,"column":4},"end":{"line":1713,"column":66}},"560":{"start":{"line":1716,"column":10},"end":{"line":1718,"column":4}},"561":{"start":{"line":1717,"column":4},"end":{"line":1717,"column":29}},"562":{"start":{"line":1720,"column":3},"end":{"line":1720,"column":16}},"563":{"start":{"line":1725,"column":15},"end":{"line":1725,"column":36}},"564":{"start":{"line":1727,"column":3},"end":{"line":1729,"column":4}},"565":{"start":{"line":1728,"column":4},"end":{"line":1728,"column":16}},"566":{"start":{"line":1732,"column":3},"end":{"line":1745,"column":4}},"567":{"start":{"line":1733,"column":4},"end":{"line":1733,"column":42}},"568":{"start":{"line":1736,"column":10},"end":{"line":1745,"column":4}},"569":{"start":{"line":1743,"column":4},"end":{"line":1743,"column":43}},"570":{"start":{"line":1744,"column":4},"end":{"line":1744,"column":43}},"571":{"start":{"line":1748,"column":3},"end":{"line":1748,"column":30}},"572":{"start":{"line":1755,"column":18},"end":{"line":1755,"column":80}},"573":{"start":{"line":1756,"column":3},"end":{"line":1760,"column":6}},"574":{"start":{"line":1757,"column":17},"end":{"line":1757,"column":29}},"575":{"start":{"line":1759,"column":5},"end":{"line":1759,"column":70}},"576":{"start":{"line":1764,"column":17},"end":{"line":1764,"column":46}},"577":{"start":{"line":1766,"column":3},"end":{"line":1770,"column":7}},"578":{"start":{"line":1769,"column":5},"end":{"line":1769,"column":161}},"579":{"start":{"line":1774,"column":3},"end":{"line":1794,"column":5}},"580":{"start":{"line":1775,"column":17},"end":{"line":1775,"column":42}},"581":{"start":{"line":1777,"column":4},"end":{"line":1779,"column":5}},"582":{"start":{"line":1778,"column":5},"end":{"line":1778,"column":30}},"583":{"start":{"line":1780,"column":4},"end":{"line":1782,"column":5}},"584":{"start":{"line":1781,"column":5},"end":{"line":1781,"column":17}},"585":{"start":{"line":1784,"column":4},"end":{"line":1784,"column":17}},"586":{"start":{"line":1786,"column":4},"end":{"line":1793,"column":11}},"587":{"start":{"line":1798,"column":16},"end":{"line":1798,"column":44}},"588":{"start":{"line":1799,"column":14},"end":{"line":1799,"column":41}},"589":{"start":{"line":1800,"column":13},"end":{"line":1800,"column":31}},"590":{"start":{"line":1802,"column":3},"end":{"line":1923,"column":6}},"591":{"start":{"line":1806,"column":5},"end":{"line":1806,"column":30}},"592":{"start":{"line":1811,"column":12},"end":{"line":1811,"column":66}},"593":{"start":{"line":1812,"column":15},"end":{"line":1812,"column":30}},"594":{"start":{"line":1813,"column":13},"end":{"line":1813,"column":50}},"595":{"start":{"line":1814,"column":17},"end":{"line":1814,"column":32}},"596":{"start":{"line":1815,"column":13},"end":{"line":1815,"column":18}},"597":{"start":{"line":1817,"column":5},"end":{"line":1922,"column":6}},"598":{"start":{"line":1820,"column":6},"end":{"line":1835,"column":7}},"599":{"start":{"line":1821,"column":7},"end":{"line":1833,"column":8}},"600":{"start":{"line":1822,"column":8},"end":{"line":1822,"column":20}},"601":{"start":{"line":1823,"column":8},"end":{"line":1830,"column":9}},"602":{"start":{"line":1824,"column":9},"end":{"line":1829,"column":10}},"603":{"start":{"line":1828,"column":10},"end":{"line":1828,"column":23}},"604":{"start":{"line":1832,"column":8},"end":{"line":1832,"column":65}},"605":{"start":{"line":1834,"column":7},"end":{"line":1834,"column":19}},"606":{"start":{"line":1837,"column":6},"end":{"line":1837,"column":65}},"607":{"start":{"line":1840,"column":6},"end":{"line":1917,"column":7}},"608":{"start":{"line":1845,"column":7},"end":{"line":1845,"column":21}},"609":{"start":{"line":1846,"column":7},"end":{"line":1846,"column":62}},"610":{"start":{"line":1850,"column":7},"end":{"line":1851,"column":43}},"611":{"start":{"line":1853,"column":7},"end":{"line":1853,"column":41}},"612":{"start":{"line":1854,"column":7},"end":{"line":1854,"column":56}},"613":{"start":{"line":1855,"column":7},"end":{"line":1855,"column":38}},"614":{"start":{"line":1856,"column":7},"end":{"line":1856,"column":58}},"615":{"start":{"line":1858,"column":7},"end":{"line":1868,"column":8}},"616":{"start":{"line":1864,"column":8},"end":{"line":1867,"column":9}},"617":{"start":{"line":1865,"column":9},"end":{"line":1865,"column":60}},"618":{"start":{"line":1866,"column":9},"end":{"line":1866,"column":15}},"619":{"start":{"line":1872,"column":7},"end":{"line":1885,"column":8}},"620":{"start":{"line":1874,"column":8},"end":{"line":1874,"column":20}},"621":{"start":{"line":1875,"column":8},"end":{"line":1875,"column":63}},"622":{"start":{"line":1879,"column":8},"end":{"line":1880,"column":44}},"623":{"start":{"line":1882,"column":8},"end":{"line":1882,"column":42}},"624":{"start":{"line":1883,"column":8},"end":{"line":1883,"column":57}},"625":{"start":{"line":1884,"column":8},"end":{"line":1884,"column":25}},"626":{"start":{"line":1889,"column":7},"end":{"line":1916,"column":8}},"627":{"start":{"line":1891,"column":8},"end":{"line":1915,"column":9}},"628":{"start":{"line":1894,"column":9},"end":{"line":1914,"column":10}},"629":{"start":{"line":1900,"column":10},"end":{"line":1909,"column":11}},"630":{"start":{"line":1901,"column":11},"end":{"line":1901,"column":66}},"631":{"start":{"line":1905,"column":11},"end":{"line":1906,"column":47}},"632":{"start":{"line":1908,"column":11},"end":{"line":1908,"column":51}},"633":{"start":{"line":1911,"column":10},"end":{"line":1913,"column":11}},"634":{"start":{"line":1912,"column":11},"end":{"line":1912,"column":17}},"635":{"start":{"line":1920,"column":6},"end":{"line":1920,"column":19}},"636":{"start":{"line":1921,"column":6},"end":{"line":1921,"column":75}},"637":{"start":{"line":1932,"column":9},"end":{"line":1933,"column":52}},"638":{"start":{"line":1938,"column":3},"end":{"line":1940,"column":4}},"639":{"start":{"line":1939,"column":4},"end":{"line":1939,"column":26}},"640":{"start":{"line":1943,"column":3},"end":{"line":1958,"column":4}},"641":{"start":{"line":1944,"column":4},"end":{"line":1944,"column":44}},"642":{"start":{"line":1945,"column":4},"end":{"line":1957,"column":7}},"643":{"start":{"line":1948,"column":17},"end":{"line":1948,"column":37}},"644":{"start":{"line":1949,"column":11},"end":{"line":1949,"column":25}},"645":{"start":{"line":1950,"column":6},"end":{"line":1953,"column":7}},"646":{"start":{"line":1951,"column":7},"end":{"line":1951,"column":41}},"647":{"start":{"line":1952,"column":7},"end":{"line":1952,"column":54}},"648":{"start":{"line":1956,"column":6},"end":{"line":1956,"column":33}},"649":{"start":{"line":1960,"column":3},"end":{"line":1960,"column":13}},"650":{"start":{"line":1970,"column":15},"end":{"line":1970,"column":17}},"651":{"start":{"line":1971,"column":14},"end":{"line":1971,"column":16}},"652":{"start":{"line":1972,"column":14},"end":{"line":1972,"column":56}},"653":{"start":{"line":1974,"column":3},"end":{"line":1993,"column":6}},"654":{"start":{"line":1977,"column":18},"end":{"line":1977,"column":48}},"655":{"start":{"line":1978,"column":10},"end":{"line":1978,"column":21}},"656":{"start":{"line":1981,"column":5},"end":{"line":1985,"column":6}},"657":{"start":{"line":1982,"column":6},"end":{"line":1984,"column":7}},"658":{"start":{"line":1983,"column":7},"end":{"line":1983,"column":38}},"659":{"start":{"line":1988,"column":5},"end":{"line":1988,"column":21}},"660":{"start":{"line":1989,"column":5},"end":{"line":1989,"column":42}},"661":{"start":{"line":1991,"column":5},"end":{"line":1991,"column":21}},"662":{"start":{"line":1992,"column":5},"end":{"line":1992,"column":27}},"663":{"start":{"line":1997,"column":3},"end":{"line":1999,"column":5}},"664":{"start":{"line":1998,"column":4},"end":{"line":1998,"column":47}},"665":{"start":{"line":2003,"column":3},"end":{"line":2003,"column":47}},"666":{"start":{"line":2004,"column":3},"end":{"line":2006,"column":5}},"667":{"start":{"line":2005,"column":4},"end":{"line":2005,"column":90}},"668":{"start":{"line":2018,"column":3},"end":{"line":2020,"column":4}},"669":{"start":{"line":2019,"column":4},"end":{"line":2019,"column":48}},"670":{"start":{"line":2021,"column":3},"end":{"line":2021,"column":61}},"671":{"start":{"line":2022,"column":3},"end":{"line":2034,"column":5}},"672":{"start":{"line":2024,"column":4},"end":{"line":2032,"column":64}},"673":{"start":{"line":2025,"column":5},"end":{"line":2031,"column":6}},"674":{"start":{"line":2029,"column":6},"end":{"line":2029,"column":40}},"675":{"start":{"line":2030,"column":6},"end":{"line":2030,"column":71}},"676":{"start":{"line":2033,"column":4},"end":{"line":2033,"column":17}},"677":{"start":{"line":2039,"column":14},"end":{"line":2039,"column":53}},"678":{"start":{"line":2040,"column":3},"end":{"line":2040,"column":46}},"679":{"start":{"line":2044,"column":3},"end":{"line":2044,"column":27}},"680":{"start":{"line":2048,"column":3},"end":{"line":2048,"column":137}},"681":{"start":{"line":2058,"column":18},"end":{"line":2058,"column":45}},"682":{"start":{"line":2059,"column":3},"end":{"line":2059,"column":97}},"683":{"start":{"line":2065,"column":3},"end":{"line":2067,"column":4}},"684":{"start":{"line":2066,"column":4},"end":{"line":2066,"column":34}},"685":{"start":{"line":2069,"column":3},"end":{"line":2069,"column":33}},"686":{"start":{"line":2078,"column":3},"end":{"line":2082,"column":4}},"687":{"start":{"line":2079,"column":4},"end":{"line":2081,"column":5}},"688":{"start":{"line":2080,"column":5},"end":{"line":2080,"column":18}},"689":{"start":{"line":2083,"column":3},"end":{"line":2083,"column":15}},"690":{"start":{"line":2087,"column":3},"end":{"line":2087,"column":41}},"691":{"start":{"line":2092,"column":3},"end":{"line":2092,"column":40}},"692":{"start":{"line":2096,"column":3},"end":{"line":2096,"column":40}},"693":{"start":{"line":2100,"column":14},"end":{"line":2100,"column":41}},"694":{"start":{"line":2101,"column":3},"end":{"line":2101,"column":74}},"695":{"start":{"line":2106,"column":3},"end":{"line":2111,"column":84}},"696":{"start":{"line":2116,"column":3},"end":{"line":2116,"column":16}},"697":{"start":{"line":2120,"column":3},"end":{"line":2120,"column":25}},"698":{"start":{"line":2124,"column":3},"end":{"line":2124,"column":58}},"699":{"start":{"line":2128,"column":11},"end":{"line":2128,"column":12}},"700":{"start":{"line":2129,"column":3},"end":{"line":2131,"column":4}},"701":{"start":{"line":2130,"column":4},"end":{"line":2130,"column":27}},"702":{"start":{"line":2132,"column":3},"end":{"line":2132,"column":23}},"703":{"start":{"line":2136,"column":11},"end":{"line":2136,"column":12}},"704":{"start":{"line":2137,"column":3},"end":{"line":2139,"column":4}},"705":{"start":{"line":2138,"column":4},"end":{"line":2138,"column":27}},"706":{"start":{"line":2140,"column":3},"end":{"line":2140,"column":23}},"707":{"start":{"line":2144,"column":11},"end":{"line":2144,"column":54}},"708":{"start":{"line":2145,"column":3},"end":{"line":2147,"column":4}},"709":{"start":{"line":2146,"column":4},"end":{"line":2146,"column":27}},"710":{"start":{"line":2148,"column":3},"end":{"line":2148,"column":23}},"711":{"start":{"line":2152,"column":11},"end":{"line":2152,"column":54}},"712":{"start":{"line":2153,"column":3},"end":{"line":2155,"column":4}},"713":{"start":{"line":2154,"column":4},"end":{"line":2154,"column":27}},"714":{"start":{"line":2156,"column":3},"end":{"line":2156,"column":23}},"715":{"start":{"line":2161,"column":0},"end":{"line":2161,"column":41}},"716":{"start":{"line":2164,"column":0},"end":{"line":2166,"column":1}},"717":{"start":{"line":2165,"column":1},"end":{"line":2165,"column":44}},"718":{"start":{"line":2167,"column":0},"end":{"line":2169,"column":1}},"719":{"start":{"line":2168,"column":1},"end":{"line":2168,"column":45}},"720":{"start":{"line":2173,"column":0},"end":{"line":2173,"column":51}},"721":{"start":{"line":2174,"column":0},"end":{"line":2174,"column":35}},"722":{"start":{"line":2176,"column":0},"end":{"line":2241,"column":2}},"723":{"start":{"line":2179,"column":11},"end":{"line":2179,"column":39}},"724":{"start":{"line":2181,"column":1},"end":{"line":2183,"column":2}},"725":{"start":{"line":2182,"column":2},"end":{"line":2182,"column":43}},"726":{"start":{"line":2185,"column":1},"end":{"line":2185,"column":18}},"727":{"start":{"line":2186,"column":1},"end":{"line":2186,"column":13}},"728":{"start":{"line":2187,"column":1},"end":{"line":2187,"column":29}},"729":{"start":{"line":2189,"column":1},"end":{"line":2230,"column":2}},"730":{"start":{"line":2192,"column":2},"end":{"line":2198,"column":3}},"731":{"start":{"line":2193,"column":3},"end":{"line":2196,"column":4}},"732":{"start":{"line":2195,"column":4},"end":{"line":2195,"column":52}},"733":{"start":{"line":2197,"column":3},"end":{"line":2197,"column":32}},"734":{"start":{"line":2200,"column":2},"end":{"line":2200,"column":18}},"735":{"start":{"line":2203,"column":2},"end":{"line":2211,"column":3}},"736":{"start":{"line":2204,"column":3},"end":{"line":2204,"column":27}},"737":{"start":{"line":2205,"column":3},"end":{"line":2209,"column":6}},"738":{"start":{"line":2210,"column":3},"end":{"line":2210,"column":41}},"739":{"start":{"line":2214,"column":2},"end":{"line":2225,"column":3}},"740":{"start":{"line":2215,"column":3},"end":{"line":2224,"column":4}},"741":{"start":{"line":2217,"column":4},"end":{"line":2217,"column":28}},"742":{"start":{"line":2218,"column":4},"end":{"line":2222,"column":7}},"743":{"start":{"line":2223,"column":4},"end":{"line":2223,"column":42}},"744":{"start":{"line":2227,"column":2},"end":{"line":2229,"column":3}},"745":{"start":{"line":2228,"column":3},"end":{"line":2228,"column":9}},"746":{"start":{"line":2235,"column":1},"end":{"line":2240,"column":45}},"747":{"start":{"line":2244,"column":9},"end":{"line":2244,"column":10}},"748":{"start":{"line":2245,"column":8},"end":{"line":2245,"column":21}},"749":{"start":{"line":2246,"column":13},"end":{"line":2246,"column":15}},"750":{"start":{"line":2247,"column":1},"end":{"line":2249,"column":2}},"751":{"start":{"line":2248,"column":2},"end":{"line":2248,"column":30}},"752":{"start":{"line":2250,"column":1},"end":{"line":2250,"column":17}},"753":{"start":{"line":2254,"column":11},"end":{"line":2254,"column":25}},"754":{"start":{"line":2255,"column":9},"end":{"line":2255,"column":24}},"755":{"start":{"line":2256,"column":8},"end":{"line":2256,"column":19}},"756":{"start":{"line":2257,"column":21},"end":{"line":2257,"column":49}},"757":{"start":{"line":2258,"column":13},"end":{"line":2258,"column":19}},"758":{"start":{"line":2260,"column":1},"end":{"line":2314,"column":4}},"759":{"start":{"line":2263,"column":3},"end":{"line":2267,"column":4}},"760":{"start":{"line":2264,"column":4},"end":{"line":2266,"column":5}},"761":{"start":{"line":2265,"column":5},"end":{"line":2265,"column":42}},"762":{"start":{"line":2268,"column":3},"end":{"line":2268,"column":16}},"763":{"start":{"line":2274,"column":15},"end":{"line":2274,"column":36}},"764":{"start":{"line":2277,"column":3},"end":{"line":2312,"column":4}},"765":{"start":{"line":2278,"column":4},"end":{"line":2284,"column":5}},"766":{"start":{"line":2279,"column":5},"end":{"line":2283,"column":6}},"767":{"start":{"line":2280,"column":6},"end":{"line":2282,"column":7}},"768":{"start":{"line":2281,"column":7},"end":{"line":2281,"column":19}},"769":{"start":{"line":2286,"column":4},"end":{"line":2311,"column":5}},"770":{"start":{"line":2287,"column":5},"end":{"line":2310,"column":6}},"771":{"start":{"line":2288,"column":6},"end":{"line":2288,"column":61}},"772":{"start":{"line":2292,"column":6},"end":{"line":2292,"column":86}},"773":{"start":{"line":2294,"column":6},"end":{"line":2309,"column":7}},"774":{"start":{"line":2295,"column":7},"end":{"line":2295,"column":34}},"775":{"start":{"line":2296,"column":13},"end":{"line":2309,"column":7}},"776":{"start":{"line":2300,"column":7},"end":{"line":2300,"column":46}},"777":{"start":{"line":2303,"column":7},"end":{"line":2303,"column":37}},"778":{"start":{"line":2306,"column":7},"end":{"line":2308,"column":8}},"779":{"start":{"line":2307,"column":8},"end":{"line":2307,"column":20}},"780":{"start":{"line":2313,"column":3},"end":{"line":2313,"column":16}},"781":{"start":{"line":2318,"column":1},"end":{"line":2328,"column":14}},"782":{"start":{"line":2320,"column":11},"end":{"line":2320,"column":26}},"783":{"start":{"line":2321,"column":3},"end":{"line":2325,"column":4}},"784":{"start":{"line":2322,"column":4},"end":{"line":2324,"column":5}},"785":{"start":{"line":2323,"column":5},"end":{"line":2323,"column":18}},"786":{"start":{"line":2326,"column":3},"end":{"line":2326,"column":15}},"787":{"start":{"line":2332,"column":9},"end":{"line":2332,"column":10}},"788":{"start":{"line":2333,"column":8},"end":{"line":2333,"column":23}},"789":{"start":{"line":2334,"column":1},"end":{"line":2336,"column":2}},"790":{"start":{"line":2335,"column":2},"end":{"line":2335,"column":43}},"791":{"start":{"line":2337,"column":1},"end":{"line":2337,"column":16}},"792":{"start":{"line":2342,"column":17},"end":{"line":2342,"column":19}},"793":{"start":{"line":2343,"column":6},"end":{"line":2343,"column":7}},"794":{"start":{"line":2344,"column":8},"end":{"line":2344,"column":24}},"795":{"start":{"line":2345,"column":11},"end":{"line":2345,"column":22}},"796":{"start":{"line":2347,"column":1},"end":{"line":2356,"column":2}},"797":{"start":{"line":2348,"column":2},"end":{"line":2355,"column":3}},"798":{"start":{"line":2349,"column":3},"end":{"line":2354,"column":4}},"799":{"start":{"line":2350,"column":4},"end":{"line":2350,"column":30}},"800":{"start":{"line":2351,"column":4},"end":{"line":2353,"column":5}},"801":{"start":{"line":2352,"column":5},"end":{"line":2352,"column":19}},"802":{"start":{"line":2358,"column":1},"end":{"line":2358,"column":21}},"803":{"start":{"line":2362,"column":1},"end":{"line":2364,"column":2}},"804":{"start":{"line":2363,"column":2},"end":{"line":2363,"column":40}},"805":{"start":{"line":2365,"column":1},"end":{"line":2367,"column":2}},"806":{"start":{"line":2366,"column":2},"end":{"line":2366,"column":54}},"807":{"start":{"line":2368,"column":1},"end":{"line":2451,"column":4}},"808":{"start":{"line":2370,"column":12},"end":{"line":2370,"column":14}},"809":{"start":{"line":2371,"column":13},"end":{"line":2371,"column":15}},"810":{"start":{"line":2372,"column":17},"end":{"line":2372,"column":31}},"811":{"start":{"line":2375,"column":11},"end":{"line":2375,"column":100}},"812":{"start":{"line":2378,"column":15},"end":{"line":2380,"column":9}},"813":{"start":{"line":2382,"column":16},"end":{"line":2391,"column":13}},"814":{"start":{"line":2394,"column":2},"end":{"line":2396,"column":3}},"815":{"start":{"line":2395,"column":3},"end":{"line":2395,"column":50}},"816":{"start":{"line":2399,"column":2},"end":{"line":2410,"column":3}},"817":{"start":{"line":2400,"column":3},"end":{"line":2400,"column":42}},"818":{"start":{"line":2401,"column":3},"end":{"line":2401,"column":40}},"819":{"start":{"line":2404,"column":3},"end":{"line":2404,"column":19}},"820":{"start":{"line":2405,"column":3},"end":{"line":2409,"column":4}},"821":{"start":{"line":2406,"column":4},"end":{"line":2408,"column":5}},"822":{"start":{"line":2407,"column":5},"end":{"line":2407,"column":66}},"823":{"start":{"line":2412,"column":2},"end":{"line":2450,"column":3}},"824":{"start":{"line":2413,"column":3},"end":{"line":2436,"column":4}},"825":{"start":{"line":2414,"column":4},"end":{"line":2425,"column":5}},"826":{"start":{"line":2416,"column":5},"end":{"line":2416,"column":15}},"827":{"start":{"line":2417,"column":5},"end":{"line":2417,"column":27}},"828":{"start":{"line":2418,"column":5},"end":{"line":2423,"column":6}},"829":{"start":{"line":2419,"column":6},"end":{"line":2422,"column":7}},"830":{"start":{"line":2421,"column":7},"end":{"line":2421,"column":42}},"831":{"start":{"line":2424,"column":5},"end":{"line":2424,"column":54}},"832":{"start":{"line":2428,"column":4},"end":{"line":2428,"column":26}},"833":{"start":{"line":2429,"column":4},"end":{"line":2435,"column":5}},"834":{"start":{"line":2430,"column":5},"end":{"line":2434,"column":6}},"835":{"start":{"line":2433,"column":6},"end":{"line":2433,"column":43}},"836":{"start":{"line":2440,"column":3},"end":{"line":2444,"column":5}},"837":{"start":{"line":2445,"column":3},"end":{"line":2449,"column":4}},"838":{"start":{"line":2446,"column":4},"end":{"line":2446,"column":49}},"839":{"start":{"line":2448,"column":4},"end":{"line":2448,"column":38}},"840":{"start":{"line":2456,"column":8},"end":{"line":2456,"column":21}},"841":{"start":{"line":2457,"column":20},"end":{"line":2457,"column":51}},"842":{"start":{"line":2458,"column":21},"end":{"line":2458,"column":58}},"843":{"start":{"line":2459,"column":6},"end":{"line":2459,"column":29}},"844":{"start":{"line":2462,"column":17},"end":{"line":2464,"column":29}},"845":{"start":{"line":2463,"column":3},"end":{"line":2463,"column":32}},"846":{"start":{"line":2465,"column":20},"end":{"line":2467,"column":29}},"847":{"start":{"line":2466,"column":3},"end":{"line":2466,"column":45}},"848":{"start":{"line":2468,"column":13},"end":{"line":2476,"column":5}},"849":{"start":{"line":2469,"column":13},"end":{"line":2472,"column":44}},"850":{"start":{"line":2474,"column":3},"end":{"line":2474,"column":23}},"851":{"start":{"line":2475,"column":3},"end":{"line":2475,"column":14}},"852":{"start":{"line":2478,"column":1},"end":{"line":2507,"column":2}},"853":{"start":{"line":2479,"column":2},"end":{"line":2506,"column":3}},"854":{"start":{"line":2480,"column":3},"end":{"line":2480,"column":69}},"855":{"start":{"line":2482,"column":3},"end":{"line":2482,"column":76}},"856":{"start":{"line":2485,"column":3},"end":{"line":2504,"column":4}},"857":{"start":{"line":2487,"column":4},"end":{"line":2487,"column":12}},"858":{"start":{"line":2488,"column":4},"end":{"line":2492,"column":5}},"859":{"start":{"line":2489,"column":5},"end":{"line":2491,"column":6}},"860":{"start":{"line":2490,"column":6},"end":{"line":2490,"column":12}},"861":{"start":{"line":2493,"column":4},"end":{"line":2503,"column":6}},"862":{"start":{"line":2505,"column":3},"end":{"line":2505,"column":28}},"863":{"start":{"line":2509,"column":1},"end":{"line":2509,"column":35}},"864":{"start":{"line":2513,"column":13},"end":{"line":2513,"column":35}},"865":{"start":{"line":2514,"column":14},"end":{"line":2514,"column":40}},"866":{"start":{"line":2515,"column":17},"end":{"line":2616,"column":3}},"867":{"start":{"line":2517,"column":19},"end":{"line":2517,"column":20}},"868":{"start":{"line":2518,"column":8},"end":{"line":2518,"column":11}},"869":{"start":{"line":2519,"column":16},"end":{"line":2519,"column":26}},"870":{"start":{"line":2520,"column":17},"end":{"line":2520,"column":19}},"871":{"start":{"line":2521,"column":20},"end":{"line":2521,"column":36}},"872":{"start":{"line":2523,"column":12},"end":{"line":2523,"column":67}},"873":{"start":{"line":2525,"column":21},"end":{"line":2525,"column":80}},"874":{"start":{"line":2526,"column":10},"end":{"line":2526,"column":22}},"875":{"start":{"line":2528,"column":3},"end":{"line":2530,"column":4}},"876":{"start":{"line":2529,"column":4},"end":{"line":2529,"column":68}},"877":{"start":{"line":2535,"column":3},"end":{"line":2565,"column":4}},"878":{"start":{"line":2536,"column":4},"end":{"line":2551,"column":5}},"879":{"start":{"line":2537,"column":5},"end":{"line":2537,"column":11}},"880":{"start":{"line":2538,"column":5},"end":{"line":2541,"column":6}},"881":{"start":{"line":2539,"column":6},"end":{"line":2539,"column":26}},"882":{"start":{"line":2540,"column":6},"end":{"line":2540,"column":28}},"883":{"start":{"line":2542,"column":5},"end":{"line":2547,"column":6}},"884":{"start":{"line":2543,"column":6},"end":{"line":2546,"column":7}},"885":{"start":{"line":2544,"column":7},"end":{"line":2544,"column":28}},"886":{"start":{"line":2545,"column":7},"end":{"line":2545,"column":13}},"887":{"start":{"line":2548,"column":5},"end":{"line":2550,"column":6}},"888":{"start":{"line":2549,"column":6},"end":{"line":2549,"column":30}},"889":{"start":{"line":2554,"column":4},"end":{"line":2564,"column":5}},"890":{"start":{"line":2556,"column":5},"end":{"line":2558,"column":6}},"891":{"start":{"line":2557,"column":6},"end":{"line":2557,"column":21}},"892":{"start":{"line":2561,"column":5},"end":{"line":2563,"column":6}},"893":{"start":{"line":2562,"column":6},"end":{"line":2562,"column":29}},"894":{"start":{"line":2569,"column":3},"end":{"line":2569,"column":21}},"895":{"start":{"line":2578,"column":3},"end":{"line":2607,"column":4}},"896":{"start":{"line":2579,"column":4},"end":{"line":2579,"column":10}},"897":{"start":{"line":2580,"column":4},"end":{"line":2582,"column":5}},"898":{"start":{"line":2581,"column":5},"end":{"line":2581,"column":52}},"899":{"start":{"line":2584,"column":4},"end":{"line":2596,"column":5}},"900":{"start":{"line":2586,"column":5},"end":{"line":2592,"column":6}},"901":{"start":{"line":2587,"column":6},"end":{"line":2591,"column":7}},"902":{"start":{"line":2588,"column":7},"end":{"line":2590,"column":8}},"903":{"start":{"line":2589,"column":8},"end":{"line":2589,"column":44}},"904":{"start":{"line":2595,"column":5},"end":{"line":2595,"column":41}},"905":{"start":{"line":2599,"column":4},"end":{"line":2599,"column":38}},"906":{"start":{"line":2602,"column":4},"end":{"line":2606,"column":5}},"907":{"start":{"line":2605,"column":5},"end":{"line":2605,"column":34}},"908":{"start":{"line":2610,"column":3},"end":{"line":2613,"column":4}},"909":{"start":{"line":2611,"column":4},"end":{"line":2611,"column":28}},"910":{"start":{"line":2612,"column":4},"end":{"line":2612,"column":37}},"911":{"start":{"line":2615,"column":3},"end":{"line":2615,"column":20}},"912":{"start":{"line":2618,"column":1},"end":{"line":2620,"column":15}},"913":{"start":{"line":2623,"column":0},"end":{"line":2651,"column":2}},"914":{"start":{"line":2625,"column":16},"end":{"line":2625,"column":18}},"915":{"start":{"line":2626,"column":20},"end":{"line":2626,"column":22}},"916":{"start":{"line":2627,"column":11},"end":{"line":2627,"column":42}},"917":{"start":{"line":2629,"column":1},"end":{"line":2649,"column":2}},"918":{"start":{"line":2631,"column":2},"end":{"line":2633,"column":3}},"919":{"start":{"line":2632,"column":3},"end":{"line":2632,"column":32}},"920":{"start":{"line":2634,"column":2},"end":{"line":2634,"column":19}},"921":{"start":{"line":2635,"column":2},"end":{"line":2642,"column":3}},"922":{"start":{"line":2636,"column":3},"end":{"line":2636,"column":42}},"923":{"start":{"line":2637,"column":3},"end":{"line":2641,"column":4}},"924":{"start":{"line":2638,"column":4},"end":{"line":2638,"column":31}},"925":{"start":{"line":2640,"column":4},"end":{"line":2640,"column":35}},"926":{"start":{"line":2645,"column":2},"end":{"line":2645,"column":95}},"927":{"start":{"line":2648,"column":2},"end":{"line":2648,"column":29}},"928":{"start":{"line":2650,"column":1},"end":{"line":2650,"column":15}},"929":{"start":{"line":2662,"column":0},"end":{"line":2730,"column":2}},"930":{"start":{"line":2664,"column":13},"end":{"line":2664,"column":55}},"931":{"start":{"line":2665,"column":10},"end":{"line":2665,"column":73}},"932":{"start":{"line":2667,"column":1},"end":{"line":2667,"column":25}},"933":{"start":{"line":2671,"column":1},"end":{"line":2718,"column":2}},"934":{"start":{"line":2674,"column":2},"end":{"line":2674,"column":42}},"935":{"start":{"line":2675,"column":2},"end":{"line":2688,"column":3}},"936":{"start":{"line":2678,"column":3},"end":{"line":2678,"column":101}},"937":{"start":{"line":2679,"column":3},"end":{"line":2685,"column":4}},"938":{"start":{"line":2680,"column":4},"end":{"line":2680,"column":19}},"939":{"start":{"line":2683,"column":10},"end":{"line":2685,"column":4}},"940":{"start":{"line":2684,"column":4},"end":{"line":2684,"column":33}},"941":{"start":{"line":2687,"column":3},"end":{"line":2687,"column":60}},"942":{"start":{"line":2691,"column":2},"end":{"line":2691,"column":69}},"943":{"start":{"line":2692,"column":2},"end":{"line":2717,"column":3}},"944":{"start":{"line":2693,"column":3},"end":{"line":2693,"column":21}},"945":{"start":{"line":2696,"column":3},"end":{"line":2698,"column":4}},"946":{"start":{"line":2697,"column":4},"end":{"line":2697,"column":10}},"947":{"start":{"line":2699,"column":3},"end":{"line":2716,"column":4}},"948":{"start":{"line":2701,"column":4},"end":{"line":2715,"column":5}},"949":{"start":{"line":2707,"column":5},"end":{"line":2707,"column":27}},"950":{"start":{"line":2708,"column":5},"end":{"line":2708,"column":52}},"951":{"start":{"line":2709,"column":5},"end":{"line":2712,"column":6}},"952":{"start":{"line":2710,"column":6},"end":{"line":2710,"column":34}},"953":{"start":{"line":2711,"column":6},"end":{"line":2711,"column":21}},"954":{"start":{"line":2714,"column":5},"end":{"line":2714,"column":11}},"955":{"start":{"line":2722,"column":1},"end":{"line":2728,"column":3}},"956":{"start":{"line":2729,"column":1},"end":{"line":2729,"column":16}},"957":{"start":{"line":2735,"column":0},"end":{"line":2735,"column":78}},"958":{"start":{"line":2739,"column":0},"end":{"line":2739,"column":42}},"959":{"start":{"line":2742,"column":0},"end":{"line":2742,"column":14}},"960":{"start":{"line":2746,"column":0},"end":{"line":2749,"column":3}},"961":{"start":{"line":2748,"column":1},"end":{"line":2748,"column":77}},"962":{"start":{"line":2754,"column":0},"end":{"line":2763,"column":1}},"963":{"start":{"line":2755,"column":1},"end":{"line":2755,"column":35}},"964":{"start":{"line":2756,"column":1},"end":{"line":2756,"column":52}},"965":{"start":{"line":2758,"column":1},"end":{"line":2762,"column":4}},"966":{"start":{"line":2759,"column":2},"end":{"line":2761,"column":3}},"967":{"start":{"line":2760,"column":3},"end":{"line":2760,"column":75}},"968":{"start":{"line":2767,"column":0},"end":{"line":2777,"column":1}},"969":{"start":{"line":2768,"column":1},"end":{"line":2768,"column":27}},"970":{"start":{"line":2769,"column":1},"end":{"line":2769,"column":43}},"971":{"start":{"line":2770,"column":1},"end":{"line":2770,"column":53}},"972":{"start":{"line":2772,"column":1},"end":{"line":2776,"column":4}},"973":{"start":{"line":2773,"column":2},"end":{"line":2775,"column":3}},"974":{"start":{"line":2774,"column":3},"end":{"line":2774,"column":28}},"975":{"start":{"line":2781,"column":0},"end":{"line":2793,"column":1}},"976":{"start":{"line":2782,"column":1},"end":{"line":2782,"column":44}},"977":{"start":{"line":2784,"column":1},"end":{"line":2792,"column":4}},"978":{"start":{"line":2786,"column":2},"end":{"line":2791,"column":3}},"979":{"start":{"line":2787,"column":3},"end":{"line":2790,"column":9}},"980":{"start":{"line":2795,"column":0},"end":{"line":2795,"column":14}},"981":{"start":{"line":2801,"column":0},"end":{"line":2801,"column":21}},"982":{"start":{"line":2802,"column":0},"end":{"line":2802,"column":31}},"983":{"start":{"line":2805,"column":0},"end":{"line":2805,"column":41}},"984":{"start":{"line":2806,"column":0},"end":{"line":2806,"column":54}},"985":{"start":{"line":2807,"column":0},"end":{"line":2807,"column":29}},"986":{"start":{"line":2808,"column":0},"end":{"line":2808,"column":31}},"987":{"start":{"line":2809,"column":0},"end":{"line":2809,"column":34}},"988":{"start":{"line":2810,"column":0},"end":{"line":2810,"column":38}},"989":{"start":{"line":2815,"column":10},"end":{"line":2828,"column":1}},"990":{"start":{"line":2816,"column":15},"end":{"line":2816,"column":17}},"991":{"start":{"line":2817,"column":13},"end":{"line":2817,"column":32}},"992":{"start":{"line":2819,"column":1},"end":{"line":2826,"column":2}},"993":{"start":{"line":2820,"column":2},"end":{"line":2825,"column":3}},"994":{"start":{"line":2821,"column":3},"end":{"line":2823,"column":4}},"995":{"start":{"line":2822,"column":4},"end":{"line":2822,"column":10}},"996":{"start":{"line":2824,"column":3},"end":{"line":2824,"column":24}},"997":{"start":{"line":2827,"column":1},"end":{"line":2827,"column":16}},"998":{"start":{"line":2831,"column":15},"end":{"line":2841,"column":1}},"999":{"start":{"line":2832,"column":15},"end":{"line":2832,"column":17}},"1000":{"start":{"line":2834,"column":1},"end":{"line":2838,"column":2}},"1001":{"start":{"line":2835,"column":2},"end":{"line":2837,"column":3}},"1002":{"start":{"line":2836,"column":3},"end":{"line":2836,"column":21}},"1003":{"start":{"line":2840,"column":1},"end":{"line":2840,"column":16}},"1004":{"start":{"line":2844,"column":20},"end":{"line":2844,"column":50}},"1005":{"start":{"line":2850,"column":2},"end":{"line":2850,"column":77}},"1006":{"start":{"line":2853,"column":19},"end":{"line":2853,"column":84}},"1007":{"start":{"line":2857,"column":16},"end":{"line":2857,"column":32}},"1008":{"start":{"line":2861,"column":1},"end":{"line":2865,"column":2}},"1009":{"start":{"line":2862,"column":2},"end":{"line":2864,"column":6}},"1010":{"start":{"line":2863,"column":3},"end":{"line":2863,"column":52}},"1011":{"start":{"line":2868,"column":1},"end":{"line":2872,"column":2}},"1012":{"start":{"line":2869,"column":2},"end":{"line":2871,"column":6}},"1013":{"start":{"line":2870,"column":3},"end":{"line":2870,"column":41}},"1014":{"start":{"line":2875,"column":1},"end":{"line":2879,"column":2}},"1015":{"start":{"line":2876,"column":2},"end":{"line":2878,"column":6}},"1016":{"start":{"line":2877,"column":3},"end":{"line":2877,"column":59}},"1017":{"start":{"line":2882,"column":1},"end":{"line":2884,"column":2}},"1018":{"start":{"line":2883,"column":2},"end":{"line":2883,"column":51}},"1019":{"start":{"line":2887,"column":1},"end":{"line":2887,"column":50}},"1020":{"start":{"line":2888,"column":1},"end":{"line":2890,"column":5}},"1021":{"start":{"line":2889,"column":2},"end":{"line":2889,"column":81}},"1022":{"start":{"line":2893,"column":0},"end":{"line":2907,"column":2}},"1023":{"start":{"line":2894,"column":12},"end":{"line":2894,"column":22}},"1024":{"start":{"line":2896,"column":1},"end":{"line":2898,"column":2}},"1025":{"start":{"line":2897,"column":2},"end":{"line":2897,"column":30}},"1026":{"start":{"line":2900,"column":1},"end":{"line":2902,"column":2}},"1027":{"start":{"line":2901,"column":2},"end":{"line":2901,"column":67}},"1028":{"start":{"line":2904,"column":1},"end":{"line":2906,"column":7}},"1029":{"start":{"line":2905,"column":2},"end":{"line":2905,"column":29}},"1030":{"start":{"line":2909,"column":0},"end":{"line":2951,"column":4}},"1031":{"start":{"line":2912,"column":9},"end":{"line":2912,"column":20}},"1032":{"start":{"line":2913,"column":10},"end":{"line":2913,"column":14}},"1033":{"start":{"line":2915,"column":2},"end":{"line":2923,"column":3}},"1034":{"start":{"line":2916,"column":3},"end":{"line":2922,"column":9}},"1035":{"start":{"line":2917,"column":4},"end":{"line":2921,"column":5}},"1036":{"start":{"line":2918,"column":5},"end":{"line":2920,"column":6}},"1037":{"start":{"line":2919,"column":6},"end":{"line":2919,"column":18}},"1038":{"start":{"line":2925,"column":2},"end":{"line":2925,"column":29}},"1039":{"start":{"line":2927,"column":2},"end":{"line":2929,"column":3}},"1040":{"start":{"line":2928,"column":3},"end":{"line":2928,"column":43}},"1041":{"start":{"line":2931,"column":2},"end":{"line":2931,"column":50}},"1042":{"start":{"line":2934,"column":2},"end":{"line":2934,"column":65}},"1043":{"start":{"line":2937,"column":2},"end":{"line":2937,"column":64}},"1044":{"start":{"line":2940,"column":2},"end":{"line":2949,"column":11}},"1045":{"start":{"line":2964,"column":14},"end":{"line":2964,"column":51}},"1046":{"start":{"line":2966,"column":8},"end":{"line":3063,"column":2}},"1047":{"start":{"line":2970,"column":2},"end":{"line":2972,"column":3}},"1048":{"start":{"line":2971,"column":3},"end":{"line":2971,"column":15}},"1049":{"start":{"line":2976,"column":2},"end":{"line":2976,"column":28}},"1050":{"start":{"line":2979,"column":2},"end":{"line":3060,"column":3}},"1051":{"start":{"line":2980,"column":3},"end":{"line":2989,"column":4}},"1052":{"start":{"line":2985,"column":4},"end":{"line":2985,"column":37}},"1053":{"start":{"line":2988,"column":4},"end":{"line":2988,"column":40}},"1054":{"start":{"line":2992,"column":3},"end":{"line":3044,"column":4}},"1055":{"start":{"line":2995,"column":4},"end":{"line":3034,"column":5}},"1056":{"start":{"line":2996,"column":5},"end":{"line":2996,"column":66}},"1057":{"start":{"line":3000,"column":5},"end":{"line":3004,"column":9}},"1058":{"start":{"line":3007,"column":5},"end":{"line":3019,"column":6}},"1059":{"start":{"line":3008,"column":6},"end":{"line":3018,"column":7}},"1060":{"start":{"line":3011,"column":7},"end":{"line":3017,"column":8}},"1061":{"start":{"line":3012,"column":8},"end":{"line":3012,"column":42}},"1062":{"start":{"line":3016,"column":8},"end":{"line":3016,"column":45}},"1063":{"start":{"line":3021,"column":5},"end":{"line":3021,"column":17}},"1064":{"start":{"line":3025,"column":5},"end":{"line":3025,"column":50}},"1065":{"start":{"line":3027,"column":5},"end":{"line":3032,"column":6}},"1066":{"start":{"line":3030,"column":6},"end":{"line":3030,"column":23}},"1067":{"start":{"line":3031,"column":6},"end":{"line":3031,"column":22}},"1068":{"start":{"line":3033,"column":5},"end":{"line":3033,"column":17}},"1069":{"start":{"line":3037,"column":10},"end":{"line":3044,"column":4}},"1070":{"start":{"line":3038,"column":4},"end":{"line":3038,"column":48}},"1071":{"start":{"line":3043,"column":4},"end":{"line":3043,"column":56}},"1072":{"start":{"line":3047,"column":9},"end":{"line":3060,"column":3}},"1073":{"start":{"line":3048,"column":3},"end":{"line":3048,"column":24}},"1074":{"start":{"line":3049,"column":3},"end":{"line":3049,"column":19}},"1075":{"start":{"line":3050,"column":3},"end":{"line":3050,"column":15}},"1076":{"start":{"line":3054,"column":9},"end":{"line":3060,"column":3}},"1077":{"start":{"line":3055,"column":3},"end":{"line":3059,"column":23}},"1078":{"start":{"line":3062,"column":2},"end":{"line":3062,"column":44}},"1079":{"start":{"line":3066,"column":0},"end":{"line":3066,"column":27}},"1080":{"start":{"line":3069,"column":0},"end":{"line":3069,"column":32}},"1081":{"start":{"line":3072,"column":19},"end":{"line":3072,"column":51}},"1082":{"start":{"line":3075,"column":20},"end":{"line":3080,"column":2}},"1083":{"start":{"line":3082,"column":0},"end":{"line":3161,"column":4}},"1084":{"start":{"line":3084,"column":16},"end":{"line":3084,"column":38}},"1085":{"start":{"line":3085,"column":7},"end":{"line":3085,"column":21}},"1086":{"start":{"line":3087,"column":2},"end":{"line":3094,"column":6}},"1087":{"start":{"line":3088,"column":11},"end":{"line":3088,"column":12}},"1088":{"start":{"line":3089,"column":3},"end":{"line":3093,"column":4}},"1089":{"start":{"line":3090,"column":4},"end":{"line":3092,"column":5}},"1090":{"start":{"line":3091,"column":5},"end":{"line":3091,"column":17}},"1091":{"start":{"line":3099,"column":7},"end":{"line":3099,"column":8}},"1092":{"start":{"line":3100,"column":7},"end":{"line":3100,"column":18}},"1093":{"start":{"line":3101,"column":13},"end":{"line":3101,"column":15}},"1094":{"start":{"line":3102,"column":13},"end":{"line":3102,"column":65}},"1095":{"start":{"line":3105,"column":2},"end":{"line":3122,"column":3}},"1096":{"start":{"line":3106,"column":3},"end":{"line":3121,"column":4}},"1097":{"start":{"line":3107,"column":4},"end":{"line":3120,"column":5}},"1098":{"start":{"line":3110,"column":5},"end":{"line":3119,"column":6}},"1099":{"start":{"line":3117,"column":6},"end":{"line":3117,"column":26}},"1100":{"start":{"line":3118,"column":6},"end":{"line":3118,"column":12}},"1101":{"start":{"line":3124,"column":2},"end":{"line":3124,"column":87}},"1102":{"start":{"line":3131,"column":2},"end":{"line":3133,"column":3}},"1103":{"start":{"line":3132,"column":3},"end":{"line":3132,"column":85}},"1104":{"start":{"line":3136,"column":2},"end":{"line":3138,"column":3}},"1105":{"start":{"line":3137,"column":3},"end":{"line":3137,"column":52}},"1106":{"start":{"line":3141,"column":2},"end":{"line":3145,"
[...]
1,0],"1":[1,1],"2":[0,1],"3":[0,1],"4":[0,1],"5":[33,33],"6":[0,0],"7":[0,0],"8":[0,0],"9":[0,0],"10":[0,0],"11":[0,0],"12":[0,0],"13":[39,0],"14":[5,34],"15":[5,0],"16":[0,39],"17":[39,1],"18":[30,9],"19":[39,0],"20":[0,150],"21":[3,147],"22":[150,8,8,5],"23":[0,3],"24":[0,0],"25":[0,0],"26":[3,0],"27":[3,3],"28":[147,0],"29":[82,20],"30":[0,0,0],"31":[5,6],"32":[11,11],"33":[0,6],"34":[6,6],"35":[6,6],"36":[0,33],"37":[33,0],"38":[33,0],"39":[33,6],"40":[22,11],"41":[0,101],"42":[0,72],"43":[0,0],"44":[0,0],"45":[0,0],"46":[0,0],"47":[0,0],"48":[0,0],"49":[0,0],"50":[0,0],"51":[0,0],"52":[0,0],"53":[0,0],"54":[0,0],"55":[0,0],"56":[0,0],"57":[1,0],"58":[33,33,22],"59":[0,33],"60":[33,33],"61":[33,17,17,6,6],"62":[0,18],"63":[0,0],"64":[0,0],"65":[0,0],"66":[0,0],"67":[0,0],"68":[0,0],"69":[0,0,0],"70":[0,0],"71":[0,0],"72":[0,0],"73":[0,0],"74":[0,0],"75":[0,0,0,0,0],"76":[0,0],"77":[0,0],"78":[0,0],"79":[0,0],"80":[0,0],"81":[0,0],"82":[0,0],"83":[0,0],"84":[0,0],"85":[0,0],"86":[0,0],"87":[0,0],"88":[0,0],"89":[0,0,0,0],"90":[0,0],"91":[0,0],"92":[0,0,0],"93":[0,0],"94":[0,0,0,0],"95":[0,0],"96":[0,0],"97":[0,0],"98":[0,0,0],"99":[0,0],"100":[0,0],"101":[0,0],"102":[1,6],"103":[0,0],"104":[0,0,0,0],"105":[0,0],"106":[0,0],"107":[0,0],"108":[0,0],"109":[0,0],"110":[0,0,0],"111":[0,0],"112":[0,0],"113":[0,0],"114":[0,0],"115":[0,0],"116":[0,0,0],"117":[0,0],"118":[0,0],"119":[0,0,0],"120":[1,1],"121":[1,1],"122":[1,0],"123":[0,1],"124":[0,0],"125":[0,1],"126":[1,1,1],"127":[0,1],"128":[1,0,0],"129":[0,0],"130":[0,0],"131":[1,1],"132":[1,0],"133":[0,0],"134":[0,0],"135":[0,0],"136":[0,0],"137":[0,0],"138":[0,0],"139":[0,0],"140":[0,0],"141":[0,0],"142":[0,0],"143":[0,0],"144":[0,0],"145":[1,0],"146":[0,0],"147":[0,0],"148":[0,0],"149":[0,0],"150":[1,0],"151":[0,0],"152":[0,0],"153":[0,1],"154":[0,0],"155":[0,0],"156":[0,0],"157":[0,0],"158":[0,0],"159":[0,0],"160":[0,0],"161":[0,0],"162":[0,1],"163":[1,0,0,0,0],"164":[1,0],"165":[1,0],"166":[0,1],"167":[1,1],"168":[0,0],"169":[0,0],"170":[0,0],"171":[0,0,0],"172":[0,0],"173":[0,0],"174":[0,0],"175":[0,0],"176":[0,1],"177":[0,0],"178":[0,0],"179":[0,0],"180":[0,0],"181":[0,0],"182":[0,0],"183":[0,0,0],"184":[0,0],"185":[0,0,0],"186":[0,0],"187":[0,0,0],"188":[0,0],"189":[0,0],"190":[0,0],"191":[0,0],"192":[0,0],"193":[0,0],"194":[0,0],"195":[0,0],"196":[0,0],"197":[0,0],"198":[0,0],"199":[0,0],"200":[0,0],"201":[0,0],"202":[0,0],"203":[0,0],"204":[0,0],"205":[0,0,0,0,0,0,0],"206":[0,0],"207":[0,0,0,0],"208":[0,0],"209":[0,0],"210":[0,0],"211":[0,0],"212":[0,0],"213":[0,0],"214":[0,0],"215":[0,0],"216":[0,0],"217":[0,0],"218":[0,0],"219":[0,0],"220":[0,0],"221":[0,0],"222":[0,0],"223":[0,0],"224":[0,0,0],"225":[0,0],"226":[0,0],"227":[0,0],"228":[0,0,0,0],"229":[0,0],"230":[0,0],"231":[0,0],"232":[0,0],"233":[0,0],"234":[0,0],"235":[0,0],"236":[0,0],"237":[0,0],"238":[0,0],"239":[0,0],"240":[0,0,0],"241":[0,0],"242":[0,0,0,0],"243":[0,0],"244":[0,0],"245":[0,0,0],"246":[0,0,0,0,0],"247":[0,0],"248":[0,0],"249":[0,0],"250":[0,0],"251":[0,0],"252":[0,0],"253":[0,0],"254":[0,0],"255":[0,0],"256":[0,0],"257":[0,0],"258":[0,0],"259":[0,0],"260":[0,0],"261":[0,0],"262":[0,0],"263":[0,0],"264":[0,0],"265":[0,0],"266":[0,0],"267":[0,0],"268":[0,0],"269":[0,0,0],"270":[0,0],"271":[0,0],"272":[0,0],"273":[0,0],"274":[0,0],"275":[0,0],"276":[0,0],"277":[0,0],"278":[0,0],"279":[0,0,0,0,0],"280":[0,0],"281":[0,0,0],"282":[0,0],"283":[0,0],"284":[0,0],"285":[0,0],"286":[0,0],"287":[0,0],"288":[0,0,0,0,0],"289":[0,0],"290":[0,0],"291":[0,0],"292":[0,0],"293":[0,0],"294":[0,0],"295":[0,0],"296":[0,0,0],"297":[0,0,0],"298":[0,0],"299":[0,0],"300":[0,0],"301":[0,0],"302":[0,0],"303":[0,0,0],"304":[0,0],"305":[0,0],"306":[0,0],"307":[0,0],"308":[0,0],"309":[0,0],"310":[0,0],"311":[0,0],"312":[0,0],"313":[0,0,0,0],"314":[0,0,0],"315":[0,0,0,0],"316":[0,0],"317":[0,0],"318":[0,0,0],"319":[0,0,0,0],"320":[0,0],"321":[0,0],"322":[0,0],"323":[0,0],"324":[0,0],"325":[0,0],"326":[0,0],"327":[0,0],"328":[0,0],"329":[0,0],"330":[0,0],"331":[0,0,0],"332":[0,0],"333":[0,0],"334":[0,0],"335":[1,0],"336":[1,0],"337":[0,1],"338":[0,0],"339":[0,0],"340":[0,0],"341":[0,0],"342":[0,0],"343":[0,0],"344":[0,0],"345":[0,0],"346":[0,0],"347":[0,0],"348":[0,0],"349":[0,0],"350":[0,0],"351":[0,0],"352":[0,0,0],"353":[0,0],"354":[0,0],"355":[0,0],"356":[0,0],"357":[0,0],"358":[0,0],"359":[0,0],"360":[0,0],"361":[0,0],"362":[0,0],"363":[0,0],"364":[0,0],"365":[0,0],"366":[0,0],"367":[0,0],"368":[0,0,0],"369":[0,0],"370":[0,0],"371":[0,0],"372":[0,0],"373":[0,0],"374":[0,0],"375":[0,0],"376":[0,0],"377":[0,0],"378":[0,0],"379":[0,0],"380":[0,0],"381":[0,0],"382":[0,0],"383":[0,0],"384":[0,0],"385":[0,0],"386":[0,0],"387":[0,0],"388":[0,0],"389":[0,0,0,0],"390":[0,0],"391":[0,0],"392":[0,0],"393":[0,0],"394":[0,0],"395":[0,0],"396":[0,0],"397":[0,0],"398":[0,0],"399":[0,0],"400":[0,0],"401":[0,0,0],"402":[0,0],"403":[0,0],"404":[0,0],"405":[0,0,0],"406":[0,0],"407":[0,0],"408":[0,0],"409":[0,0],"410":[0,0],"411":[0,0],"412":[0,0],"413":[0,0],"414":[0,0],"415":[0,0],"416":[0,0],"417":[0,0],"418":[0,0],"419":[0,0],"420":[0,0],"421":[0,0],"422":[0,0],"423":[0,0],"424":[0,0],"425":[0,0,0,0],"426":[0,0],"427":[0,0],"428":[0,0],"429":[0,0],"430":[0,0],"431":[0,0],"432":[0,0],"433":[0,0],"434":[0,0],"435":[0,0],"436":[0,0],"437":[0,0,0,0,0],"438":[0,0],"439":[0,0],"440":[0,0],"441":[0,0],"442":[0,0],"443":[0,0],"444":[0,0],"445":[0,0,0],"446":[0,0],"447":[0,0],"448":[0,0],"449":[0,0,0,0],"450":[0,1],"451":[0,0],"452":[0,0],"453":[0,1],"454":[1,1],"455":[0,0],"456":[0,0],"457":[0,1],"458":[0,0],"459":[0,0],"460":[0,0],"461":[0,0],"462":[0,0],"463":[0,0],"464":[0,0],"465":[0,0],"466":[0,0],"467":[0,0],"468":[0,0],"469":[0,0],"470":[0,0],"471":[0,0],"472":[0,0],"473":[0,0],"474":[0,0],"475":[0,0],"476":[0,0],"477":[0,0],"478":[0,0],"479":[0,0],"480":[0,0],"481":[0,0],"482":[0,0],"483":[0,0],"484":[0,0],"485":[0,0],"486":[0,1],"487":[1,1],"488":[0,1],"489":[0,0],"490":[0,0,0],"491":[0,0],"492":[0,0,0],"493":[0,0],"494":[0,0],"495":[0,0],"496":[0,0],"497":[0,0],"498":[0,0],"499":[0,0],"500":[0,0],"501":[0,0],"502":[0,0],"503":[0,0],"504":[0,0],"505":[1,0],"506":[0,0],"507":[0,0],"508":[0,0],"509":[0,0],"510":[0,0],"511":[0,0],"512":[0,0],"513":[0,0],"514":[0,0],"515":[0,0],"516":[0,0],"517":[0,0],"518":[0,0],"519":[0,0],"520":[0,0],"521":[0,0],"522":[0,0],"523":[0,0],"524":[0,0],"525":[0,0],"526":[0,0],"527":[0,0],"528":[0,0],"529":[0,0],"530":[0,0],"531":[0,0],"532":[0,0],"533":[0,0],"534":[0,0],"535":[0,0],"536":[6,0],"537":[6,0],"538":[2,2],"539":[0,6],"540":[6,0],"541":[0,2],"542":[2,0],"543":[2,0],"544":[5,0],"545":[0,5],"546":[5,0],"547":[13,0],"548":[13,0],"549":[13,0],"550":[0,0],"551":[0,0,0],"552":[0,5],"553":[5,0],"554":[0,0],"555":[0,0],"556":[0,0],"557":[2,0],"558":[2,2],"559":[2,0],"560":[2,0],"561":[1,1],"562":[2,0],"563":[0,0],"564":[0,0],"565":[0,0],"566":[0,0],"567":[0,0],"568":[0,0],"569":[0,0],"570":[0,0],"571":[0,0],"572":[0,0],"573":[0,0],"574":[0,0,0,0],"575":[0,0],"576":[0,0],"577":[0,0],"578":[0,0],"579":[0,0],"580":[0,0],"581":[0,0],"582":[0,0],"583":[0,0],"584":[0,0],"585":[0,0],"586":[0,0],"587":[0,0],"588":[1,0],"589":[2,1],"590":[0,0],"591":[0,1],"592":[0,0],"593":[0,0],"594":[0,0],"595":[0,0],"596":[0,0],"597":[0,0],"598":[0,0],"599":[0,0,0,0],"600":[0,1],"601":[0,1],"602":[0,1],"603":[1,1],"604":[1,0],"605":[1,0,0],"606":[0,0],"607":[0,0],"608":[0,0],"609":[0,0],"610":[0,0],"611":[0,0],"612":[0,0],"613":[0,0],"614":[0,0],"615":[0,0],"616":[0,0,0],"617":[0,0],"618":[0,0],"619":[0,0],"620":[0,0],"621":[0,0],"622":[0,0],"623":[0,0],"624":[0,0,0,0],"625":[0,0],"626":[0,0],"627":[0,0],"628":[0,0],"629":[0,0],"630":[0,0],"631":[0,0],"632":[0,0],"633":[0,0],"634":[0,0],"635":[0,0],"636":[0,0],"637":[0,0],"638":[0,0],"639":[0,0],"640":[0,0],"641":[0,0],"642":[0,0],"643":[0,0],"644":[0,0],"645":[0,0],"646":[0,0],"647":[0,0],"648":[0,0],"649":[0,0],"650":[0,0],"651":[0,0],"652":[0,0],"653":[0,0],"654":[0,0],"655":[0,0],"656":[0,0],"657":[0,0],"658":[0,0],"659":[0,0],"660":[0,0],"661":[0,0],"662":[0,0],"663":[0,0],"664":[0,0],"665":[0,0],"666":[0,0],"667":[0,0],"668":[0,0],"669":[0,0],"670":[0,0],"671":[0,0],"672":[0,0],"673":[0,0],"674":[0,0],"675":[0,0],"676":[0,0],"677":[0,0],"678":[0,0],"679":[0,0],"680":[0,0],"681":[0,0,0,0],"682":[0,0],"683":[0,0],"684":[0,0,0],"685":[0,0],"686":[0,0,0,0],"687":[0,0],"688":[0,0],"689":[0,0],"690":[0,0],"691":[0,0],"692":[0,0,0],"693":[0,0],"694":[0,0],"695":[0,0,0],"696":[0,0],"697":[0,0],"698":[0,0],"699":[0,0],"700":[0,0],"701":[0,0],"702":[0,0],"703":[0,0],"704":[0,0],"705":[0,0],"706":[0,0],"707":[0,0],"708":[0,0],"709":[0,0],"710":[0,0],"711":[0,0],"712":[0,0],"713":[0,0],"714":[0,0],"715":[0,0],"716":[0,0],"717":[0,0,0],"718":[0,0],"719":[0,0],"720":[0,0],"721":[0,0],"722":[0,0],"723":[0,0],"724":[0,0],"725":[0,0],"726":[0,0],"727":[0,0],"728":[0,0],"729":[0,0],"730":[0,0],"731":[0,0],"732":[0,0],"733":[0,0],"734":[0,0],"735":[0,0],"736":[0,0],"737":[0,0],"738":[0,0],"739":[0,0],"740":[0,0],"741":[0,0],"742":[0,0],"743":[0,0],"744":[0,0],"745":[0,0],"746":[0,0],"747":[0,0],"748":[0,0],"749":[0,0],"750":[0,0],"751":[0,0],"752":[0,0],"753":[0,0],"754":[0,0],"755":[0,0],"756":[0,0],"757":[0,0],"758":[0,0],"759":[0,0],"760":[0,0],"761":[0,0],"762":[0,0],"763":[0,0],"764":[0,0],"765":[0,0],"766":[0,0],"767":[0,0],"768":[0,0],"769":[0,0],"770":[0,0],"771":[0,0],"772":[0,0],"773":[0,0],"774":[0,0],"775":[0,0],"776":[0,0],"777":[0,0],"778":[0,0],"779":[0,0],"780":[0,0],"781":[0,0],"782":[0,0],"783":[0,0],"784":[0,0,0,0,0,0,0,0,0,0],"785":[0,0],"786":[0,0],"787":[0,0],"788":[0,0],"789":[0,0],"790":[0,0],"791":[0,0],"792":[0,0],"793":[0,0],"794":[0,0],"795":[0,0],"796":[0,0],"797":[0,0],"798":[0,0],"799":[0,0],"800":[0,0],"801":[0,0],"802":[0,0],"803":[0,0],"804":[0,0],"805":[0,0],"806":[0,0],"807":[0,0,0],"808":[0,0],"809":[0,0],"810":[0,0],"811":[0,0],"812":[0,0],"813":[0,0],"814":[0,0],"815":[0,0],"816":[0,0],"817":[0,0],"818":[1,29],"819":[0,0],"820":[0,0],"821":[0,0],"822":[0,0],"823":[0,0],"824":[0,0],"825":[0,0],"826":[0,0],"827":[0,0,0],"828":[0,0],"829":[0,0],"830":[0,0],"831":[0,0],"832":[0,0],"833":[0,0],"834":[0,0],"835":[0,0,0],"836":[0,0],"837":[0,0],"838":[0,0],"839":[0,0,0],"840":[0,0],"841":[0,0],"842":[0,0],"843":[0,0],"844":[0,0],"845":[0,0],"846":[0,0],"847":[0,0],"848":[0,0],"849":[0,0],"850":[0,0,0],"851":[0,0],"852":[0,0],"853":[0,0],"854":[0,0],"855":[0,0,0],"856":[0,0],"857":[0,0,0],"858":[0,0],"859":[0,0],"860":[0,0],"861":[0,0],"862":[0,0],"863":[0,0],"864":[0,0],"865":[0,0],"866":[0,0],"867":[0,0],"868":[0,0],"869":[0,0],"870":[0,0],"871":[0,0],"872":[0,0],"873":[0,0],"874":[0,0],"875":[0,0],"876":[0,0],"877":[0,0,0,0,0],"878":[0,0],"879":[0,0],"880":[0,0],"881":[0,0],"882":[0,0],"883":[0,0],"884":[0,0],"885":[0,0],"886":[0,0],"887":[0,0,0],"888":[0,0],"889":[0,0],"890":[0,0],"891":[0,0],"892":[0,0],"893":[0,0],"894":[0,0],"895":[0,0],"896":[0,0],"897":[0,0],"898":[0,0,0,0],"899":[0,0],"900":[0,0],"901":[0,0],"902":[0,0],"903":[0,0],"904":[0,0],"905":[0,0],"906":[0,0],"907":[0,0],"908":[0,0],"909":[0,0],"910":[0,0],"911":[0,0],"912":[0,0,0],"913":[0,0],"914":[0,0,0],"915":[0,0],"916":[0,0,0],"917":[0,0],"918":[0,0],"919":[0,0],"920":[0,0],"921":[0,0],"922":[0,0],"923":[0,0],"924":[0,0],"925":[0,0],"926":[0,0,0],"927":[0,0],"928":[0,0],"929":[0,0],"930":[0,0],"931":[0,0],"932":[0,0],"933":[0,0],"934":[0,0],"935":[0,0],"936":[0,0],"937":[0,0],"938":[0,1],"939":[0,0],"940":[0,0],"941":[0,0],"942":[0,0],"943":[0,0],"944":[0,0],"945":[0,0,0],"946":[0,0],"947":[0,0],"948":[0,0],"949":[0,0],"950":[0,0],"951":[0,0],"952":[0,0],"953":[0,0],"954":[0,0],"955":[0,0],"956":[0,0],"957":[0,0],"958":[0,0],"959":[0,0],"960":[0,0],"961":[0,0],"962":[0,0],"963":[0,0],"964":[0,0],"965":[0,0],"966":[0,0],"967":[0,0,0],"968":[0,0],"969":[0,0,0],"970":[0,0],"971":[0,0],"972":[0,0],"973":[0,0],"974":[0,0],"975":[0,0],"976":[0,0,0,0],"977":[0,0],"978":[0,0],"979":[0,0],"980":[0,0],"981":[0,0,0],"982":[0,0],"983":[0,0],"984":[0,0],"985":[0,0,0],"986":[0,0],"987":[0,0],"988":[0,0,0],"989":[0,0],"990":[0,0,0],"991":[0,0],"992":[0,0],"993":[0,0,0],"994":[0,0],"995":[0,0],"996":[0,0],"997":[0,0],"998":[0,0],"999":[0,0],"1000":[0,0],"1001":[0,0],"1002":[0,0],"1003":[0,0],"1004":[0,0],"1005":[0,0],"1006":[0,0],"1007":[0,0],"1008":[0,0,0],"1009":[0,0],"1010":[0,0],"1011":[0,0],"1012":[0,0],"1013":[0,0,0],"1014":[0,0],"1015":[0,0],"1016":[0,0],"1017":[0,0],"1018":[0,0,0],"1019":[2,1],"1020":[0,0],"1021":[0,0],"1022":[0,0],"1023":[0,0],"1024":[0,0],"1025":[0,0],"1026":[0,0],"1027":[0,0],"1028":[0,0],"1029":[0,0],"1030":[0,0],"1031":[0,0],"1032":[0,0,0],"1033":[0,0],"1034":[0,0],"1035":[0,0],"1036":[0,0],"1037":[0,0,0],"1038":[0,0],"1039":[0,0],"1040":[0,0],"1041":[0,0],"1042":[0,0],"1043":[0,3],"1044":[0,3],"1045":[0,0],"1046":[0,0],"1047":[0,0],"1048":[0,0],"1049":[0,0],"1050":[0,0],"1051":[0,0],"1052":[0,0],"1053":[0,0],"1054":[0,0],"1055":[0,0],"1056":[0,0],"1057":[0,0],"1058":[0,0,0],"1059":[0,0,0],"1060":[0,0],"1061":[0,0],"1062":[0,0],"1063":[0,0],"1064":[0,0],"1065":[0,0],"1066":[0,0],"1067":[0,0],"1068":[0,0],"1069":[0,0],"1070":[0,0,0],"1071":[0,0],"1072":[0,0],"1073":[0,0],"1074":[0,0],"1075":[0,0],"1076":[0,0],"1077":[0,0],"1078":[0,0],"1079":[0,0],"1080":[0,0],"1081":[0,0],"1082":[0,0],"1083":[0,0],"1084":[0,0],"1085":[0,0],"1086":[0,0],"1087":[0,0],"1088":[0,0],"1089":[0,0],"1090":[0,0],"1091":[0,0],"1092":[0,0],"1093":[0,0],"1094":[0,0],"1095":[0,0],"1096":[0,0],"1097":[0,0],"1098":[0,0],"1099":[0,0],"1100":[0,0],"1101":[0,0],"1102":[0,0],"1103":[0,0],"1104":[0,0],"1105":[0,0],"1106":[0,0],"1107":[0,0],"1108":[0,0],"1109":[0,0,0,0,0],"1110":[0,0,0,0,0],"1111":[0,0],"1112":[0,0],"1113":[0,0],"1114":[0,0],"1115":[0,0],"1116":[0,0],"1117":[0,0],"1118":[0,0],"1119":[0,0],"1120":[0,0],"1121":[0,0],"1122":[0,0],"1123":[0,0],"1124":[0,0],"1125":[0,0],"1126":[0,0],"1127":[0,0],"1128":[0,0],"1129":[0,0],"1130":[0,0],"1131":[0,0,0],"1132":[0,0],"1133":[0,0,0],"1134":[0,0],"1135":[0,0],"1136":[0,0],"1137":[0,0],"1138":[0,0],"1139":[0,0],"1140":[0,0],"1141":[0,0],"1142":[0,0],"1143":[0,0],"1144":[0,0],"1145":[0,0],"1146":[0,0],"1147":[0,0],"1148":[0,0],"1149":[0,0],"1150":[0,0],"1151":[0,0],"1152":[0,0],"1153":[0,0],"1154":[0,0],"1155":[0,0,0],"1156":[0,0],"1157":[0,0],"1158":[0,0],"1159":[0,0],"1160":[0,0],"1161":[0,0],"1162":[0,0],"1163":[0,0],"1164":[0,0,0],"1165":[0,0],"1166":[0,0,0],"1167":[0,0],"1168":[0,0],"1169":[0,0,0],"1170":[0,0],"1171":[0,0],"1172":[0,0],"1173":[0,0],"1174":[0,0],"1175":[16,16],"1176":[0,0],"1177":[0,0],"1178":[0,0],"1179":[0,0],"1180":[0,0,0],"1181":[0,0],"1182":[0,0],"1183":[0,0],"1184":[0,0],"1185":[0,0],"1186":[0,0,0],"1187":[0,0],"1188":[0,0,0],"1189":[0,0],"1190":[0,0],"1191":[0,0,0],"1192":[0,1],"1193":[0,0],"1194":[0,0],"1195":[0,0],"1196":[0,0],"1197":[0,0],"1198":[0,0,0],"1199":[0,0],"1200":[0,0],"1201":[0,0],"1202":[0,0],"1203":[0,0],"1204":[0,0],"1205":[0,0],"1206":[0,0],"1207":[0,0],"1208":[0,0],"1209":[0,0],"1210":[0,0],"1211":[0,0],"1212":[0,0],"1213":[0,0],"1214":[0,0],"1215":[0,0],"1216":[0,0],"1217":[0,0],"1218":[0,0],"1219":[0,0],"1220":[0,0],"1221":[0,0],"1222":[0,0],"1223":[0,0],"1224":[0,0],"1225":[0,0],"1226":[0,0],"1227":[0,0],"1228":[0,0],"1229":[0,0],"1230":[0,0],"1231":[0,0],"1232":[0,0],"1233":[0,0],"1234":[0,0],"1235":[0,0,0],"1236":[0,0],"1237":[0,0],"1238":[0,0],"1239":[0,0],"1240":[0,0],"1241":[0,0],"1242":[0,0],"1243":[0,0],"1244":[0,0],"1245":[0,0],"1246":[0,0,0],"1247":[0,0],"1248":[0,0],"1249":[0,0],"1250":[0,0],"1251":[0,0],"1252":[0,0],"1253":[0,0,0,0,0],"1254":[0,0],"1255":[0,0],"1256":[0,0],"1257":[0,0],"1258":[2,0],"1259":[0,0],"1260":[0,0],"1261":[0,0],"1262":[0,0],"1263":[0,0],"1264":[0,0],"1265":[0,0],"1266":[0,0],"1267":[0,0],"1268":[0,0],"1269":[0,0],"1270":[0,0],"1271":[0,0],"1272":[0,0],"1273":[0,0],"1274":[0,0],"1275":[0,0],"1276":[0,0],"1277":[0,0,0],"1278":[0,0],"1279":[0,0,0],"1280":[0,0],"1281":[0,0],"1282":[0,0],"1283":[0,0],"1284":[0,0,0],"1285":[0,0],"1286":[0,0],"1287":[0,0],"1288":[0,0],"1289":[0,0],"1290":[0,0],"1291":[0,0],"1292":[0,0],"1293":[0,0,0],"1294":[0,0],"1295":[0,0],"1296":[0,0],"1297":[0,0],"1298":[0,0,0],"1299":[0,0],"1300":[0,0,0],"1301":[0,0],"1302":[0,0],"1303":[0,0],"1304":[0,0],"1305":[0,0],"1306":[0,0],"1307":[0,0],"1308":[1,0],"1309":[0,0],"1310":[0,0],"1311":[0,0],"1312":[0,0],"1313":[0,0],"1314":[0,0],"1315":[0,0],"1316":[0,0],"1317":[0,0],"1318":[0,0],"1319":[0,0],"1320":[0,0],"1321":[0,0],"1322":[0,0],"1323":[0,0],"1324":[0,0],"1325":[0,0],"1326":[0,0],"1327":[0,0],"1328":[0,0,0],"1329":[0,0],"1330":[0,0,0,0,0,0],"1331":[0,0],"1332":[0,0],"1333":[2,3],"1334":[5,0],"1335":[5,0],"1336":[0,6],"1337":[0,0],"1338":[0,0],"1339":[6,6],"1340":[0,0],"1341":[0,0],"1342":[0,0,0],"1343":[0,0],"1344":[0,0,0],"1345":[2,0],"1346":[5,0],"1347":[0,5],"1348":[5,2],"1349":[2,0],"1350":[0,0],"1351":[0,0],"1352":[0,0],"1353":[0,0],"1354":[0,0],"1355":[0,0],"1356":[0,0],"1357":[0,0],"1358":[0,0],"1359":[0,0],"1360":[0,0],"1361":[0,0],"1362":[0,0],"1363":[0,0],"1364":[0,0],"1365":[0,0,0],"1366":[0,0],"1367":[0,0],"1368":[0,0],"1369":[0,0],"1370":[0,0],"1371":[0,0],"1372":[0,0],"1373":[0,0],"1374":[0,0],"1375":[0,0],"1376":[0,0],"1377":[0,0],"1378":[0,0],"1379":[0,0],"1380":[0,0],"1381":[0,2],"1382":[0,0],"1383":[0,0],"1384":[0,0],"1385":[0,0],"1386":[0,0,0],"1387":[0,0],"1388":[0,0],"1389":[0,0],"1390":[0,0],"1391":[0,0],"1392":[0,0],"1393":[0,0],"1394":[0,0],"1395":[0,0],"1396":[0,0],"1397":[0,0],"1398":[0,0],"1399":[0,0,0],"1400":[0,0,0,0],"1401":[0,0],"1402":[0,0],"1403":[0,0],"1404":[0,0],"1405":[0,0,0],"1406":[0,0],"1407":[0,0],"1408":[0,0],"1409":[0,0],"1410":[0,0],"1411":[0,0],"1412":[0,0],"1413":[0,0],"1414":[0,0],"1415":[0,0],"1416":[0,0,0],"1417":[0,0],"1418":[0,0],"1419":[0,0],"1420":[0,0],"1421":[0,0],"1422":[0,0,0,0],"1423":[0,0],"1424":[0,0],"1425":[0,0],"1426":[0,0],"1427":[0,0,0],"1428":[0,0],"1429":[0,0],"1430":[0,0],"1431":[0,0],"1432":[0,0],"1433":[0,0],"1434":[0,0],"1435":[0,0],"1436":[0,0],"1437":[0,0],"1438":[0,0,0],"1439":[0,0],"1440":[0,0],"1441":[0,0],"1442":[0,0],"1443":[0,0],"1444":[0,0],"1445":[0,0],"1446":[0,0],"1447":[0,0],"1448":[0,0],"1449":[0,0],"1450":[0,0],"1451":[0,0],"1452":[0,0],"1453":[0,0],"1454":[0,0],"1455":[0,0],"1456":[0,0],"1457":[0,0],"1458":[0,0],"1459":[0,0],"1460":[0,0],"1461":[0,0],"1462":[0,0],"1463":[0,0],"1464":[0,0],"1465":[0,0],"1466":[0,0,0],"1467":[1,1],"1468":[0,0],"1469":[0,0,0],"1470":[0,0],"1471":[0,0],"1472":[0,0],"1473":[0,0],"1474":[0,0],"1475":[0,0],"1476":[0,0],"1477":[0,0],"1478":[0,0],"1479":[0,0],"1480":[0,0],"1481":[0,0],"1482":[0,0],"1483":[0,0],"1484":[0,0],"1485":[0,0],"1486":[0,0,0],"1487":[0,0],"1488":[0,0],"1489":[0,0],"1490":[0,0],"1491":[0,0],"1492":[0,0],"1493":[0,0],"1494":[0,0],"1495":[0,0],"1496":[0,0],"1497":[0,0],"1498":[0,0],"1499":[0,0,0,0],"1500":[0,0],"1501":[0,0],"1502":[0,0],"1503":[0,0],"1504":[0,0],"1505":[0,0],"1506":[0,0],"1507":[0,0],"1508":[0,0],"1509":[0,0],"1510":[0,0],"1511":[0,0],"1512":[0,0],"1513":[0,0],"1514":[0,0],"1515":[0,0],"1516":[0,0],"1517":[0,0],"1518":[0,0],"1519":[0,0],"1520":[0,0],"1521":[0,0],"1522":[0,0],"1523":[0,0],"1524":[0,0],"1525":[0,0],"1526":[0,0],"1527":[0,0],"1528":[0,0],"1529":[0,0],"1530":[0,0,0],"1531":[0,0],"1532":[0,0],"1533":[0,0],"1534":[0,0],"1535":[0,0],"1536":[0,0],"1537":[0,0],"1538":[0,0],"1539":[0,0],"1540":[0,0],"1541":[0,0],"1542":[0,0],"1543":[0,0],"1544":[0,0],"1545":[0,0,0,0],"1546":[0,0],"1547":[0,0,0],"1548":[0,0],"1549":[0,0],"1550":[0,0],"1551":[0,0],"1552":[0,0],"1553":[0,0],"1554":[0,0],"1555":[0,0],"1556":[0,0],"1557":[0,0],"1558":[0,0],"1559":[0,0,0],"1560":[0,0],"1561":[0,0],"1562":[0,0],"1563":[0,0],"1564":[0,0],"1565":[0,0],"1566":[0,0],"1567":[0,0],"1568":[0,0],"1569":[0,0],"1570":[0,0],"1571":[0,1],"1572":[1,0],"1573":[0,0],"1574":[0,0],"1575":[0,0],"1576":[1,0]},"_coverageSchema":"332fd63041d2c1bcb487cc26dd0d5f7d97098a6c","hash":"935439c4ac2967722dcc8b6c480c6c3bffb759dc","contentHash":"290df2f74644abb418df6900d0c9e121_11.1.0"}}