{"/Users/hoiweng/Desktop/dev/jquery/src/ajax.js":{"path":"/Users/hoiweng/Desktop/dev/jquery/src/ajax.js","s":{"1":1,"2":0,"3":0,"4":1,"5":0,"6":0,"7":0,"8":0,"9":0,"10":0,"11":0,"12":0,"13":0,"14":0,"15":0,"16":1,"17":0,"18":1,"19":0,"20":0,"21":0,"22":0,"23":0,"24":0,"25":0,"26":0,"27":0,"28":0,"29":0,"30":0,"31":1,"32":0,"33":0,"34":0,"35":0,"36":0,"37":0,"38":0,"39":1,"40":0,"41":0,"42":0,"43":0,"44":0,"45":0,"46":0,"47":0,"48":0,"49":0,"50":0,"51":0,"52":0,"53":0,"54":0,"55":0,"56":0,"57":0,"58":0,"59":0,"60":0,"61":0,"62":0,"63":1,"64":0,"65":0,"66":0,"67":0,"68":0,"69":0,"70":0,"71":0,"72":0,"73":0,"74":0,"75":0,"76":0,"77":0,"78":0,"79":0,"80":0,"81":0,"82":0,"83":0,"84":0,"85":0,"86":0,"87":0,"88":0,"89":0,"90":0,"91":0,"92":0,"93":0,"94":0,"95":0,"96":0,"97":0,"98":0,"99":0,"100":0,"101":0,"102":0,"103":0,"104":0,"105":0,"106":0,"107":0,"108":0,"109":0,"110":0,"111":0,"112":0,"113":0,"114":0,"115":0,"116":0,"117":0,"118":0,"119":0,"120":0,"121":0,"122":0,"123":0,"124":0,"125":0,"126":0,"127":0,"128":0,"129":0,"130":0,"131":0,"132":0,"133":0,"134":0,"135":0,"136":0,"137":0,"138":0,"139":0,"140":0,"141":0,"142":0,"143":0,"144":0,"145":0,"146":0,"147":0,"148":0,"149":0,"150":0,"151":0,"152":0,"153":0,"154":0,"155":0,"156":0,"157":0,"158":0,"159":0,"160":0,"161":0,"162":0,"163":0,"164":0,"165":0,"166":0,"167":0,"168":0,"169":0,"170":0,"171":0,"172":0,"173":0,"174":0,"175":0,"176":0,"177":0,"178":0,"179":0,"180":0,"181":0,"182":0,"183":0,"184":0,"185":0,"186":0,"187":0,"188":0,"189":0,"190":0,"191":0,"192":0,"193":0,"194":0,"195":0,"196":0,"197":0,"198":0,"199":0,"200":0,"201":1,"202":0,"203":0,"204":0,"205":0,"206":0,"207":0,"208":0,"209":0,"210":0,"211":0,"212":0,"213":0,"214":0,"215":0,"216":0,"217":0,"218":0,"219":0,"220":0,"221":0,"222":0,"223":0,"224":0,"225":0,"226":0,"227":0,"228":0,"229":0,"230":0,"231":0,"232":0,"233":0,"234":0,"235":0,"236":0,"237":0,"238":0,"239":0,"240":0,"241":0,"242":0,"243":0,"244":0,"245":0,"246":0,"247":0,"248":0,"249":0,"250":0,"251":0,"252":0,"253":0,"254":0,"255":0,"256":0,"257":0,"258":0,"259":0,"260":0},"b":{"1":[0,0],"2":[0,0],"3":[0,0],"4":[0,0],"5":[0,0],"6":[0,0],"7":[0,0],"8":[0,0],"9":[0,0],"10":[0,0,0],"11":[0,0],"12":[0,0,0],"13":[0,0],"14":[0,0],"15":[0,0],"16":[0,0],"17":[0,0],"18":[0,0],"19":[0,0],"20":[0,0],"21":[0,0],"22":[0,0],"23":[0,0],"24":[0,0],"25":[0,0],"26":[0,0],"27":[0,0],"28":[0,0],"29":[0,0],"30":[0,0],"31":[0,0],"32":[0,0],"33":[0,0,0],"34":[0,0],"35":[0,0],"36":[0,0],"37":[0,0],"38":[0,0],"39":[0,0],"40":[0,0],"41":[0,0],"42":[0,0],"43":[0,0],"44":[0,0],"45":[0,0],"46":[0,0],"47":[0,0],"48":[0,0],"49":[0,0],"50":[0,0],"51":[0,0],"52":[0,0],"53":[0,0],"54":[0,0,0],"55":[0,0],"56":[0,0],"57":[0,0],"58":[0,0],"59":[0,0],"60":[0,0],"61":[0,0],"62":[0,0],"63":[0,0],"64":[0,0],"65":[0,0],"66":[0,0],"67":[0,0,0],"68":[0,0,0,0],"69":[0,0],"70":[0,0],"71":[0,0],"72":[0,0],"73":[0,0,0],"74":[0,0],"75":[0,0],"76":[0,0],"77":[0,0],"78":[0,0],"79":[0,0],"80":[0,0],"81":[0,0],"82":[0,0],"83":[0,0],"84":[0,0,0],"85":[0,0],"86":[0,0],"87":[0,0],"88":[0,0],"89":[0,0],"90":[0,0,0,0],"91":[0,0],"92":[0,0],"93":[0,0],"94":[0,0],"95":[0,0,0],"96":[0,0],"97":[0,0],"98":[0,0],"99":[0,0],"100":[0,0],"101":[0,0],"102":[0,0],"103":[0,0],"104":[0,0],"105":[0,0],"106":[0,0,0],"107":[0,0],"108":[0,0],"109":[0,0],"110":[0,0],"111":[0,0],"112":[0,0],"113":[0,0],"114":[0,0],"115":[0,0],"116":[0,0],"117":[0,0],"118":[0,0],"119":[0,0],"120":[0,0],"121":[0,0],"122":[0,0],"123":[0,0],"124":[0,0],"125":[0,0],"126":[0,0],"127":[0,0]},"f":{"1":0,"2":0,"3":0,"4":0,"5":0,"6":0,"7":0,"8":0,"9":0,"10":0,"11":0,"12":0,"13":0,"14":0,"15":0,"16":0,"17":0,"18":0,"19":0,"20":0,"21":0,"22":0,"23":0},"fnMap":{"1":{"name":"(anonymous_1)","line":14,"loc":{"start":{"line":14,"column":3},"end":{"line":14,"column":72}}},"2":{"name":"addToPrefiltersOrTransports","line":55,"loc":{"start":{"line":55,"column":0},"end":{"line":55,"column":50}}},"3":{"name":"(anonymous_3)","line":58,"loc":{"start":{"line":58,"column":8},"end":{"line":58,"column":45}}},"4":{"name":"inspectPrefiltersOrTransports","line":89,"loc":{"start":{"line":89,"column":0},"end":{"line":89,"column":85}}},"5":{"name":"inspect","line":94,"loc":{"start":{"line":94,"column":1},"end":{"line":94,"column":30}}},"6":{"name":"(anonymous_6)","line":97,"loc":{"start":{"line":97,"column":44},"end":{"line":97,"column":78}}},"7":{"name":"ajaxExtend","line":118,"loc":{"start":{"line":118,"column":0},"end":{"line":118,"column":35}}},"8":{"name":"ajaxHandleResponses","line":138,"loc":{"start":{"line":138,"column":0},"end":{"line":138,"column":52}}},"9":{"name":"ajaxConvert","line":196,"loc":{"start":{"line":196,"column":0},"end":{"line":196,"column":54}}},"10":{"name":"(anonymous_10)","line":372,"loc":{"start":{"line":372,"column":12},"end":{"line":372,"column":41}}},"11":{"name":"(anonymous_11)","line":386,"loc":{"start":{"line":386,"column":7},"end":{"line":386,"column":32}}},"12":{"name":"(anonymous_12)","line":455,"loc":{"start":{"line":455,"column":23},"end":{"line":455,"column":39}}},"13":{"name":"(anonymous_13)","line":470,"loc":{"start":{"line":470,"column":27},"end":{"line":470,"column":38}}},"14":{"name":"(anonymous_14)","line":475,"loc":{"start":{"line":475,"column":22},"end":{"line":475,"column":46}}},"15":{"name":"(anonymous_15)","line":485,"loc":{"start":{"line":485,"column":22},"end":{"line":485,"column":39}}},"16":{"name":"(anonymous_16)","line":493,"loc":{"start":{"line":493,"column":16},"end":{"line":493,"column":32}}},"17":{"name":"(anonymous_17)","line":512,"loc":{"start":{"line":512,"column":11},"end":{"line":512,"column":34}}},"18":{"name":"(anonymous_18)","line":688,"loc":{"start":{"line":688,"column":38},"end":{"line":688,"column":49}}},"19":{"name":"done","line":709,"loc":{"start":{"line":709,"column":2},"end":{"line":709,"column":64}}},"20":{"name":"(anonymous_20)","line":824,"loc":{"start":{"line":824,"column":10},"end":{"line":824,"column":42}}},"21":{"name":"(anonymous_21)","line":828,"loc":{"start":{"line":828,"column":12},"end":{"line":828,"column":38}}},"22":{"name":"(anonymous_22)","line":833,"loc":{"start":{"line":833,"column":32},"end":{"line":833,"column":54}}},"23":{"name":"(anonymous_23)","line":834,"loc":{"start":{"line":834,"column":20},"end":{"line":834,"column":58}}}},"statementMap":{"1":{"start":{"line":1,"column":0},"end":{"line":855,"column":4}},"2":{"start":{"line":18,"column":0},"end":{"line":51,"column":46}},"3":{"start":{"line":52,"column":1},"end":{"line":52,"column":35}},"4":{"start":{"line":55,"column":0},"end":{"line":86,"column":1}},"5":{"start":{"line":58,"column":1},"end":{"line":85,"column":3}},"6":{"start":{"line":60,"column":2},"end":{"line":63,"column":3}},"7":{"start":{"line":61,"column":3},"end":{"line":61,"column":29}},"8":{"start":{"line":62,"column":3},"end":{"line":62,"column":28}},"9":{"start":{"line":65,"column":2},"end":{"line":67,"column":77}},"10":{"start":{"line":69,"column":2},"end":{"line":84,"column":3}},"11":{"start":{"line":72,"column":3},"end":{"line":83,"column":4}},"12":{"start":{"line":75,"column":4},"end":{"line":82,"column":5}},"13":{"start":{"line":76,"column":5},"end":{"line":76,"column":43}},"14":{"start":{"line":77,"column":5},"end":{"line":77,"column":77}},"15":{"start":{"line":81,"column":5},"end":{"line":81,"column":74}},"16":{"start":{"line":89,"column":0},"end":{"line":113,"column":1}},"17":{"start":{"line":91,"column":1},"end":{"line":92,"column":50}},"18":{"start":{"line":94,"column":1},"end":{"line":110,"column":2}},"19":{"start":{"line":95,"column":2},"end":{"line":95,"column":15}},"20":{"start":{"line":96,"column":2},"end":{"line":96,"column":31}},"21":{"start":{"line":97,"column":2},"end":{"line":108,"column":6}},"22":{"start":{"line":98,"column":3},"end":{"line":98,"column":83}},"23":{"start":{"line":99,"column":3},"end":{"line":107,"column":4}},"24":{"start":{"line":102,"column":4},"end":{"line":102,"column":53}},"25":{"start":{"line":103,"column":4},"end":{"line":103,"column":35}},"26":{"start":{"line":104,"column":4},"end":{"line":104,"column":17}},"27":{"start":{"line":105,"column":10},"end":{"line":107,"column":4}},"28":{"start":{"line":106,"column":4},"end":{"line":106,"column":47}},"29":{"start":{"line":109,"column":2},"end":{"line":109,"column":18}},"30":{"start":{"line":112,"column":1},"end":{"line":112,"column":81}},"31":{"start":{"line":118,"column":0},"end":{"line":132,"column":1}},"32":{"start":{"line":119,"column":1},"end":{"line":120,"column":54}},"33":{"start":{"line":122,"column":1},"end":{"line":126,"column":2}},"34":{"start":{"line":123,"column":2},"end":{"line":125,"column":3}},"35":{"start":{"line":124,"column":3},"end":{"line":124,"column":83}},"36":{"start":{"line":127,"column":1},"end":{"line":129,"column":2}},"37":{"start":{"line":128,"column":2},"end":{"line":128,"column":38}},"38":{"start":{"line":131,"column":1},"end":{"line":131,"column":15}},"39":{"start":{"line":138,"column":0},"end":{"line":191,"column":1}},"40":{"start":{"line":140,"column":1},"end":{"line":142,"column":26}},"41":{"start":{"line":145,"column":1},"end":{"line":150,"column":2}},"42":{"start":{"line":146,"column":2},"end":{"line":146,"column":20}},"43":{"start":{"line":147,"column":2},"end":{"line":149,"column":3}},"44":{"start":{"line":148,"column":3},"end":{"line":148,"column":64}},"45":{"start":{"line":153,"column":1},"end":{"line":160,"column":2}},"46":{"start":{"line":154,"column":2},"end":{"line":159,"column":3}},"47":{"start":{"line":155,"column":3},"end":{"line":158,"column":4}},"48":{"start":{"line":156,"column":4},"end":{"line":156,"column":30}},"49":{"start":{"line":157,"column":4},"end":{"line":157,"column":10}},"50":{"start":{"line":163,"column":1},"end":{"line":180,"column":2}},"51":{"start":{"line":164,"column":2},"end":{"line":164,"column":33}},"52":{"start":{"line":168,"column":2},"end":{"line":176,"column":3}},"53":{"start":{"line":169,"column":3},"end":{"line":172,"column":4}},"54":{"start":{"line":170,"column":4},"end":{"line":170,"column":25}},"55":{"start":{"line":171,"column":4},"end":{"line":171,"column":10}},"56":{"start":{"line":173,"column":3},"end":{"line":175,"column":4}},"57":{"start":{"line":174,"column":4},"end":{"line":174,"column":25}},"58":{"start":{"line":179,"column":2},"end":{"line":179,"column":49}},"59":{"start":{"line":185,"column":1},"end":{"line":190,"column":2}},"60":{"start":{"line":186,"column":2},"end":{"line":188,"column":3}},"61":{"start":{"line":187,"column":3},"end":{"line":187,"column":38}},"62":{"start":{"line":189,"column":2},"end":{"line":189,"column":36}},"63":{"start":{"line":196,"column":0},"end":{"line":290,"column":1}},"64":{"start":{"line":197,"column":1},"end":{"line":201,"column":34}},"65":{"start":{"line":204,"column":1},"end":{"line":208,"column":2}},"66":{"start":{"line":205,"column":2},"end":{"line":207,"column":3}},"67":{"start":{"line":206,"column":3},"end":{"line":206,"column":59}},"68":{"start":{"line":210,"column":1},"end":{"line":210,"column":29}},"69":{"start":{"line":213,"column":1},"end":{"line":287,"column":2}},"70":{"start":{"line":215,"column":2},"end":{"line":217,"column":3}},"71":{"start":{"line":216,"column":3},"end":{"line":216,"column":51}},"72":{"start":{"line":220,"column":2},"end":{"line":222,"column":3}},"73":{"start":{"line":221,"column":3},"end":{"line":221,"column":51}},"74":{"start":{"line":224,"column":2},"end":{"line":224,"column":17}},"75":{"start":{"line":225,"column":2},"end":{"line":225,"column":30}},"76":{"start":{"line":227,"column":2},"end":{"line":286,"column":3}},"77":{"start":{"line":230,"column":3},"end":{"line":285,"column":4}},"78":{"start":{"line":232,"column":4},"end":{"line":232,"column":19}},"79":{"start":{"line":235,"column":10},"end":{"line":285,"column":4}},"80":{"start":{"line":238,"column":4},"end":{"line":238,"column":78}},"81":{"start":{"line":241,"column":4},"end":{"line":266,"column":5}},"82":{"start":{"line":242,"column":5},"end":{"line":265,"column":6}},"83":{"start":{"line":245,"column":6},"end":{"line":245,"column":31}},"84":{"start":{"line":246,"column":6},"end":{"line":264,"column":7}},"85":{"start":{"line":249,"column":7},"end":{"line":250,"column":38}},"86":{"start":{"line":251,"column":7},"end":{"line":263,"column":8}},"87":{"start":{"line":254,"column":8},"end":{"line":261,"column":9}},"88":{"start":{"line":255,"column":9},"end":{"line":255,"column":36}},"89":{"start":{"line":258,"column":15},"end":{"line":261,"column":9}},"90":{"start":{"line":259,"column":9},"end":{"line":259,"column":28}},"91":{"start":{"line":260,"column":9},"end":{"line":260,"column":39}},"92":{"start":{"line":262,"column":8},"end":{"line":262,"column":14}},"93":{"start":{"line":269,"column":4},"end":{"line":284,"column":5}},"94":{"start":{"line":272,"column":5},"end":{"line":283,"column":6}},"95":{"start":{"line":273,"column":6},"end":{"line":273,"column":34}},"96":{"start":{"line":275,"column":6},"end":{"line":282,"column":7}},"97":{"start":{"line":276,"column":7},"end":{"line":276,"column":35}},"98":{"start":{"line":278,"column":7},"end":{"line":281,"column":9}},"99":{"start":{"line":289,"column":1},"end":{"line":289,"column":45}},"100":{"start":{"line":292,"column":0},"end":{"line":831,"column":4}},"101":{"start":{"line":373,"column":2},"end":{"line":379,"column":45}},"102":{"start":{"line":389,"column":2},"end":{"line":392,"column":3}},"103":{"start":{"line":390,"column":3},"end":{"line":390,"column":17}},"104":{"start":{"line":391,"column":3},"end":{"line":391,"column":19}},"105":{"start":{"line":395,"column":2},"end":{"line":395,"column":26}},"106":{"start":{"line":397,"column":2},"end":{"line":520,"column":5}},"107":{"start":{"line":456,"column":5},"end":{"line":456,"column":15}},"108":{"start":{"line":457,"column":5},"end":{"line":465,"column":6}},"109":{"start":{"line":458,"column":6},"end":{"line":463,"column":7}},"110":{"start":{"line":459,"column":7},"end":{"line":459,"column":28}},"111":{"start":{"line":460,"column":7},"end":{"line":462,"column":8}},"112":{"start":{"line":461,"column":8},"end":{"line":461,"column":65}},"113":{"start":{"line":464,"column":6},"end":{"line":464,"column":51}},"114":{"start":{"line":466,"column":5},"end":{"line":466,"column":41}},"115":{"start":{"line":471,"column":5},"end":{"line":471,"column":53}},"116":{"start":{"line":476,"column":5},"end":{"line":480,"column":6}},"117":{"start":{"line":477,"column":6},"end":{"line":478,"column":57}},"118":{"start":{"line":479,"column":6},"end":{"line":479,"column":37}},"119":{"start":{"line":481,"column":5},"end":{"line":481,"column":17}},"120":{"start":{"line":486,"column":5},"end":{"line":488,"column":6}},"121":{"start":{"line":487,"column":6},"end":{"line":487,"column":24}},"122":{"start":{"line":489,"column":5},"end":{"line":489,"column":17}},"123":{"start":{"line":494,"column":5},"end":{"line":494,"column":14}},"124":{"start":{"line":495,"column":5},"end":{"line":507,"column":6}},"125":{"start":{"line":496,"column":6},"end":{"line":506,"column":7}},"126":{"start":{"line":499,"column":7},"end":{"line":499,"column":43}},"127":{"start":{"line":503,"column":7},"end":{"line":505,"column":8}},"128":{"start":{"line":504,"column":8},"end":{"line":504,"column":65}},"129":{"start":{"line":508,"column":5},"end":{"line":508,"column":17}},"130":{"start":{"line":513,"column":5},"end":{"line":513,"column":44}},"131":{"start":{"line":514,"column":5},"end":{"line":516,"column":6}},"132":{"start":{"line":515,"column":6},"end":{"line":515,"column":35}},"133":{"start":{"line":517,"column":5},"end":{"line":517,"column":26}},"134":{"start":{"line":518,"column":5},"end":{"line":518,"column":17}},"135":{"start":{"line":523,"column":2},"end":{"line":523,"column":28}},"136":{"start":{"line":528,"column":2},"end":{"line":529,"column":51}},"137":{"start":{"line":532,"column":2},"end":{"line":532,"column":64}},"138":{"start":{"line":535,"column":2},"end":{"line":535,"column":85}},"139":{"start":{"line":538,"column":2},"end":{"line":558,"column":3}},"140":{"start":{"line":539,"column":3},"end":{"line":539,"column":45}},"141":{"start":{"line":544,"column":3},"end":{"line":557,"column":4}},"142":{"start":{"line":545,"column":4},"end":{"line":545,"column":27}},"143":{"start":{"line":549,"column":4},"end":{"line":549,"column":36}},"144":{"start":{"line":550,"column":4},"end":{"line":551,"column":48}},"145":{"start":{"line":556,"column":4},"end":{"line":556,"column":25}},"146":{"start":{"line":561,"column":2},"end":{"line":563,"column":3}},"147":{"start":{"line":562,"column":3},"end":{"line":562,"column":50}},"148":{"start":{"line":566,"column":2},"end":{"line":566,"column":65}},"149":{"start":{"line":569,"column":2},"end":{"line":571,"column":3}},"150":{"start":{"line":570,"column":3},"end":{"line":570,"column":16}},"151":{"start":{"line":575,"column":2},"end":{"line":575,"column":41}},"152":{"start":{"line":578,"column":2},"end":{"line":580,"column":3}},"153":{"start":{"line":579,"column":3},"end":{"line":579,"column":39}},"154":{"start":{"line":583,"column":2},"end":{"line":583,"column":32}},"155":{"start":{"line":586,"column":2},"end":{"line":586,"column":44}},"156":{"start":{"line":591,"column":2},"end":{"line":591,"column":40}},"157":{"start":{"line":594,"column":2},"end":{"line":620,"column":3}},"158":{"start":{"line":597,"column":3},"end":{"line":597,"column":45}},"159":{"start":{"line":600,"column":3},"end":{"line":605,"column":4}},"160":{"start":{"line":601,"column":4},"end":{"line":601,"column":65}},"161":{"start":{"line":604,"column":4},"end":{"line":604,"column":18}},"162":{"start":{"line":608,"column":3},"end":{"line":611,"column":4}},"163":{"start":{"line":609,"column":4},"end":{"line":609,"column":52}},"164":{"start":{"line":610,"column":4},"end":{"line":610,"column":87}},"165":{"start":{"line":614,"column":3},"end":{"line":614,"column":31}},"166":{"start":{"line":617,"column":9},"end":{"line":620,"column":3}},"167":{"start":{"line":619,"column":3},"end":{"line":619,"column":39}},"168":{"start":{"line":623,"column":2},"end":{"line":630,"column":3}},"169":{"start":{"line":624,"column":3},"end":{"line":626,"column":4}},"170":{"start":{"line":625,"column":4},"end":{"line":625,"column":83}},"171":{"start":{"line":627,"column":3},"end":{"line":629,"column":4}},"172":{"start":{"line":628,"column":4},"end":{"line":628,"column":71}},"173":{"start":{"line":633,"column":2},"end":{"line":635,"column":3}},"174":{"start":{"line":634,"column":3},"end":{"line":634,"column":59}},"175":{"start":{"line":638,"column":2},"end":{"line":644,"column":4}},"176":{"start":{"line":647,"column":2},"end":{"line":649,"column":3}},"177":{"start":{"line":648,"column":3},"end":{"line":648,"column":47}},"178":{"start":{"line":652,"column":2},"end":{"line":657,"column":3}},"179":{"start":{"line":656,"column":3},"end":{"line":656,"column":24}},"180":{"start":{"line":660,"column":2},"end":{"line":660,"column":21}},"181":{"start":{"line":663,"column":2},"end":{"line":663,"column":37}},"182":{"start":{"line":664,"column":2},"end":{"line":664,"column":26}},"183":{"start":{"line":665,"column":2},"end":{"line":665,"column":24}},"184":{"start":{"line":668,"column":2},"end":{"line":668,"column":77}},"185":{"start":{"line":671,"column":2},"end":{"line":706,"column":3}},"186":{"start":{"line":672,"column":3},"end":{"line":672,"column":30}},"187":{"start":{"line":674,"column":3},"end":{"line":674,"column":24}},"188":{"start":{"line":677,"column":3},"end":{"line":679,"column":4}},"189":{"start":{"line":678,"column":4},"end":{"line":678,"column":59}},"190":{"start":{"line":682,"column":3},"end":{"line":684,"column":4}},"191":{"start":{"line":683,"column":4},"end":{"line":683,"column":17}},"192":{"start":{"line":687,"column":3},"end":{"line":691,"column":4}},"193":{"start":{"line":688,"column":4},"end":{"line":690,"column":19}},"194":{"start":{"line":689,"column":5},"end":{"line":689,"column":30}},"195":{"start":{"line":693,"column":3},"end":{"line":705,"column":4}},"196":{"start":{"line":694,"column":4},"end":{"line":694,"column":22}},"197":{"start":{"line":695,"column":4},"end":{"line":695,"column":43}},"198":{"start":{"line":699,"column":4},"end":{"line":701,"column":5}},"199":{"start":{"line":700,"column":5},"end":{"line":700,"column":13}},"200":{"start":{"line":704,"column":4},"end":{"line":704,"column":18}},"201":{"start":{"line":709,"column":2},"end":{"line":819,"column":3}},"202":{"start":{"line":710,"column":3},"end":{"line":711,"column":34}},"203":{"start":{"line":714,"column":3},"end":{"line":716,"column":4}},"204":{"start":{"line":715,"column":4},"end":{"line":715,"column":11}},"205":{"start":{"line":718,"column":3},"end":{"line":718,"column":20}},"206":{"start":{"line":721,"column":3},"end":{"line":723,"column":4}},"207":{"start":{"line":722,"column":4},"end":{"line":722,"column":40}},"208":{"start":{"line":727,"column":3},"end":{"line":727,"column":25}},"209":{"start":{"line":730,"column":3},"end":{"line":730,"column":41}},"210":{"start":{"line":733,"column":3},"end":{"line":733,"column":41}},"211":{"start":{"line":736,"column":3},"end":{"line":736,"column":63}},"212":{"start":{"line":739,"column":3},"end":{"line":741,"column":4}},"213":{"start":{"line":740,"column":4},"end":{"line":740,"column":58}},"214":{"start":{"line":744,"column":3},"end":{"line":744,"column":59}},"215":{"start":{"line":747,"column":3},"end":{"line":786,"column":4}},"216":{"start":{"line":750,"column":4},"end":{"line":759,"column":5}},"217":{"start":{"line":751,"column":5},"end":{"line":751,"column":59}},"218":{"start":{"line":752,"column":5},"end":{"line":754,"column":6}},"219":{"start":{"line":753,"column":6},"end":{"line":753,"column":49}},"220":{"start":{"line":755,"column":5},"end":{"line":755,"column":50}},"221":{"start":{"line":756,"column":5},"end":{"line":758,"column":6}},"222":{"start":{"line":757,"column":6},"end":{"line":757,"column":41}},"223":{"start":{"line":762,"column":4},"end":{"line":775,"column":5}},"224":{"start":{"line":763,"column":5},"end":{"line":763,"column":30}},"225":{"start":{"line":766,"column":11},"end":{"line":775,"column":5}},"226":{"start":{"line":767,"column":5},"end":{"line":767,"column":32}},"227":{"start":{"line":771,"column":5},"end":{"line":771,"column":33}},"228":{"start":{"line":772,"column":5},"end":{"line":772,"column":29}},"229":{"start":{"line":773,"column":5},"end":{"line":773,"column":28}},"230":{"start":{"line":774,"column":5},"end":{"line":774,"column":24}},"231":{"start":{"line":779,"column":4},"end":{"line":779,"column":23}},"232":{"start":{"line":780,"column":4},"end":{"line":785,"column":5}},"233":{"start":{"line":781,"column":5},"end":{"line":781,"column":26}},"234":{"start":{"line":782,"column":5},"end":{"line":784,"column":6}},"235":{"start":{"line":783,"column":6},"end":{"line":783,"column":17}},"236":{"start":{"line":789,"column":3},"end":{"line":789,"column":25}},"237":{"start":{"line":790,"column":3},"end":{"line":790,"column":62}},"238":{"start":{"line":793,"column":3},"end":{"line":797,"column":4}},"239":{"start":{"line":794,"column":4},"end":{"line":794,"column":76}},"240":{"start":{"line":796,"column":4},"end":{"line":796,"column":73}},"241":{"start":{"line":800,"column":3},"end":{"line":800,"column":34}},"242":{"start":{"line":801,"column":3},"end":{"line":801,"column":26}},"243":{"start":{"line":803,"column":3},"end":{"line":806,"column":4}},"244":{"start":{"line":804,"column":4},"end":{"line":805,"column":49}},"245":{"start":{"line":809,"column":3},"end":{"line":809,"column":71}},"246":{"start":{"line":811,"column":3},"end":{"line":818,"column":4}},"247":{"start":{"line":812,"column":4},"end":{"line":812,"column":63}},"248":{"start":{"line":815,"column":4},"end":{"line":817,"column":5}},"249":{"start":{"line":816,"column":5},"end":{"line":816,"column":40}},"250":{"start":{"line":821,"column":2},"end":{"line":821,"column":15}},"251":{"start":{"line":825,"column":2},"end":{"line":825,"column":51}},"252":{"start":{"line":829,"column":2},"end":{"line":829,"column":58}},"253":{"start":{"line":833,"column":0},"end":{"line":852,"column":4}},"254":{"start":{"line":834,"column":1},"end":{"line":851,"column":3}},"255":{"start":{"line":837,"column":2},"end":{"line":841,"column":3}},"256":{"start":{"line":838,"column":3},"end":{"line":838,"column":27}},"257":{"start":{"line":839,"column":3},"end":{"line":839,"column":19}},"258":{"start":{"line":840,"column":3},"end":{"line":840,"column":20}},"259":{"start":{"line":844,"column":2},"end":{"line":850,"column":44}},"260":{"start":{"line":854,"column":0},"end":{"line":854,"column":14}}},"branchMap":{"1":{"line":60,"type":"if","locations":[{"start":{"line":60,"column":2},"end":{"line":60,"column":2}},{"start":{"line":60,"column":2},"end":{"line":60,"column":2}}]},"2":{"line":67,"type":"binary-expr","locations":[{"start":{"line":67,"column":15},"end":{"line":67,"column":70}},{"start":{"line":67,"column":74},"end":{"line":67,"column":76}}]},"3":{"line":69,"type":"if","locations":[{"start":{"line":69,"column":2},"end":{"line":69,"column":2}},{"start":{"line":69,"column":2},"end":{"line":69,"column":2}}]},"4":{"line":75,"type":"if","locations":[{"start":{"line":75,"column":4},"end":{"line":75,"column":4}},{"start":{"line":75,"column":4},"end":{"line":75,"column":4}}]},"5":{"line":76,"type":"binary-expr","locations":[{"start":{"line":76,"column":16},"end":{"line":76,"column":35}},{"start":{"line":76,"column":39},"end":{"line":76,"column":42}}]},"6":{"line":77,"type":"binary-expr","locations":[{"start":{"line":77,"column":31},"end":{"line":77,"column":52}},{"start":{"line":77,"column":56},"end":{"line":77,"column":58}}]},"7":{"line":81,"type":"binary-expr","locations":[{"start":{"line":81,"column":31},"end":{"line":81,"column":52}},{"start":{"line":81,"column":56},"end":{"line":81,"column":58}}]},"8":{"line":97,"type":"binary-expr","locations":[{"start":{"line":97,"column":15},"end":{"line":97,"column":36}},{"start":{"line":97,"column":40},"end":{"line":97,"column":42}}]},"9":{"line":99,"type":"if","locations":[{"start":{"line":99,"column":3},"end":{"line":99,"column":3}},{"start":{"line":99,"column":3},"end":{"line":99,"column":3}}]},"10":{"line":99,"type":"binary-expr","locations":[{"start":{"line":99,"column":8},"end":{"line":99,"column":47}},{"start":{"line":100,"column":4},"end":{"line":100,"column":21}},{"start":{"line":100,"column":25},"end":{"line":100,"column":58}}]},"11":{"line":105,"type":"if","locations":[{"start":{"line":105,"column":10},"end":{"line":105,"column":10}},{"start":{"line":105,"column":10},"end":{"line":105,"column":10}}]},"12":{"line":112,"type":"binary-expr","locations":[{"start":{"line":112,"column":8},"end":{"line":112,"column":41}},{"start":{"line":112,"column":45},"end":{"line":112,"column":62}},{"start":{"line":112,"column":66},"end":{"line":112,"column":80}}]},"13":{"line":120,"type":"binary-expr","locations":[{"start":{"line":120,"column":16},"end":{"line":120,"column":47}},{"start":{"line":120,"column":51},"end":{"line":120,"column":53}}]},"14":{"line":123,"type":"if","locations":[{"start":{"line":123,"column":2},"end":{"line":123,"column":2}},{"start":{"line":123,"column":2},"end":{"line":123,"column":2}}]},"15":{"line":124,"type":"cond-expr","locations":[{"start":{"line":124,"column":26},"end":{"line":124,"column":32}},{"start":{"line":124,"column":37},"end":{"line":124,"column":58}}]},"16":{"line":124,"type":"binary-expr","locations":[{"start":{"line":124,"column":37},"end":{"line":124,"column":41}},{"start":{"line":124,"column":47},"end":{"line":124,"column":56}}]},"17":{"line":127,"type":"if","locations":[{"start":{"line":127,"column":1},"end":{"line":127,"column":1}},{"start":{"line":127,"column":1},"end":{"line":127,"column":1}}]},"18":{"line":147,"type":"if","locations":[{"start":{"line":147,"column":2},"end":{"line":147,"column":2}},{"start":{"line":147,"column":2},"end":{"line":147,"column":2}}]},"19":{"line":148,"type":"binary-expr","locations":[{"start":{"line":148,"column":8},"end":{"line":148,"column":18}},{"start":{"line":148,"column":22},"end":{"line":148,"column":63}}]},"20":{"line":153,"type":"if","locations":[{"start":{"line":153,"column":1},"end":{"line":153,"column":1}},{"start":{"line":153,"column":1},"end":{"line":153,"column":1}}]},"21":{"line":155,"type":"if","locations":[{"start":{"line":155,"column":3},"end":{"line":155,"column":3}},{"start":{"line":155,"column":3},"end":{"line":155,"column":3}}]},"22":{"line":155,"type":"binary-expr","locations":[{"start":{"line":155,"column":8},"end":{"line":155,"column":24}},{"start":{"line":155,"column":28},"end":{"line":155,"column":55}}]},"23":{"line":163,"type":"if","locations":[{"start":{"line":163,"column":1},"end":{"line":163,"column":1}},{"start":{"line":163,"column":1},"end":{"line":163,"column":1}}]},"24":{"line":169,"type":"if","locations":[{"start":{"line":169,"column":3},"end":{"line":169,"column":3}},{"start":{"line":169,"column":3},"end":{"line":169,"column":3}}]},"25":{"line":169,"type":"binary-expr","locations":[{"start":{"line":169,"column":8},"end":{"line":169,"column":23}},{"start":{"line":169,"column":27},"end":{"line":169,"column":70}}]},"26":{"line":173,"type":"if","locations":[{"start":{"line":173,"column":3},"end":{"line":173,"column":3}},{"start":{"line":173,"column":3},"end":{"line":173,"column":3}}]},"27":{"line":179,"type":"binary-expr","locations":[{"start":{"line":179,"column":18},"end":{"line":179,"column":31}},{"start":{"line":179,"column":35},"end":{"line":179,"column":48}}]},"28":{"line":185,"type":"if","locations":[{"start":{"line":185,"column":1},"end":{"line":185,"column":1}},{"start":{"line":185,"column":1},"end":{"line":185,"column":1}}]},"29":{"line":186,"type":"if","locations":[{"start":{"line":186,"column":2},"end":{"line":186,"column":2}},{"start":{"line":186,"column":2},"end":{"line":186,"column":2}}]},"30":{"line":204,"type":"if","locations":[{"start":{"line":204,"column":1},"end":{"line":204,"column":1}},{"start":{"line":204,"column":1},"end":{"line":204,"column":1}}]},"31":{"line":215,"type":"if","locations":[{"start":{"line":215,"column":2},"end":{"line":215,"column":2}},{"start":{"line":215,"column":2},"end":{"line":215,"column":2}}]},"32":{"line":220,"type":"if","locations":[{"start":{"line":220,"column":2},"end":{"line":220,"column":2}},{"start":{"line":220,"column":2},"end":{"line":220,"column":2}}]},"33":{"line":220,"type":"binary-expr","locations":[{"start":{"line":220,"column":7},"end":{"line":220,"column":12}},{"start":{"line":220,"column":16},"end":{"line":220,"column":25}},{"start":{"line":220,"column":29},"end":{"line":220,"column":41}}]},"34":{"line":227,"type":"if","locations":[{"start":{"line":227,"column":2},"end":{"line":227,"column":2}},{"start":{"line":227,"column":2},"end":{"line":227,"column":2}}]},"35":{"line":230,"type":"if","locations":[{"start":{"line":230,"column":3},"end":{"line":230,"column":3}},{"start":{"line":230,"column":3},"end":{"line":230,"column":3}}]},"36":{"line":235,"type":"if","locations":[{"start":{"line":235,"column":10},"end":{"line":235,"column":10}},{"start":{"line":235,"column":10},"end":{"line":235,"column":10}}]},"37":{"line":235,"type":"binary-expr","locations":[{"start":{"line":235,"column":15},"end":{"line":235,"column":27}},{"start":{"line":235,"column":31},"end":{"line":235,"column":47}}]},"38":{"line":238,"type":"binary-expr","locations":[{"start":{"line":238,"column":11},"end":{"line":238,"column":45}},{"start":{"line":238,"column":49},"end":{"line":238,"column":77}}]},"39":{"line":241,"type":"if","locations":[{"start":{"line":241,"column":4},"end":{"line":241,"column":4}},{"start":{"line":241,"column":4},"end":{"line":241,"column":4}}]},"40":{"line":246,"type":"if","locations":[{"start":{"line":246,"column":6},"end":{"line":246,"column":6}},{"start":{"line":246,"column":6},"end":{"line":246,"column":6}}]},"41":{"line":249,"type":"binary-expr","locations":[{"start":{"line":249,"column":14},"end":{"line":249,"column":49}},{"start":{"line":250,"column":8},"end":{"line":250,"column":37}}]},"42":{"line":251,"type":"if","locations":[{"start":{"line":251,"column":7},"end":{"line":251,"column":7}},{"start":{"line":251,"column":7},"end":{"line":251,"column":7}}]},"43":{"line":254,"type":"if","locations":[{"start":{"line":254,"column":8},"end":{"line":254,"column":8}},{"start":{"line":254,"column":8},"end":{"line":254,"column":8}}]},"44":{"line":258,"type":"if","locations":[{"start":{"line":258,"column":15},"end":{"line":258,"column":15}},{"start":{"line":258,"column":15},"end":{"line":258,"column":15}}]},"45":{"line":269,"type":"if","locations":[{"start":{"line":269,"column":4},"end":{"line":269,"column":4}},{"start":{"line":269,"column":4},"end":{"line":269,"column":4}}]},"46":{"line":272,"type":"if","locations":[{"start":{"line":272,"column":5},"end":{"line":272,"column":5}},{"start":{"line":272,"column":5},"end":{"line":272,"column":5}}]},"47":{"line":272,"type":"binary-expr","locations":[{"start":{"line":272,"column":10},"end":{"line":272,"column":14}},{"start":{"line":272,"column":18},"end":{"line":272,"column":26}}]},"48":{"line":280,"type":"cond-expr","locations":[{"start":{"line":280,"column":22},"end":{"line":280,"column":23}},{"start":{"line":280,"column":26},"end":{"line":280,"column":73}}]},"49":{"line":373,"type":"cond-expr","locations":[{"start":{"line":376,"column":3},"end":{"line":376,"column":68}},{"start":{"line":379,"column":3},"end":{"line":379,"column":44}}]},"50":{"line":389,"type":"if","locations":[{"start":{"line":389,"column":2},"end":{"line":389,"column":2}},{"start":{"line":389,"column":2},"end":{"line":389,"column":2}}]},"51":{"line":395,"type":"binary-expr","locations":[{"start":{"line":395,"column":12},"end":{"line":395,"column":19}},{"start":{"line":395,"column":23},"end":{"line":395,"column":25}}]},"52":{"line":428,"type":"binary-expr","locations":[{"start":{"line":428,"column":21},"end":{"line":428,"column":30}},{"start":{"line":428,"column":34},"end":{"line":428,"column":35}}]},"53":{"line":431,"type":"cond-expr","locations":[{"start":{"line":433,"column":5},"end":{"line":433,"column":30}},{"start":{"line":434,"column":5},"end":{"line":434,"column":17}}]},"54":{"line":431,"type":"binary-expr","locations":[{"start":{"line":431,"column":24},"end":{"line":431,"column":33}},{"start":{"line":432,"column":6},"end":{"line":432,"column":30}},{"start":{"line":432,"column":34},"end":{"line":432,"column":56}}]},"55":{"line":441,"type":"binary-expr","locations":[{"start":{"line":441,"column":16},"end":{"line":441,"column":28}},{"start":{"line":441,"column":32},"end":{"line":441,"column":34}}]},"56":{"line":457,"type":"if","locations":[{"start":{"line":457,"column":5},"end":{"line":457,"column":5}},{"start":{"line":457,"column":5},"end":{"line":457,"column":5}}]},"57":{"line":458,"type":"if","locations":[{"start":{"line":458,"column":6},"end":{"line":458,"column":6}},{"start":{"line":458,"column":6},"end":{"line":458,"column":6}}]},"58":{"line":466,"type":"cond-expr","locations":[{"start":{"line":466,"column":28},"end":{"line":466,"column":32}},{"start":{"line":466,"column":35},"end":{"line":466,"column":40}}]},"59":{"line":471,"type":"cond-expr","locations":[{"start":{"line":471,"column":24},"end":{"line":471,"column":45}},{"start":{"line":471,"column":48},"end":{"line":471,"column":52}}]},"60":{"line":476,"type":"if","locations":[{"start":{"line":476,"column":5},"end":{"line":476,"column":5}},{"start":{"line":476,"column":5},"end":{"line":476,"column":5}}]},"61":{"line":478,"type":"binary-expr","locations":[{"start":{"line":478,"column":7},"end":{"line":478,"column":48}},{"start":{"line":478,"column":52},"end":{"line":478,"column":56}}]},"62":{"line":486,"type":"if","locations":[{"start":{"line":486,"column":5},"end":{"line":486,"column":5}},{"start":{"line":486,"column":5},"end":{"line":486,"column":5}}]},"63":{"line":495,"type":"if","locations":[{"start":{"line":495,"column":5},"end":{"line":495,"column":5}},{"start":{"line":495,"column":5},"end":{"line":495,"column":5}}]},"64":{"line":496,"type":"if","locations":[{"start":{"line":496,"column":6},"end":{"line":496,"column":6}},{"start":{"line":496,"column":6},"end":{"line":496,"column":6}}]},"65":{"line":513,"type":"binary-expr","locations":[{"start":{"line":513,"column":21},"end":{"line":513,"column":31}},{"start":{"line":513,"column":35},"end":{"line":513,"column":43}}]},"66":{"line":514,"type":"if","locations":[{"start":{"line":514,"column":5},"end":{"line":514,"column":5}},{"start":{"line":514,"column":5},"end":{"line":514,"column":5}}]},"67":{"line":528,"type":"binary-expr","locations":[{"start":{"line":528,"column":14},"end":{"line":528,"column":17}},{"start":{"line":528,"column":21},"end":{"line":528,"column":26}},{"start":{"line":528,"column":30},"end":{"line":528,"column":43}}]},"68":{"line":532,"type":"binary-expr","locations":[{"start":{"line":532,"column":11},"end":{"line":532,"column":25}},{"start":{"line":532,"column":29},"end":{"line":532,"column":41}},{"start":{"line":532,"column":45},"end":{"line":532,"column":53}},{"start":{"line":532,"column":57},"end":{"line":532,"column":63}}]},"69":{"line":535,"type":"binary-expr","locations":[{"start":{"line":535,"column":16},"end":{"line":535,"column":74}},{"start":{"line":535,"column":78},"end":{"line":535,"column":84}}]},"70":{"line":535,"type":"binary-expr","locations":[{"start":{"line":535,"column":18},"end":{"line":535,"column":28}},{"start":{"line":535,"column":32},"end":{"line":535,"column":35}}]},"71":{"line":538,"type":"if","locations":[{"start":{"line":538,"column":2},"end":{"line":538,"column":2}},{"start":{"line":538,"column":2},"end":{"line":538,"column":2}}]},"72":{"line":561,"type":"if","locations":[{"start":{"line":561,"column":2},"end":{"line":561,"column":2}},{"start":{"line":561,"column":2},"end":{"line":561,"column":2}}]},"73":{"line":561,"type":"binary-expr","locations":[{"start":{"line":561,"column":7},"end":{"line":561,"column":13}},{"start":{"line":561,"column":17},"end":{"line":561,"column":30}},{"start":{"line":561,"column":34},"end":{"line":561,"column":60}}]},"74":{"line":569,"type":"if","locations":[{"start":{"line":569,"column":2},"end":{"line":569,"column":2}},{"start":{"line":569,"column":2},"end":{"line":569,"column":2}}]},"75":{"line":575,"type":"binary-expr","locations":[{"start":{"line":575,"column":16},"end":{"line":575,"column":28}},{"start":{"line":575,"column":32},"end":{"line":575,"column":40}}]},"76":{"line":578,"type":"if","locations":[{"start":{"line":578,"column":2},"end":{"line":578,"column":2}},{"start":{"line":578,"column":2},"end":{"line":578,"column":2}}]},"77":{"line":578,"type":"binary-expr","locations":[{"start":{"line":578,"column":7},"end":{"line":578,"column":18}},{"start":{"line":578,"column":22},"end":{"line":578,"column":43}}]},"78":{"line":594,"type":"if","locations":[{"start":{"line":594,"column":2},"end":{"line":594,"column":2}},{"start":{"line":594,"column":2},"end":{"line":594,"column":2}}]},"79":{"line":600,"type":"if","locations":[{"start":{"line":600,"column":3},"end":{"line":600,"column":3}},{"start":{"line":600,"column":3},"end":{"line":600,"column":3}}]},"80":{"line":601,"type":"cond-expr","locations":[{"start":{"line":601,"column":44},"end":{"line":601,"column":47}},{"start":{"line":601,"column":50},"end":{"line":601,"column":53}}]},"81":{"line":608,"type":"if","locations":[{"start":{"line":608,"column":3},"end":{"line":608,"column":3}},{"start":{"line":608,"column":3},"end":{"line":608,"column":3}}]},"82":{"line":610,"type":"cond-expr","locations":[{"start":{"line":610,"column":43},"end":{"line":610,"column":46}},{"start":{"line":610,"column":49},"end":{"line":610,"column":52}}]},"83":{"line":617,"type":"if","locations":[{"start":{"line":617,"column":9},"end":{"line":617,"column":9}},{"start":{"line":617,"column":9},"end":{"line":617,"column":9}}]},"84":{"line":617,"type":"binary-expr","locations":[{"start":{"line":617,"column":14},"end":{"line":617,"column":20}},{"start":{"line":617,"column":24},"end":{"line":617,"column":37}},{"start":{"line":618,"column":3},"end":{"line":618,"column":79}}]},"85":{"line":618,"type":"binary-expr","locations":[{"start":{"line":618,"column":5},"end":{"line":618,"column":18}},{"start":{"line":618,"column":22},"end":{"line":618,"column":24}}]},"86":{"line":623,"type":"if","locations":[{"start":{"line":623,"column":2},"end":{"line":623,"column":2}},{"start":{"line":623,"column":2},"end":{"line":623,"column":2}}]},"87":{"line":624,"type":"if","locations":[{"start":{"line":624,"column":3},"end":{"line":624,"column":3}},{"start":{"line":624,"column":3},"end":{"line":624,"column":3}}]},"88":{"line":627,"type":"if","locations":[{"start":{"line":627,"column":3},"end":{"line":627,"column":3}},{"start":{"line":627,"column":3},"end":{"line":627,"column":3}}]},"89":{"line":633,"type":"if","locations":[{"start":{"line":633,"column":2},"end":{"line":633,"column":2}},{"start":{"line":633,"column":2},"end":{"line":633,"column":2}}]},"90":{"line":633,"type":"binary-expr","locations":[{"start":{"line":633,"column":7},"end":{"line":633,"column":13}},{"start":{"line":633,"column":17},"end":{"line":633,"column":29}},{"start":{"line":633,"column":33},"end":{"line":633,"column":56}},{"start":{"line":633,"column":60},"end":{"line":633,"column":79}}]},"91":{"line":640,"type":"cond-expr","locations":[{"start":{"line":641,"column":4},"end":{"line":642,"column":69}},{"start":{"line":643,"column":4},"end":{"line":643,"column":20}}]},"92":{"line":640,"type":"binary-expr","locations":[{"start":{"line":640,"column":3},"end":{"line":640,"column":19}},{"start":{"line":640,"column":23},"end":{"line":640,"column":52}}]},"93":{"line":642,"type":"cond-expr","locations":[{"start":{"line":642,"column":34},"end":{"line":642,"column":62}},{"start":{"line":642,"column":65},"end":{"line":642,"column":67}}]},"94":{"line":652,"type":"if","locations":[{"start":{"line":652,"column":2},"end":{"line":652,"column":2}},{"start":{"line":652,"column":2},"end":{"line":652,"column":2}}]},"95":{"line":652,"type":"binary-expr","locations":[{"start":{"line":652,"column":7},"end":{"line":652,"column":19}},{"start":{"line":653,"column":5},"end":{"line":653,"column":61}},{"start":{"line":653,"column":65},"end":{"line":653,"column":74}}]},"96":{"line":671,"type":"if","locations":[{"start":{"line":671,"column":2},"end":{"line":671,"column":2}},{"start":{"line":671,"column":2},"end":{"line":671,"column":2}}]},"97":{"line":677,"type":"if","locations":[{"start":{"line":677,"column":3},"end":{"line":677,"column":3}},{"start":{"line":677,"column":3},"end":{"line":677,"column":3}}]},"98":{"line":682,"type":"if","locations":[{"start":{"line":682,"column":3},"end":{"line":682,"column":3}},{"start":{"line":682,"column":3},"end":{"line":682,"column":3}}]},"99":{"line":687,"type":"if","locations":[{"start":{"line":687,"column":3},"end":{"line":687,"column":3}},{"start":{"line":687,"column":3},"end":{"line":687,"column":3}}]},"100":{"line":687,"type":"binary-expr","locations":[{"start":{"line":687,"column":8},"end":{"line":687,"column":15}},{"start":{"line":687,"column":19},"end":{"line":687,"column":32}}]},"101":{"line":699,"type":"if","locations":[{"start":{"line":699,"column":4},"end":{"line":699,"column":4}},{"start":{"line":699,"column":4},"end":{"line":699,"column":4}}]},"102":{"line":714,"type":"if","locations":[{"start":{"line":714,"column":3},"end":{"line":714,"column":3}},{"start":{"line":714,"column":3},"end":{"line":714,"column":3}}]},"103":{"line":721,"type":"if","locations":[{"start":{"line":721,"column":3},"end":{"line":721,"column":3}},{"start":{"line":721,"column":3},"end":{"line":721,"column":3}}]},"104":{"line":730,"type":"binary-expr","locations":[{"start":{"line":730,"column":27},"end":{"line":730,"column":34}},{"start":{"line":730,"column":38},"end":{"line":730,"column":40}}]},"105":{"line":733,"type":"cond-expr","locations":[{"start":{"line":733,"column":35},"end":{"line":733,"column":36}},{"start":{"line":733,"column":39},"end":{"line":733,"column":40}}]},"106":{"line":736,"type":"binary-expr","locations":[{"start":{"line":736,"column":15},"end":{"line":736,"column":28}},{"start":{"line":736,"column":32},"end":{"line":736,"column":44}},{"start":{"line":736,"column":48},"end":{"line":736,"column":62}}]},"107":{"line":739,"type":"if","locations":[{"start":{"line":739,"column":3},"end":{"line":739,"column":3}},{"start":{"line":739,"column":3},"end":{"line":739,"column":3}}]},"108":{"line":747,"type":"if","locations":[{"start":{"line":747,"column":3},"end":{"line":747,"column":3}},{"start":{"line":747,"column":3},"end":{"line":747,"column":3}}]},"109":{"line":750,"type":"if","locations":[{"start":{"line":750,"column":4},"end":{"line":750,"column":4}},{"start":{"line":750,"column":4},"end":{"line":750,"column":4}}]},"110":{"line":752,"type":"if","locations":[{"start":{"line":752,"column":5},"end":{"line":752,"column":5}},{"start":{"line":752,"column":5},"end":{"line":752,"column":5}}]},"111":{"line":756,"type":"if","locations":[{"start":{"line":756,"column":5},"end":{"line":756,"column":5}},{"start":{"line":756,"column":5},"end":{"line":756,"column":5}}]},"112":{"line":762,"type":"if","locations":[{"start":{"line":762,"column":4},"end":{"line":762,"column":4}},{"start":{"line":762,"column":4},"end":{"line":762,"column":4}}]},"113":{"line":762,"type":"binary-expr","locations":[{"start":{"line":762,"column":9},"end":{"line":762,"column":23}},{"start":{"line":762,"column":27},"end":{"line":762,"column":44}}]},"114":{"line":766,"type":"if","locations":[{"start":{"line":766,"column":11},"end":{"line":766,"column":11}},{"start":{"line":766,"column":11},"end":{"line":766,"column":11}}]},"115":{"line":780,"type":"if","locations":[{"start":{"line":780,"column":4},"end":{"line":780,"column":4}},{"start":{"line":780,"column":4},"end":{"line":780,"column":4}}]},"116":{"line":780,"type":"binary-expr","locations":[{"start":{"line":780,"column":9},"end":{"line":780,"column":15}},{"start":{"line":780,"column":19},"end":{"line":780,"column":30}}]},"117":{"line":782,"type":"if","locations":[{"start":{"line":782,"column":5},"end":{"line":782,"column":5}},{"start":{"line":782,"column":5},"end":{"line":782,"column":5}}]},"118":{"line":790,"type":"binary-expr","locations":[{"start":{"line":790,"column":24},"end":{"line":790,"column":40}},{"start":{"line":790,"column":44},"end":{"line":790,"column":54}}]},"119":{"line":793,"type":"if","locations":[{"start":{"line":793,"column":3},"end":{"line":793,"column":3}},{"start":{"line":793,"column":3},"end":{"line":793,"column":3}}]},"120":{"line":803,"type":"if","locations":[{"start":{"line":803,"column":3},"end":{"line":803,"column":3}},{"start":{"line":803,"column":3},"end":{"line":803,"column":3}}]},"121":{"line":804,"type":"cond-expr","locations":[{"start":{"line":804,"column":44},"end":{"line":804,"column":57}},{"start":{"line":804,"column":60},"end":{"line":804,"column":71}}]},"122":{"line":805,"type":"cond-expr","locations":[{"start":{"line":805,"column":29},"end":{"line":805,"column":36}},{"start":{"line":805,"column":39},"end":{"line":805,"column":44}}]},"123":{"line":811,"type":"if","locations":[{"start":{"line":811,"column":3},"end":{"line":811,"column":3}},{"start":{"line":811,"column":3},"end":{"line":811,"column":3}}]},"124":{"line":815,"type":"if","locations":[{"start":{"line":815,"column":4},"end":{"line":815,"column":4}},{"start":{"line":815,"column":4},"end":{"line":815,"column":4}}]},"125":{"line":837,"type":"if","locations":[{"start":{"line":837,"column":2},"end":{"line":837,"column":2}},{"start":{"line":837,"column":2},"end":{"line":837,"column":2}}]},"126":{"line":838,"type":"binary-expr","locations":[{"start":{"line":838,"column":10},"end":{"line":838,"column":14}},{"start":{"line":838,"column":18},"end":{"line":838,"column":26}}]},"127":{"line":850,"type":"binary-expr","locations":[{"start":{"line":850,"column":5},"end":{"line":850,"column":32}},{"start":{"line":850,"column":36},"end":{"line":850,"column":39}}]}}}}