TN:
SF:/jquery/dist/jquery.js
FN:14,(anonymous_1)
FN:55,addToPrefiltersOrTransports
FN:58,(anonymous_3)
FN:89,inspectPrefiltersOrTransports
FN:94,inspect
FN:97,(anonymous_6)
FN:118,ajaxExtend
FN:138,ajaxHandleResponses
FN:196,ajaxConvert
FN:372,(anonymous_10)
FN:386,(anonymous_11)
FN:455,(anonymous_12)
FN:470,(anonymous_13)
FN:475,(anonymous_14)
FN:485,(anonymous_15)
FN:493,(anonymous_16)
FN:512,(anonymous_17)
FN:688,(anonymous_18)
FN:709,done
FN:824,(anonymous_20)
FN:828,(anonymous_21)
FN:833,(anonymous_22)
FN:834,(anonymous_23)
FNF:23
FNH:0
FNDA:0,(anonymous_1)
FNDA:0,addToPrefiltersOrTransports
FNDA:0,(anonymous_3)
FNDA:0,inspectPrefiltersOrTransports
FNDA:0,inspect
FNDA:0,(anonymous_6)
FNDA:0,ajaxExtend
FNDA:0,ajaxHandleResponses
FNDA:0,ajaxConvert
FNDA:0,(anonymous_10)
FNDA:0,(anonymous_11)
FNDA:0,(anonymous_12)
FNDA:0,(anonymous_13)
FNDA:0,(anonymous_14)
FNDA:0,(anonymous_15)
FNDA:0,(anonymous_16)
FNDA:0,(anonymous_17)
FNDA:0,(anonymous_18)
FNDA:0,done
FNDA:0,(anonymous_20)
FNDA:0,(anonymous_21)
FNDA:0,(anonymous_22)
FNDA:0,(anonymous_23)
DA:1,1
DA:18,0
DA:52,0
DA:55,1
DA:58,0
DA:60,0
DA:61,0
DA:62,0
DA:65,0
DA:69,0
DA:72,0
DA:75,0
DA:76,0
DA:77,0
DA:81,0
DA:89,1
DA:91,0
DA:94,1
DA:95,0
DA:96,0
DA:97,0
DA:98,0
DA:99,0
DA:102,0
DA:103,0
DA:104,0
DA:105,0
DA:106,0
DA:109,0
DA:112,0
DA:118,1
DA:119,0
DA:122,0
DA:123,0
DA:124,0
DA:127,0
DA:128,0
DA:131,0
DA:138,1
DA:140,0
DA:145,0
DA:146,0
DA:147,0
DA:148,0
DA:153,0
DA:154,0
DA:155,0
DA:156,0
DA:157,0
DA:163,0
DA:164,0
DA:168,0
DA:169,0
DA:170,0
DA:171,0
DA:173,0
DA:174,0
DA:179,0
DA:185,0
DA:186,0
DA:187,0
DA:189,0
DA:196,1
DA:197,0
DA:204,0
DA:205,0
DA:206,0
DA:210,0
DA:213,0
DA:215,0
DA:216,0
DA:220,0
DA:221,0
DA:224,0
DA:225,0
DA:227,0
DA:230,0
DA:232,0
DA:235,0
DA:238,0
DA:241,0
DA:242,0
DA:245,0
DA:246,0
DA:249,0
DA:251,0
DA:254,0
DA:255,0
DA:258,0
DA:259,0
DA:260,0
DA:262,0
DA:269,0
DA:272,0
DA:273,0
DA:275,0
DA:276,0
DA:278,0
DA:289,0
DA:292,0
DA:373,0
DA:389,0
DA:390,0
DA:391,0
DA:395,0
DA:397,0
DA:456,0
DA:457,0
DA:458,0
DA:459,0
DA:460,0
DA:461,0
DA:464,0
DA:466,0
DA:471,0
DA:476,0
DA:477,0
DA:479,0
DA:481,0
DA:486,0
DA:487,0
DA:489,0
DA:494,0
DA:495,0
DA:496,0
DA:499,0
DA:503,0
DA:504,0
DA:508,0
DA:513,0
DA:514,0
DA:515,0
DA:517,0
DA:518,0
DA:523,0
DA:528,0
DA:532,0
DA:535,0
DA:538,0
DA:539,0
DA:544,0
DA:545,0
DA:549,0
DA:550,0
DA:556,0
DA:561,0
DA:562,0
DA:566,0
DA:569,0
DA:570,0
DA:575,0
DA:578,0
DA:579,0
DA:583,0
DA:586,0
DA:591,0
DA:594,0
DA:597,0
DA:600,0
DA:601,0
DA:604,0
DA:608,0
DA:609,0
DA:610,0
DA:614,0
DA:617,0
DA:619,0
DA:623,0
DA:624,0
DA:625,0
DA:627,0
DA:628,0
DA:633,0
DA:634,0
DA:638,0
DA:647,0
DA:648,0
DA:652,0
DA:656,0
DA:660,0
DA:663,0
DA:664,0
DA:665,0
DA:668,0
DA:671,0
DA:672,0
DA:674,0
DA:677,0
DA:678,0
DA:682,0
DA:683,0
DA:687,0
DA:688,0
DA:689,0
DA:693,0
DA:694,0
DA:695,0
DA:699,0
DA:700,0
DA:704,0
DA:709,1
DA:710,0
DA:714,0
DA:715,0
DA:718,0
DA:721,0
DA:722,0
DA:727,0
DA:730,0
DA:733,0
DA:736,0
DA:739,0
DA:740,0
DA:744,0
DA:747,0
DA:750,0
DA:751,0
DA:752,0
DA:753,0
DA:755,0
DA:756,0
DA:757,0
DA:762,0
DA:763,0
DA:766,0
DA:767,0
DA:771,0
DA:772,0
DA:773,0
DA:774,0
DA:779,0
DA:780,0
DA:781,0
DA:782,0
DA:783,0
DA:789,0
DA:790,0
DA:793,0
DA:794,0
DA:796,0
DA:800,0
DA:801,0
DA:803,0
DA:804,0
DA:809,0
DA:811,0
DA:812,0
DA:815,0
DA:816,0
DA:821,0
DA:825,0
DA:829,0
DA:833,0
DA:834,0
DA:837,0
DA:838,0
DA:839,0
DA:840,0
DA:844,0
DA:854,0
LF:260
LH:8
BRDA:60,1,0,0
BRDA:60,1,1,0
BRDA:67,2,0,0
BRDA:67,2,1,0
BRDA:69,3,0,0
BRDA:69,3,1,0
BRDA:75,4,0,0
BRDA:75,4,1,0
BRDA:76,5,0,0
BRDA:76,5,1,0
BRDA:77,6,0,0
BRDA:77,6,1,0
BRDA:81,7,0,0
BRDA:81,7,1,0
BRDA:97,8,0,0
BRDA:97,8,1,0
BRDA:99,9,0,0
BRDA:99,9,1,0
BRDA:99,10,0,0
BRDA:99,10,1,0
BRDA:99,10,2,0
BRDA:105,11,0,0
BRDA:105,11,1,0
BRDA:112,12,0,0
BRDA:112,12,1,0
BRDA:112,12,2,0
BRDA:120,13,0,0
BRDA:120,13,1,0
BRDA:123,14,0,0
BRDA:123,14,1,0
BRDA:124,15,0,0
BRDA:124,15,1,0
BRDA:124,16,0,0
BRDA:124,16,1,0
BRDA:127,17,0,0
BRDA:127,17,1,0
BRDA:147,18,0,0
BRDA:147,18,1,0
BRDA:148,19,0,0
BRDA:148,19,1,0
BRDA:153,20,0,0
BRDA:153,20,1,0
BRDA:155,21,0,0
BRDA:155,21,1,0
BRDA:155,22,0,0
BRDA:155,22,1,0
BRDA:163,23,0,0
BRDA:163,23,1,0
BRDA:169,24,0,0
BRDA:169,24,1,0
BRDA:169,25,0,0
BRDA:169,25,1,0
BRDA:173,26,0,0
BRDA:173,26,1,0
BRDA:179,27,0,0
BRDA:179,27,1,0
BRDA:185,28,0,0
BRDA:185,28,1,0
BRDA:186,29,0,0
BRDA:186,29,1,0
BRDA:204,30,0,0
BRDA:204,30,1,0
BRDA:215,31,0,0
BRDA:215,31,1,0
BRDA:220,32,0,0
BRDA:220,32,1,0
BRDA:220,33,0,0
BRDA:220,33,1,0
BRDA:220,33,2,0
BRDA:227,34,0,0
BRDA:227,34,1,0
BRDA:230,35,0,0
BRDA:230,35,1,0
BRDA:235,36,0,0
BRDA:235,36,1,0
BRDA:235,37,0,0
BRDA:235,37,1,0
BRDA:238,38,0,0
BRDA:238,38,1,0
BRDA:241,39,0,0
BRDA:241,39,1,0
BRDA:246,40,0,0
BRDA:246,40,1,0
BRDA:249,41,0,0
BRDA:249,41,1,0
BRDA:251,42,0,0
BRDA:251,42,1,0
BRDA:254,43,0,0
BRDA:254,43,1,0
BRDA:258,44,0,0
BRDA:258,44,1,0
BRDA:269,45,0,0
BRDA:269,45,1,0
BRDA:272,46,0,0
BRDA:272,46,1,0
BRDA:272,47,0,0
BRDA:272,47,1,0
BRDA:280,48,0,0
BRDA:280,48,1,0
BRDA:373,49,0,0
BRDA:373,49,1,0
BRDA:389,50,0,0
BRDA:389,50,1,0
BRDA:395,51,0,0
BRDA:395,51,1,0
BRDA:428,52,0,0
BRDA:428,52,1,0
BRDA:431,53,0,0
BRDA:431,53,1,0
BRDA:431,54,0,0
BRDA:431,54,1,0
BRDA:431,54,2,0
BRDA:441,55,0,0
BRDA:441,55,1,0
BRDA:457,56,0,0
BRDA:457,56,1,0
BRDA:458,57,0,0
BRDA:458,57,1,0
BRDA:466,58,0,0
BRDA:466,58,1,0
BRDA:471,59,0,0
BRDA:471,59,1,0
BRDA:476,60,0,0
BRDA:476,60,1,0
BRDA:478,61,0,0
BRDA:478,61,1,0
BRDA:486,62,0,0
BRDA:486,62,1,0
BRDA:495,63,0,0
BRDA:495,63,1,0
BRDA:496,64,0,0
BRDA:496,64,1,0
BRDA:513,65,0,0
BRDA:513,65,1,0
BRDA:514,66,0,0
BRDA:514,66,1,0
BRDA:528,67,0,0
BRDA:528,67,1,0
BRDA:528,67,2,0
BRDA:532,68,0,0
BRDA:532,68,1,0
BRDA:532,68,2,0
BRDA:532,68,3,0
BRDA:535,69,0,0
BRDA:535,69,1,0
BRDA:535,70,0,0
BRDA:535,70,1,0
BRDA:538,71,0,0
BRDA:538,71,1,0
BRDA:561,72,0,0
BRDA:561,72,1,0
BRDA:561,73,0,0
BRDA:561,73,1,0
BRDA:561,73,2,0
BRDA:569,74,0,0
BRDA:569,74,1,0
BRDA:575,75,0,0
BRDA:575,75,1,0
BRDA:578,76,0,0
BRDA:578,76,1,0
BRDA:578,77,0,0
BRDA:578,77,1,0
BRDA:594,78,0,0
BRDA:594,78,1,0
BRDA:600,79,0,0
BRDA:600,79,1,0
BRDA:601,80,0,0
BRDA:601,80,1,0
BRDA:608,81,0,0
BRDA:608,81,1,0
BRDA:610,82,0,0
BRDA:610,82,1,0
BRDA:617,83,0,0
BRDA:617,83,1,0
BRDA:617,84,0,0
BRDA:617,84,1,0
BRDA:617,84,2,0
BRDA:618,85,0,0
BRDA:618,85,1,0
BRDA:623,86,0,0
BRDA:623,86,1,0
BRDA:624,87,0,0
BRDA:624,87,1,0
BRDA:627,88,0,0
BRDA:627,88,1,0
BRDA:633,89,0,0
BRDA:633,89,1,0
BRDA:633,90,0,0
BRDA:633,90,1,0
BRDA:633,90,2,0
BRDA:633,90,3,0
BRDA:640,91,0,0
BRDA:640,91,1,0
BRDA:640,92,0,0
BRDA:640,92,1,0
BRDA:642,93,0,0
BRDA:642,93,1,0
BRDA:652,94,0,0
BRDA:652,94,1,0
BRDA:652,95,0,0
BRDA:652,95,1,0
BRDA:652,95,2,0
BRDA:671,96,0,0
BRDA:671,96,1,0
BRDA:677,97,0,0
BRDA:677,97,1,0
BRDA:682,98,0,0
BRDA:682,98,1,0
BRDA:687,99,0,0
BRDA:687,99,1,0
BRDA:687,100,0,0
BRDA:687,100,1,0
BRDA:699,101,0,0
BRDA:699,101,1,0
BRDA:714,102,0,0
BRDA:714,102,1,0
BRDA:721,103,0,0
BRDA:721,103,1,0
BRDA:730,104,0,0
BRDA:730,104,1,0
BRDA:733,105,0,0
BRDA:733,105,1,0
BRDA:736,106,0,0
BRDA:736,106,1,0
BRDA:736,106,2,0
BRDA:739,107,0,0
BRDA:739,107,1,0
BRDA:747,108,0,0
BRDA:747,108,1,0
BRDA:750,109,0,0
BRDA:750,109,1,0
BRDA:752,110,0,0
BRDA:752,110,1,0
BRDA:756,111,0,0
BRDA:756,111,1,0
BRDA:762,112,0,0
BRDA:762,112,1,0
BRDA:762,113,0,0
BRDA:762,113,1,0
BRDA:766,114,0,0
BRDA:766,114,1,0
BRDA:780,115,0,0
BRDA:780,115,1,0
BRDA:780,116,0,0
BRDA:780,116,1,0
BRDA:782,117,0,0
BRDA:782,117,1,0
BRDA:790,118,0,0
BRDA:790,118,1,0
BRDA:793,119,0,0
BRDA:793,119,1,0
BRDA:803,120,0,0
BRDA:803,120,1,0
BRDA:804,121,0,0
BRDA:804,121,1,0
BRDA:805,122,0,0
BRDA:805,122,1,0
BRDA:811,123,0,0
BRDA:811,123,1,0
BRDA:815,124,0,0
BRDA:815,124,1,0
BRDA:837,125,0,0
BRDA:837,125,1,0
BRDA:838,126,0,0
BRDA:838,126,1,0
BRDA:850,127,0,0
BRDA:850,127,1,0
BRF:267
BRH:0
end_of_record
