TN:
SF:/home/travis/build/walterleong95/jquery/Gruntfile.js
FN:1,(anonymous_0)
FN:4,readOptionalJSON
FN:29,(anonymous_2)
FNF:3
FNH:3
FNDA:2,(anonymous_0)
FNDA:2,readOptionalJSON
FNDA:2,(anonymous_2)
DA:1,2
DA:5,2
DA:6,2
DA:7,2
DA:8,2
DA:12,2
DA:15,2
DA:16,2
DA:18,2
DA:19,2
DA:22,2
DA:30,2
DA:186,2
DA:189,2
DA:191,2
DA:202,2
DA:210,2
DA:211,2
DA:213,2
DA:218,2
DA:227,2
LF:21
LH:21
BRDA:18,0,0,2
BRDA:18,0,1,0
BRF:2
BRH:1
end_of_record
TN:
SF:/home/travis/build/walterleong95/jquery/build/tasks/build.js
FN:7,(anonymous_0)
FN:17,(anonymous_1)
FN:61,convert
FN:127,(anonymous_3)
FN:145,(anonymous_4)
FN:148,(anonymous_5)
FN:183,(anonymous_6)
FN:296,(anonymous_7)
FN:320,(anonymous_8)
FN:324,(anonymous_9)
FN:337,(anonymous_10)
FN:346,exec
FN:350,(anonymous_12)
FN:357,(anonymous_13)
FN:375,(anonymous_14)
FNF:15
FNH:6
FNDA:2,(anonymous_0)
FNDA:2,(anonymous_1)
FNDA:102,convert
FNDA:1,(anonymous_3)
FNDA:0,(anonymous_4)
FNDA:0,(anonymous_5)
FNDA:0,(anonymous_6)
FNDA:1,(anonymous_7)
FNDA:1,(anonymous_8)
FNDA:0,(anonymous_9)
FNDA:0,(anonymous_10)
FNDA:0,exec
FNDA:0,(anonymous_12)
FNDA:0,(anonymous_13)
FNDA:0,(anonymous_14)
DA:7,2
DA:11,2
DA:12,2
DA:13,2
DA:14,2
DA:15,2
DA:16,2
DA:17,2
DA:18,2
DA:23,2
DA:25,2
DA:65,102
DA:66,37
DA:76,65
DA:77,1
DA:84,64
DA:91,64
DA:98,64
DA:103,64
DA:108,102
DA:109,0
DA:110,0
DA:112,0
DA:116,0
DA:120,102
DA:123,2
DA:129,1
DA:130,1
DA:131,1
DA:132,1
DA:133,1
DA:134,1
DA:135,1
DA:136,1
DA:137,1
DA:145,1
DA:146,0
DA:147,0
DA:148,0
DA:151,0
DA:152,0
DA:155,0
DA:157,0
DA:160,0
DA:161,0
DA:166,0
DA:170,0
DA:171,0
DA:183,1
DA:185,0
DA:186,0
DA:187,0
DA:189,0
DA:192,0
DA:195,0
DA:196,0
DA:197,0
DA:202,0
DA:203,0
DA:205,0
DA:209,0
DA:212,0
DA:213,0
DA:214,0
DA:215,0
DA:216,0
DA:220,0
DA:221,0
DA:222,0
DA:228,0
DA:229,0
DA:236,1
DA:239,1
DA:240,0
DA:257,1
DA:258,1
DA:259,0
DA:264,1
DA:265,0
DA:266,0
DA:270,1
DA:271,0
DA:273,0
DA:276,1
DA:277,1
DA:280,1
DA:281,0
DA:284,0
DA:285,0
DA:288,0
DA:290,1
DA:296,1
DA:297,1
DA:307,1
DA:311,1
DA:314,0
DA:320,1
DA:321,1
DA:322,1
DA:323,1
DA:325,0
DA:337,2
DA:338,0
DA:339,0
DA:340,0
DA:341,0
DA:347,0
DA:348,0
DA:350,0
DA:351,0
DA:354,0
DA:357,0
DA:358,0
DA:360,0
DA:364,0
DA:367,0
DA:368,0
DA:371,0
DA:374,0
DA:375,0
DA:376,0
DA:379,0
LF:122
LH:52
BRDA:65,0,0,37
BRDA:65,0,1,65
BRDA:76,1,0,1
BRDA:76,1,1,64
BRDA:108,2,0,0
BRDA:108,2,1,102
BRDA:108,3,0,102
BRDA:108,3,1,0
BRDA:109,4,0,0
BRDA:109,4,1,0
BRDA:117,5,0,0
BRDA:117,5,1,0
BRDA:146,6,0,0
BRDA:146,6,1,0
BRDA:147,7,0,0
BRDA:147,7,1,0
BRDA:151,8,0,0
BRDA:151,8,1,0
BRDA:157,9,0,0
BRDA:157,9,1,0
BRDA:160,10,0,0
BRDA:160,10,1,0
BRDA:170,11,0,0
BRDA:170,11,1,0
BRDA:189,12,0,0
BRDA:189,12,1,0
BRDA:192,13,0,0
BRDA:192,13,1,0
BRDA:195,14,0,0
BRDA:195,14,1,0
BRDA:212,15,0,0
BRDA:212,15,1,0
BRDA:213,16,0,0
BRDA:213,16,1,0
BRDA:214,17,0,0
BRDA:214,17,1,0
BRDA:221,18,0,0
BRDA:221,18,1,0
BRDA:236,19,0,1
BRDA:236,19,1,0
BRDA:239,20,0,0
BRDA:239,20,1,1
BRDA:264,21,0,0
BRDA:264,21,1,1
BRDA:270,22,0,0
BRDA:270,22,1,1
BRDA:280,23,0,0
BRDA:280,23,1,1
BRDA:311,24,0,0
BRDA:311,24,1,1
BRDA:315,25,0,0
BRDA:315,25,1,0
BRDA:339,26,0,0
BRDA:339,26,1,0
BRDA:347,27,0,0
BRDA:347,27,1,0
BRDA:354,28,0,0
BRDA:354,28,1,0
BRDA:367,29,0,0
BRDA:367,29,1,0
BRDA:374,30,0,0
BRDA:374,30,1,0
BRF:62
BRH:12
end_of_record
TN:
SF:/home/travis/build/walterleong95/jquery/build/tasks/dist.js
FN:1,(anonymous_0)
FN:14,(anonymous_1)
FN:25,(anonymous_2)
FN:32,(anonymous_3)
FN:57,(anonymous_4)
FNF:5
FNH:4
FNDA:2,(anonymous_0)
FNDA:1,(anonymous_1)
FNDA:1,(anonymous_2)
FNDA:3,(anonymous_3)
FNDA:0,(anonymous_4)
DA:1,2
DA:5,2
DA:6,2
DA:7,2
DA:14,2
DA:19,1
DA:22,1
DA:25,1
DA:26,1
DA:30,1
DA:32,1
DA:34,3
DA:37,3
DA:38,0
DA:39,0
DA:43,3
DA:44,0
DA:45,0
DA:46,0
DA:47,0
DA:48,0
DA:49,0
DA:50,0
DA:53,0
DA:57,3
DA:60,0
DA:61,0
DA:64,0
DA:65,0
DA:66,0
DA:70,1
LF:31
LH:16
BRDA:37,0,0,0
BRDA:37,0,1,3
BRDA:43,1,0,0
BRDA:43,1,1,3
BRDA:47,2,0,0
BRDA:47,2,1,0
BRDA:60,3,0,0
BRDA:60,3,1,0
BRF:8
BRH:2
end_of_record
TN:
SF:/home/travis/build/walterleong95/jquery/build/tasks/node_smoke_tests.js
FN:1,(anonymous_0)
FN:17,(anonymous_1)
FN:21,(anonymous_2)
FN:24,(anonymous_3)
FNF:4
FNH:4
FNDA:2,(anonymous_0)
FNDA:14,(anonymous_1)
FNDA:10,(anonymous_2)
FNDA:5,(anonymous_3)
DA:1,2
DA:5,2
DA:6,2
DA:7,2
DA:8,2
DA:16,2
DA:18,14
DA:22,10
DA:24,10
DA:25,5
DA:28,10
DA:31,2
LF:12
LH:12
BRDA:18,0,0,14
BRDA:18,0,1,12
BRF:2
BRH:2
end_of_record
TN:
SF:/home/travis/build/walterleong95/jquery/build/tasks/promises_aplus_tests.js
FN:1,(anonymous_0)
FN:10,(anonymous_1)
FN:17,(anonymous_2)
FNF:3
FNH:3
FNDA:2,(anonymous_0)
FNDA:1,(anonymous_1)
FNDA:1,(anonymous_2)
DA:1,2
DA:5,2
DA:7,2
DA:10,2
DA:11,1
DA:17,2
DA:18,1
LF:7
LH:7
BRF:0
BRH:0
end_of_record
TN:
SF:/home/travis/build/walterleong95/jquery/build/tasks/sourcemap.js
FN:3,(anonymous_0)
FN:5,(anonymous_1)
FNF:2
FNH:2
FNDA:2,(anonymous_0)
FNDA:1,(anonymous_1)
DA:1,2
DA:3,2
DA:4,2
DA:5,2
DA:6,1
DA:11,1
DA:13,1
LF:7
LH:7
BRF:0
BRH:0
end_of_record
TN:
SF:/home/travis/build/walterleong95/jquery/build/tasks/testswarm.js
FN:1,(anonymous_0)
FN:5,(anonymous_1)
FN:35,(anonymous_2)
FN:55,(anonymous_3)
FNF:4
FNH:1
FNDA:2,(anonymous_0)
FNDA:0,(anonymous_1)
FNDA:0,(anonymous_2)
FNDA:0,(anonymous_3)
DA:1,2
DA:5,2
DA:8,0
DA:9,0
DA:10,0
DA:11,0
DA:13,0
DA:14,0
DA:15,0
DA:16,0
DA:19,0
DA:21,0
DA:22,0
DA:24,0
DA:25,0
DA:28,0
DA:32,0
DA:33,0
DA:35,0
DA:36,0
DA:40,0
DA:56,0
DA:57,0
DA:59,0
LF:24
LH:2
BRDA:13,0,0,0
BRDA:13,0,1,0
BRDA:15,1,0,0
BRDA:15,1,1,0
BRDA:16,2,0,0
BRDA:16,2,1,0
BRDA:21,3,0,0
BRDA:21,3,1,0
BRDA:24,4,0,0
BRDA:24,4,1,0
BRDA:32,5,0,0
BRDA:32,5,1,0
BRDA:56,6,0,0
BRDA:56,6,1,0
BRF:14
BRH:0
end_of_record
TN:
SF:/home/travis/build/walterleong95/jquery/build/tasks/lib/spawn_test.js
FN:6,spawnTest
FN:11,(anonymous_1)
FNF:2
FNH:2
FNDA:7,spawnTest
FNDA:7,(anonymous_1)
DA:6,2
DA:7,7
DA:8,7
DA:10,7
DA:12,7
LF:5
LH:5
BRF:0
BRH:0
end_of_record
TN:
SF:/home/travis/build/walterleong95/jquery/dist/jquery.js
FN:14,(anonymous_0)
FN:29,(anonymous_1)
FN:40,(anonymous_2)
FN:74,isWindow
FN:81,DOMEval
FN:99,(anonymous_5)
FN:115,(anonymous_6)
FN:129,(anonymous_7)
FN:135,(anonymous_8)
FN:148,(anonymous_9)
FN:161,(anonymous_10)
FN:165,(anonymous_11)
FN:166,(anonymous_12)
FN:171,(anonymous_13)
FN:175,(anonymous_14)
FN:179,(anonymous_15)
FN:183,(anonymous_16)
FN:189,(anonymous_17)
FN:200,(anonymous_18)
FN:277,(anonymous_19)
FN:281,(anonymous_20)
FN:283,(anonymous_21)
FN:292,(anonymous_22)
FN:306,(anonymous_23)
FN:327,(anonymous_24)
FN:339,(anonymous_25)
FN:351,(anonymous_26)
FN:358,(anonymous_27)
FN:362,(anonymous_28)
FN:384,(anonymous_29)
FN:391,(anonymous_30)
FN:408,(anonymous_31)
FN:414,(anonymous_32)
FN:428,(anonymous_33)
FN:448,(anonymous_34)
FN:484,(anonymous_35)
FN:501,(anonymous_36)
FN:524,(anonymous_37)
FN:528,isArrayLike
FN:555,(anonymous_39)
FN:587,(anonymous_40)
FN:603,(anonymous_41)
FN:683,(anonymous_42)
FN:700,(anonymous_43)
FN:720,(anonymous_44)
FN:725,(anonymous_45)
FN:744,(anonymous_46)
FN:750,(anonymous_47)
FN:760,Sizzle
FN:899,createCache
FN:902,cache
FN:917,markFunction
FN:926,assert
FN:948,addHandle
FN:963,siblingCheck
FN:989,createInputPseudo
FN:990,(anonymous_56)
FN:1000,createButtonPseudo
FN:1001,(anonymous_58)
FN:1011,createDisabledPseudo
FN:1014,(anonymous_60)
FN:1067,createPositionalPseudo
FN:1068,(anonymous_62)
FN:1070,(anonymous_63)
FN:1090,testContext
FN:1102,(anonymous_65)
FN:1114,(anonymous_66)
FN:1149,(anonymous_67)
FN:1158,(anonymous_68)
FN:1170,(anonymous_69)
FN:1177,(anonymous_70)
FN:1179,(anonymous_71)
FN:1183,(anonymous_72)
FN:1190,(anonymous_73)
FN:1192,(anonymous_74)
FN:1201,(anonymous_75)
FN:1232,(anonymous_76)
FN:1242,(anonymous_77)
FN:1263,(anonymous_78)
FN:1287,(anonymous_79)
FN:1331,(anonymous_80)
FN:1372,(anonymous_81)
FN:1395,(anonymous_82)
FN:1404,(anonymous_83)
FN:1420,(anonymous_84)
FN:1461,(anonymous_85)
FN:1518,(anonymous_86)
FN:1522,(anonymous_87)
FN:1552,(anonymous_88)
FN:1560,(anonymous_89)
FN:1581,(anonymous_90)
FN:1585,(anonymous_91)
FN:1593,(anonymous_92)
FN:1626,(anonymous_93)
FN:1678,(anonymous_94)
FN:1691,(anonymous_95)
FN:1723,(anonymous_96)
FN:1754,(anonymous_97)
FN:1757,(anonymous_98)
FN:1758,(anonymous_99)
FN:1763,(anonymous_100)
FN:1768,(anonymous_101)
FN:1773,(anonymous_102)
FN:1774,(anonymous_103)
FN:1797,(anonymous_104)
FN:1805,(anonymous_105)
FN:1809,(anonymous_106)
FN:1926,(anonymous_107)
FN:1946,(anonymous_108)
FN:1955,(anonymous_109)
FN:1966,(anonymous_110)
FN:1975,(anonymous_111)
FN:1987,(anonymous_112)
FN:1996,(anonymous_113)
FN:1997,(anonymous_114)
FN:2002,(anonymous_115)
FN:2004,(anonymous_116)
FN:2016,(anonymous_117)
FN:2022,(anonymous_118)
FN:2038,(anonymous_119)
FN:2043,(anonymous_120)
FN:2047,(anonymous_121)
FN:2055,(anonymous_122)
FN:2062,(anonymous_123)
FN:2073,(anonymous_124)
FN:2086,(anonymous_125)
FN:2091,(anonymous_126)
FN:2095,(anonymous_127)
FN:2099,(anonymous_128)
FN:2104,(anonymous_129)
FN:2115,(anonymous_130)
FN:2119,(anonymous_131)
FN:2123,(anonymous_132)
FN:2127,(anonymous_133)
FN:2135,(anonymous_134)
FN:2143,(anonymous_135)
FN:2151,(anonymous_136)
FN:2172,setFilters
FN:2176,(anonymous_138)
FN:2243,toSelector
FN:2253,addCombinator
FN:2262,(anonymous_141)
FN:2272,(anonymous_142)
FN:2317,elementMatcher
FN:2319,(anonymous_144)
FN:2331,multipleContexts
FN:2340,condense
FN:2361,setMatcher
FN:2368,(anonymous_148)
FN:2454,matcherFromTokens
FN:2462,(anonymous_150)
FN:2465,(anonymous_151)
FN:2468,(anonymous_152)
FN:2512,matcherFromGroupMatchers
FN:2515,(anonymous_154)
FN:2623,(anonymous_155)
FN:2662,(anonymous_156)
FN:2746,(anonymous_157)
FN:2754,(anonymous_158)
FN:2758,(anonymous_159)
FN:2767,(anonymous_160)
FN:2772,(anonymous_161)
FN:2781,(anonymous_162)
FN:2784,(anonymous_163)
FN:2815,(anonymous_164)
FN:2831,(anonymous_165)
FN:2848,nodeName
FN:2860,winnow
FN:2862,(anonymous_168)
FN:2869,(anonymous_169)
FN:2876,(anonymous_170)
FN:2888,(anonymous_171)
FN:2893,(anonymous_172)
FN:2904,(anonymous_173)
FN:2910,(anonymous_174)
FN:2916,(anonymous_175)
FN:2933,(anonymous_176)
FN:2936,(anonymous_177)
FN:2939,(anonymous_178)
FN:2966,(anonymous_179)
FN:3083,(anonymous_180)
FN:3087,(anonymous_181)
FN:3097,(anonymous_182)
FN:3128,(anonymous_183)
FN:3148,(anonymous_184)
FN:3156,(anonymous_185)
FN:3163,sibling
FN:3169,(anonymous_187)
FN:3173,(anonymous_188)
FN:3176,(anonymous_189)
FN:3179,(anonymous_190)
FN:3182,(anonymous_191)
FN:3185,(anonymous_192)
FN:3188,(anonymous_193)
FN:3191,(anonymous_194)
FN:3194,(anonymous_195)
FN:3197,(anonymous_196)
FN:3200,(anonymous_197)
FN:3203,(anonymous_198)
FN:3217,(anonymous_199)
FN:3218,(anonymous_200)
FN:3250,createOptions
FN:3252,(anonymous_202)
FN:3280,(anonymous_203)
FN:3310,(anonymous_204)
FN:3358,(anonymous_205)
FN:3367,add
FN:3368,(anonymous_207)
FN:3389,(anonymous_208)
FN:3390,(anonymous_209)
FN:3406,(anonymous_210)
FN:3413,(anonymous_211)
FN:3423,(anonymous_212)
FN:3428,(anonymous_213)
FN:3435,(anonymous_214)
FN:3442,(anonymous_215)
FN:3447,(anonymous_216)
FN:3460,(anonymous_217)
FN:3466,(anonymous_218)
FN:3475,Identity
FN:3478,Thrower
FN:3482,adoptValue
FN:3517,(anonymous_222)
FN:3531,(anonymous_223)
FN:3534,(anonymous_224)
FN:3538,(anonymous_225)
FN:3543,(anonymous_226)
FN:3546,(anonymous_227)
FN:3547,(anonymous_228)
FN:3555,(anonymous_229)
FN:3573,(anonymous_230)
FN:3575,resolve
FN:3576,(anonymous_232)
FN:3579,(anonymous_233)
FN:3655,(anonymous_234)
FN:3700,(anonymous_235)
FN:3740,(anonymous_236)
FN:3747,(anonymous_237)
FN:3759,(anonymous_238)
FN:3790,(anonymous_239)
FN:3814,(anonymous_240)
FN:3831,(anonymous_241)
FN:3832,(anonymous_242)
FN:3868,(anonymous_243)
FN:3880,(anonymous_244)
FN:3881,(anonymous_245)
FN:3892,(anonymous_246)
FN:3900,(anonymous_247)
FN:3917,(anonymous_248)
FN:3940,completed
FN:3970,(anonymous_250)
FN:4000,(anonymous_251)
FN:4028,(anonymous_252)
FN:4042,Data
FN:4050,(anonymous_254)
FN:4083,(anonymous_255)
FN:4102,(anonymous_256)
FN:4109,(anonymous_257)
FN:4140,(anonymous_258)
FN:4187,(anonymous_259)
FN:4211,getData
FN:4236,dataAttr
FN:4260,(anonymous_262)
FN:4264,(anonymous_263)
FN:4268,(anonymous_264)
FN:4274,(anonymous_265)
FN:4278,(anonymous_266)
FN:4284,(anonymous_267)
FN:4317,(anonymous_268)
FN:4322,(anonymous_269)
FN:4351,(anonymous_270)
FN:4359,(anonymous_271)
FN:4360,(anonymous_272)
FN:4368,(anonymous_273)
FN:4387,(anonymous_274)
FN:4394,(anonymous_275)
FN:4423,(anonymous_276)
FN:4426,(anonymous_277)
FN:4434,(anonymous_278)
FN:4449,(anonymous_279)
FN:4460,(anonymous_280)
FN:4461,(anonymous_281)
FN:4465,(anonymous_282)
FN:4471,(anonymous_283)
FN:4477,(anonymous_284)
FN:4507,(anonymous_285)
FN:4526,(anonymous_286)
FN:4549,adjustCSS
FN:4554,(anonymous_288)
FN:4557,(anonymous_289)
FN:4614,getDefaultDisplay
FN:4637,showHide
FN:4686,(anonymous_292)
FN:4689,(anonymous_293)
FN:4692,(anonymous_294)
FN:4697,(anonymous_295)
FN:4738,getAll
FN:4763,setGlobalEval
FN:4779,buildFragment
FN:4869,(anonymous_299)
FN:4902,returnTrue
FN:4906,returnFalse
FN:4912,safeActiveElement
FN:4918,on
FN:4964,(anonymous_304)
FN:4974,(anonymous_305)
FN:4987,(anonymous_306)
FN:5022,(anonymous_307)
FN:5102,(anonymous_308)
FN:5175,(anonymous_309)
FN:5239,(anonymous_310)
FN:5297,(anonymous_311)
FN:5303,(anonymous_312)
FN:5308,(anonymous_313)
FN:5314,(anonymous_314)
FN:5325,(anonymous_315)
FN:5340,(anonymous_316)
FN:5349,(anonymous_317)
FN:5360,(anonymous_318)
FN:5368,(anonymous_319)
FN:5374,(anonymous_320)
FN:5386,(anonymous_321)
FN:5394,(anonymous_322)
FN:5452,(anonymous_323)
FN:5461,(anonymous_324)
FN:5470,(anonymous_325)
FN:5515,(anonymous_326)
FN:5557,(anonymous_327)
FN:5562,(anonymous_328)
FN:5582,(anonymous_329)
FN:5585,(anonymous_330)
FN:5588,(anonymous_331)
FN:5620,(anonymous_332)
FN:5647,manipulationTarget
FN:5658,disableScript
FN:5662,restoreScript
FN:5674,cloneCopyEvent
FN:5709,fixInput
FN:5722,domManip
FN:5738,(anonymous_339)
FN:5812,remove
FN:5834,(anonymous_341)
FN:5838,(anonymous_342)
FN:5880,(anonymous_343)
FN:5916,(anonymous_344)
FN:5920,(anonymous_345)
FN:5924,(anonymous_346)
FN:5925,(anonymous_347)
FN:5928,(anonymous_348)
FN:5936,(anonymous_349)
FN:5937,(anonymous_350)
FN:5945,(anonymous_351)
FN:5946,(anonymous_352)
FN:5954,(anonymous_353)
FN:5955,(anonymous_354)
FN:5962,(anonymous_355)
FN:5963,(anonymous_356)
FN:5970,(anonymous_357)
FN:5988,(anonymous_358)
FN:5992,(anonymous_359)
FN:5997,(anonymous_360)
FN:5998,(anonymous_361)
FN:6036,(anonymous_362)
FN:6040,(anonymous_363)
FN:6061,(anonymous_364)
FN:6062,(anonymous_365)
FN:6085,(anonymous_366)
FN:6101,(anonymous_367)
FN:6105,computeStyleTests
FN:6164,(anonymous_369)
FN:6168,(anonymous_370)
FN:6172,(anonymous_371)
FN:6176,(anonymous_372)
FN:6180,(anonymous_373)
FN:6188,curCSS
FN:6241,addGetHookIf
FN:6245,(anonymous_376)
FN:6278,vendorPropName
FN:6299,finalPropName
FN:6307,setPositiveNumber
FN:6319,boxModelAdjustment
FN:6384,getWidthOrHeight
FN:6443,(anonymous_382)
FN:6476,(anonymous_383)
FN:6551,(anonymous_384)
FN:6591,(anonymous_385)
FN:6593,(anonymous_386)
FN:6607,(anonymous_387)
FN:6614,(anonymous_388)
FN:6651,(anonymous_389)
FN:6655,(anonymous_390)
FN:6668,(anonymous_391)
FN:6670,(anonymous_392)
FN:6692,(anonymous_393)
FN:6693,(anonymous_394)
FN:6717,Tween
FN:6724,(anonymous_396)
FN:6733,(anonymous_397)
FN:6740,(anonymous_398)
FN:6770,(anonymous_399)
FN:6789,(anonymous_400)
FN:6810,(anonymous_401)
FN:6818,(anonymous_402)
FN:6821,(anonymous_403)
FN:6840,schedule
FN:6853,createFxNow
FN:6854,(anonymous_406)
FN:6861,genFx
FN:6881,createTween
FN:6895,defaultPrefilter
FN:6910,(anonymous_410)
FN:6918,(anonymous_411)
FN:6921,(anonymous_412)
FN:6992,(anonymous_413)
FN:7007,(anonymous_414)
FN:7040,(anonymous_415)
FN:7067,propFilter
FN:7104,Animation
FN:7109,(anonymous_418)
FN:7114,(anonymous_419)
FN:7160,(anonymous_420)
FN:7166,(anonymous_421)
FN:7232,(anonymous_422)
FN:7239,(anonymous_423)
FN:7260,(anonymous_424)
FN:7269,(anonymous_425)
FN:7300,(anonymous_426)
FN:7314,(anonymous_427)
FN:7322,(anonymous_428)
FN:7325,(anonymous_429)
FN:7341,(anonymous_430)
FN:7342,(anonymous_431)
FN:7357,(anonymous_432)
FN:7393,(anonymous_433)
FN:7397,(anonymous_434)
FN:7436,(anonymous_435)
FN:7438,(anonymous_436)
FN:7453,(anonymous_437)
FN:7454,(anonymous_438)
FN:7460,(anonymous_439)
FN:7482,(anonymous_440)
FN:7488,(anonymous_441)
FN:7497,(anonymous_442)
FN:7512,(anonymous_443)
FN:7516,(anonymous_444)
FN:7518,(anonymous_445)
FN:7525,(anonymous_446)
FN:7553,(anonymous_447)
FN:7557,(anonymous_448)
FN:7558,(anonymous_449)
FN:7565,(anonymous_450)
FN:7613,(anonymous_451)
FN:7627,(anonymous_452)
FN:7645,(anonymous_453)
FN:7657,(anonymous_454)
FN:7660,(anonymous_455)
FN:7685,(anonymous_456)
FN:7689,(anonymous_457)
FN:7690,(anonymous_458)
FN:7697,(anonymous_459)
FN:7731,(anonymous_460)
FN:7773,(anonymous_461)
FN:7783,(anonymous_462)
FN:7810,(anonymous_463)
FN:7819,stripAndCollapse
FN:7825,getClass
FN:7830,(anonymous_466)
FN:7835,(anonymous_467)
FN:7867,(anonymous_468)
FN:7872,(anonymous_469)
FN:7912,(anonymous_470)
FN:7920,(anonymous_471)
FN:7928,(anonymous_472)
FN:7972,(anonymous_473)
FN:7994,(anonymous_474)
FN:8026,(anonymous_475)
FN:8047,(anonymous_476)
FN:8065,(anonymous_477)
FN:8079,(anonymous_478)
FN:8123,(anonymous_479)
FN:8154,(anonymous_480)
FN:8156,(anonymous_481)
FN:8163,(anonymous_482)
FN:8176,(anonymous_483)
FN:8182,(anonymous_484)
FN:8329,(anonymous_485)
FN:8346,(anonymous_486)
FN:8347,(anonymous_487)
FN:8351,(anonymous_488)
FN:8363,(anonymous_489)
FN:8366,(anonymous_490)
FN:8374,(anonymous_491)
FN:8394,(anonymous_492)
FN:8397,(anonymous_493)
FN:8402,(anonymous_494)
FN:8411,(anonymous_495)
FN:8435,(anonymous_496)
FN:8462,buildParams
FN:8468,(anonymous_498)
FN:8502,(anonymous_499)
FN:8505,(anonymous_500)
FN:8520,(anonymous_501)
FN:8538,(anonymous_502)
FN:8541,(anonymous_503)
FN:8542,(anonymous_504)
FN:8548,(anonymous_505)
FN:8556,(anonymous_506)
FN:8564,(anonymous_507)
FN:8612,addToPrefiltersOrTransports
FN:8615,(anonymous_509)
FN:8646,inspectPrefiltersOrTransports
FN:8651,inspect
FN:8654,(anonymous_512)
FN:8675,ajaxExtend
FN:8695,ajaxHandleResponses
FN:8753,ajaxConvert
FN:8929,(anonymous_516)
FN:8943,(anonymous_517)
FN:9012,(anonymous_518)
FN:9027,(anonymous_519)
FN:9032,(anonymous_520)
FN:9042,(anonymous_521)
FN:9050,(anonymous_522)
FN:9069,(anonymous_523)
FN:9245,(anonymous_524)
FN:9266,done
FN:9381,(anonymous_526)
FN:9385,(anonymous_527)
FN:9390,(anonymous_528)
FN:9391,(anonymous_529)
FN:9412,(anonymous_530)
FN:9428,(anonymous_531)
FN:9443,(anonymous_532)
FN:9457,(anonymous_533)
FN:9459,(anonymous_534)
FN:9464,(anonymous_535)
FN:9477,(anonymous_536)
FN:9480,(anonymous_537)
FN:9485,(anonymous_538)
FN:9486,(anonymous_539)
FN:9494,(anonymous_540)
FN:9497,(anonymous_541)
FN:9504,(anonymous_542)
FN:9524,(anonymous_543)
FN:9530,(anonymous_544)
FN:9569,(anonymous_545)
FN:9570,(anonymous_546)
FN:9622,(anonymous_547)
FN:9631,(anonymous_548)
FN:9656,(anonymous_549)
FN:9669,(anonymous_550)
FN:9685,(anonymous_551)
FN:9693,(anonymous_552)
FN:9703,(anonymous_553)
FN:9709,(anonymous_554)
FN:9715,(anonymous_555)
FN:9727,(anonymous_556)
FN:9745,(anonymous_557)
FN:9753,(anonymous_558)
FN:9780,(anonymous_559)
FN:9792,(anonymous_560)
FN:9797,(anonymous_561)
FN:9839,(anonymous_562)
FN:9850,(anonymous_563)
FN:9900,(anonymous_564)
FN:9933,(anonymous_565)
FN:9950,(anonymous_566)
FN:9951,(anonymous_567)
FN:9971,(anonymous_568)
FN:9972,(anonymous_569)
FN:9980,(anonymous_570)
FN:9981,(anonymous_571)
FN:9990,(anonymous_572)
FN:10044,(anonymous_573)
FN:10050,(anonymous_574)
FN:10081,(anonymous_575)
FN:10135,(anonymous_576)
FN:10136,(anonymous_577)
FN:10149,(anonymous_578)
FN:10152,(anonymous_579)
FN:10153,(anonymous_580)
FN:10186,(anonymous_581)
FN:10188,(anonymous_582)
FN:10203,(anonymous_583)
FN:10205,(anonymous_584)
FN:10208,(anonymous_585)
FN:10212,(anonymous_586)
FN:10251,(anonymous_587)
FN:10254,(anonymous_588)
FN:10258,(anonymous_589)
FN:10261,(anonymous_590)
FN:10270,(anonymous_591)
FN:10299,(anonymous_592)
FN:10315,(anonymous_593)
FNF:594
FNH:103
FNDA:7,(anonymous_0)
FNDA:6,(anonymous_1)
FNDA:6,(anonymous_2)
FNDA:100666,isWindow
FNDA:0,DOMEval
FNDA:8,(anonymous_5)
FNDA:0,(anonymous_6)
FNDA:0,(anonymous_7)
FNDA:0,(anonymous_8)
FNDA:0,(anonymous_9)
FNDA:0,(anonymous_10)
FNDA:0,(anonymous_11)
FNDA:0,(anonymous_12)
FNDA:0,(anonymous_13)
FNDA:0,(anonymous_14)
FNDA:0,(anonymous_15)
FNDA:0,(anonymous_16)
FNDA:0,(anonymous_17)
FNDA:7669,(anonymous_18)
FNDA:0,(anonymous_19)
FNDA:0,(anonymous_20)
FNDA:232731,(anonymous_21)
FNDA:0,(anonymous_22)
FNDA:66,(anonymous_23)
FNDA:0,(anonymous_24)
FNDA:100668,(anonymous_25)
FNDA:0,(anonymous_26)
FNDA:0,(anonymous_27)
FNDA:100666,(anonymous_28)
FNDA:0,(anonymous_29)
FNDA:0,(anonymous_30)
FNDA:0,(anonymous_31)
FNDA:6,(anonymous_32)
FNDA:0,(anonymous_33)
FNDA:0,(anonymous_34)
FNDA:0,(anonymous_35)
FNDA:0,(anonymous_36)
FNDA:60,(anonymous_37)
FNDA:100666,isArrayLike
FNDA:6,(anonymous_39)
FNDA:108,(anonymous_40)
FNDA:0,(anonymous_41)
FNDA:0,(anonymous_42)
FNDA:0,(anonymous_43)
FNDA:0,(anonymous_44)
FNDA:0,(anonymous_45)
FNDA:0,(anonymous_46)
FNDA:0,(anonymous_47)
FNDA:0,Sizzle
FNDA:18,createCache
FNDA:0,cache
FNDA:66,markFunction
FNDA:42,assert
FNDA:0,addHandle
FNDA:0,siblingCheck
FNDA:30,createInputPseudo
FNDA:0,(anonymous_56)
FNDA:12,createButtonPseudo
FNDA:0,(anonymous_58)
FNDA:12,createDisabledPseudo
FNDA:0,(anonymous_60)
FNDA:42,createPositionalPseudo
FNDA:0,(anonymous_62)
FNDA:0,(anonymous_63)
FNDA:0,testContext
FNDA:6,(anonymous_65)
FNDA:6,(anonymous_66)
FNDA:6,(anonymous_67)
FNDA:6,(anonymous_68)
FNDA:6,(anonymous_69)
FNDA:0,(anonymous_70)
FNDA:0,(anonymous_71)
FNDA:0,(anonymous_72)
FNDA:0,(anonymous_73)
FNDA:0,(anonymous_74)
FNDA:0,(anonymous_75)
FNDA:0,(anonymous_76)
FNDA:0,(anonymous_77)
FNDA:0,(anonymous_78)
FNDA:0,(anonymous_79)
FNDA:0,(anonymous_80)
FNDA:0,(anonymous_81)
FNDA:0,(anonymous_82)
FNDA:6,(anonymous_83)
FNDA:0,(anonymous_84)
FNDA:0,(anonymous_85)
FNDA:0,(anonymous_86)
FNDA:0,(anonymous_87)
FNDA:6,(anonymous_88)
FNDA:0,(anonymous_89)
FNDA:0,(anonymous_90)
FNDA:0,(anonymous_91)
FNDA:0,(anonymous_92)
FNDA:0,(anonymous_93)
FNDA:0,(anonymous_94)
FNDA:0,(anonymous_95)
FNDA:0,(anonymous_96)
FNDA:0,(anonymous_97)
FNDA:0,(anonymous_98)
FNDA:0,(anonymous_99)
FNDA:0,(anonymous_100)
FNDA:0,(anonymous_101)
FNDA:0,(anonymous_102)
FNDA:0,(anonymous_103)
FNDA:0,(anonymous_104)
FNDA:0,(anonymous_105)
FNDA:0,(anonymous_106)
FNDA:0,(anonymous_107)
FNDA:0,(anonymous_108)
FNDA:0,(anonymous_109)
FNDA:0,(anonymous_110)
FNDA:0,(anonymous_111)
FNDA:0,(anonymous_112)
FNDA:0,(anonymous_113)
FNDA:0,(anonymous_114)
FNDA:0,(anonymous_115)
FNDA:0,(anonymous_116)
FNDA:0,(anonymous_117)
FNDA:0,(anonymous_118)
FNDA:0,(anonymous_119)
FNDA:0,(anonymous_120)
FNDA:0,(anonymous_121)
FNDA:0,(anonymous_122)
FNDA:0,(anonymous_123)
FNDA:0,(anonymous_124)
FNDA:0,(anonymous_125)
FNDA:0,(anonymous_126)
FNDA:0,(anonymous_127)
FNDA:0,(anonymous_128)
FNDA:0,(anonymous_129)
FNDA:0,(anonymous_130)
FNDA:0,(anonymous_131)
FNDA:0,(anonymous_132)
FNDA:0,(anonymous_133)
FNDA:0,(anonymous_134)
FNDA:0,(anonymous_135)
FNDA:0,(anonymous_136)
FNDA:6,setFilters
FNDA:0,(anonymous_138)
FNDA:0,toSelector
FNDA:6,addCombinator
FNDA:0,(anonymous_141)
FNDA:0,(anonymous_142)
FNDA:0,elementMatcher
FNDA:0,(anonymous_144)
FNDA:0,multipleContexts
FNDA:0,condense
FNDA:0,setMatcher
FNDA:0,(anonymous_148)
FNDA:0,matcherFromTokens
FNDA:0,(anonymous_150)
FNDA:0,(anonymous_151)
FNDA:0,(anonymous_152)
FNDA:0,matcherFromGroupMatchers
FNDA:0,(anonymous_154)
FNDA:0,(anonymous_155)
FNDA:0,(anonymous_156)
FNDA:6,(anonymous_157)
FNDA:6,(anonymous_158)
FNDA:0,(anonymous_159)
FNDA:6,(anonymous_160)
FNDA:0,(anonymous_161)
FNDA:6,(anonymous_162)
FNDA:0,(anonymous_163)
FNDA:0,(anonymous_164)
FNDA:0,(anonymous_165)
FNDA:6,nodeName
FNDA:0,winnow
FNDA:0,(anonymous_168)
FNDA:0,(anonymous_169)
FNDA:0,(anonymous_170)
FNDA:0,(anonymous_171)
FNDA:0,(anonymous_172)
FNDA:0,(anonymous_173)
FNDA:0,(anonymous_174)
FNDA:0,(anonymous_175)
FNDA:0,(anonymous_176)
FNDA:0,(anonymous_177)
FNDA:0,(anonymous_178)
FNDA:8,(anonymous_179)
FNDA:0,(anonymous_180)
FNDA:0,(anonymous_181)
FNDA:0,(anonymous_182)
FNDA:0,(anonymous_183)
FNDA:0,(anonymous_184)
FNDA:0,(anonymous_185)
FNDA:0,sibling
FNDA:0,(anonymous_187)
FNDA:0,(anonymous_188)
FNDA:0,(anonymous_189)
FNDA:0,(anonymous_190)
FNDA:0,(anonymous_191)
FNDA:0,(anonymous_192)
FNDA:0,(anonymous_193)
FNDA:0,(anonymous_194)
FNDA:0,(anonymous_195)
FNDA:0,(anonymous_196)
FNDA:0,(anonymous_197)
FNDA:0,(anonymous_198)
FNDA:72,(anonymous_199)
FNDA:0,(anonymous_200)
FNDA:44646,createOptions
FNDA:74410,(anonymous_202)
FNDA:44646,(anonymous_203)
FNDA:17854,(anonymous_204)
FNDA:53487,(anonymous_205)
FNDA:48453,add
FNDA:107981,(anonymous_207)
FNDA:0,(anonymous_208)
FNDA:0,(anonymous_209)
FNDA:0,(anonymous_210)
FNDA:0,(anonymous_211)
FNDA:14826,(anonymous_212)
FNDA:0,(anonymous_213)
FNDA:14826,(anonymous_214)
FNDA:0,(anonymous_215)
FNDA:16192,(anonymous_216)
FNDA:7413,(anonymous_217)
FNDA:0,(anonymous_218)
FNDA:2334,Identity
FNDA:586,Thrower
FNDA:2220,adoptValue
FNDA:7441,(anonymous_222)
FNDA:1134,(anonymous_223)
FNDA:0,(anonymous_224)
FNDA:0,(anonymous_225)
FNDA:0,(anonymous_226)
FNDA:0,(anonymous_227)
FNDA:0,(anonymous_228)
FNDA:0,(anonymous_229)
FNDA:4368,(anonymous_230)
FNDA:21240,resolve
FNDA:7254,(anonymous_232)
FNDA:7254,(anonymous_233)
FNDA:7254,(anonymous_234)
FNDA:4368,(anonymous_235)
FNDA:21448,(anonymous_236)
FNDA:22323,(anonymous_237)
FNDA:7413,(anonymous_238)
FNDA:3628,(anonymous_239)
FNDA:1134,(anonymous_240)
FNDA:2220,(anonymous_241)
FNDA:1126,(anonymous_242)
FNDA:1106,(anonymous_243)
FNDA:0,(anonymous_244)
FNDA:0,(anonymous_245)
FNDA:0,(anonymous_246)
FNDA:0,(anonymous_247)
FNDA:6,(anonymous_248)
FNDA:0,completed
FNDA:0,(anonymous_250)
FNDA:0,(anonymous_251)
FNDA:0,(anonymous_252)
FNDA:12,Data
FNDA:0,(anonymous_254)
FNDA:0,(anonymous_255)
FNDA:0,(anonymous_256)
FNDA:0,(anonymous_257)
FNDA:0,(anonymous_258)
FNDA:0,(anonymous_259)
FNDA:0,getData
FNDA:0,dataAttr
FNDA:0,(anonymous_262)
FNDA:0,(anonymous_263)
FNDA:0,(anonymous_264)
FNDA:0,(anonymous_265)
FNDA:0,(anonymous_266)
FNDA:0,(anonymous_267)
FNDA:0,(anonymous_268)
FNDA:0,(anonymous_269)
FNDA:0,(anonymous_270)
FNDA:0,(anonymous_271)
FNDA:0,(anonymous_272)
FNDA:0,(anonymous_273)
FNDA:0,(anonymous_274)
FNDA:0,(anonymous_275)
FNDA:0,(anonymous_276)
FNDA:0,(anonymous_277)
FNDA:0,(anonymous_278)
FNDA:0,(anonymous_279)
FNDA:0,(anonymous_280)
FNDA:0,(anonymous_281)
FNDA:0,(anonymous_282)
FNDA:0,(anonymous_283)
FNDA:0,(anonymous_284)
FNDA:0,(anonymous_285)
FNDA:0,(anonymous_286)
FNDA:0,adjustCSS
FNDA:0,(anonymous_288)
FNDA:0,(anonymous_289)
FNDA:0,getDefaultDisplay
FNDA:0,showHide
FNDA:0,(anonymous_292)
FNDA:0,(anonymous_293)
FNDA:0,(anonymous_294)
FNDA:0,(anonymous_295)
FNDA:6,getAll
FNDA:0,setGlobalEval
FNDA:2,buildFragment
FNDA:6,(anonymous_299)
FNDA:0,returnTrue
FNDA:0,returnFalse
FNDA:0,safeActiveElement
FNDA:0,on
FNDA:0,(anonymous_304)
FNDA:0,(anonymous_305)
FNDA:0,(anonymous_306)
FNDA:0,(anonymous_307)
FNDA:0,(anonymous_308)
FNDA:0,(anonymous_309)
FNDA:0,(anonymous_310)
FNDA:180,(anonymous_311)
FNDA:0,(anonymous_312)
FNDA:0,(anonymous_313)
FNDA:0,(anonymous_314)
FNDA:0,(anonymous_315)
FNDA:0,(anonymous_316)
FNDA:0,(anonymous_317)
FNDA:0,(anonymous_318)
FNDA:0,(anonymous_319)
FNDA:0,(anonymous_320)
FNDA:0,(anonymous_321)
FNDA:0,(anonymous_322)
FNDA:0,(anonymous_323)
FNDA:0,(anonymous_324)
FNDA:0,(anonymous_325)
FNDA:0,(anonymous_326)
FNDA:24,(anonymous_327)
FNDA:0,(anonymous_328)
FNDA:0,(anonymous_329)
FNDA:0,(anonymous_330)
FNDA:0,(anonymous_331)
FNDA:0,(anonymous_332)
FNDA:0,manipulationTarget
FNDA:0,disableScript
FNDA:0,restoreScript
FNDA:0,cloneCopyEvent
FNDA:0,fixInput
FNDA:0,domManip
FNDA:0,(anonymous_339)
FNDA:0,remove
FNDA:2,(anonymous_341)
FNDA:0,(anonymous_342)
FNDA:0,(anonymous_343)
FNDA:0,(anonymous_344)
FNDA:0,(anonymous_345)
FNDA:0,(anonymous_346)
FNDA:0,(anonymous_347)
FNDA:0,(anonymous_348)
FNDA:0,(anonymous_349)
FNDA:0,(anonymous_350)
FNDA:0,(anonymous_351)
FNDA:0,(anonymous_352)
FNDA:0,(anonymous_353)
FNDA:0,(anonymous_354)
FNDA:0,(anonymous_355)
FNDA:0,(anonymous_356)
FNDA:0,(anonymous_357)
FNDA:0,(anonymous_358)
FNDA:0,(anonymous_359)
FNDA:0,(anonymous_360)
FNDA:0,(anonymous_361)
FNDA:0,(anonymous_362)
FNDA:0,(anonymous_363)
FNDA:30,(anonymous_364)
FNDA:0,(anonymous_365)
FNDA:0,(anonymous_366)
FNDA:6,(anonymous_367)
FNDA:0,computeStyleTests
FNDA:0,(anonymous_369)
FNDA:0,(anonymous_370)
FNDA:0,(anonymous_371)
FNDA:0,(anonymous_372)
FNDA:0,(anonymous_373)
FNDA:0,curCSS
FNDA:18,addGetHookIf
FNDA:0,(anonymous_376)
FNDA:0,vendorPropName
FNDA:0,finalPropName
FNDA:0,setPositiveNumber
FNDA:0,boxModelAdjustment
FNDA:0,getWidthOrHeight
FNDA:0,(anonymous_382)
FNDA:0,(anonymous_383)
FNDA:0,(anonymous_384)
FNDA:12,(anonymous_385)
FNDA:0,(anonymous_386)
FNDA:0,(anonymous_387)
FNDA:0,(anonymous_388)
FNDA:0,(anonymous_389)
FNDA:0,(anonymous_390)
FNDA:18,(anonymous_391)
FNDA:0,(anonymous_392)
FNDA:0,(anonymous_393)
FNDA:0,(anonymous_394)
FNDA:0,Tween
FNDA:0,(anonymous_396)
FNDA:0,(anonymous_397)
FNDA:0,(anonymous_398)
FNDA:0,(anonymous_399)
FNDA:0,(anonymous_400)
FNDA:0,(anonymous_401)
FNDA:0,(anonymous_402)
FNDA:0,(anonymous_403)
FNDA:0,schedule
FNDA:0,createFxNow
FNDA:0,(anonymous_406)
FNDA:18,genFx
FNDA:0,createTween
FNDA:0,defaultPrefilter
FNDA:0,(anonymous_410)
FNDA:0,(anonymous_411)
FNDA:0,(anonymous_412)
FNDA:0,(anonymous_413)
FNDA:0,(anonymous_414)
FNDA:0,(anonymous_415)
FNDA:0,propFilter
FNDA:0,Animation
FNDA:0,(anonymous_418)
FNDA:0,(anonymous_419)
FNDA:0,(anonymous_420)
FNDA:0,(anonymous_421)
FNDA:0,(anonymous_422)
FNDA:0,(anonymous_423)
FNDA:0,(anonymous_424)
FNDA:0,(anonymous_425)
FNDA:0,(anonymous_426)
FNDA:0,(anonymous_427)
FNDA:0,(anonymous_428)
FNDA:0,(anonymous_429)
FNDA:0,(anonymous_430)
FNDA:0,(anonymous_431)
FNDA:0,(anonymous_432)
FNDA:0,(anonymous_433)
FNDA:0,(anonymous_434)
FNDA:18,(anonymous_435)
FNDA:0,(anonymous_436)
FNDA:36,(anonymous_437)
FNDA:0,(anonymous_438)
FNDA:0,(anonymous_439)
FNDA:0,(anonymous_440)
FNDA:0,(anonymous_441)
FNDA:0,(anonymous_442)
FNDA:0,(anonymous_443)
FNDA:0,(anonymous_444)
FNDA:0,(anonymous_445)
FNDA:6,(anonymous_446)
FNDA:0,(anonymous_447)
FNDA:0,(anonymous_448)
FNDA:0,(anonymous_449)
FNDA:0,(anonymous_450)
FNDA:0,(anonymous_451)
FNDA:0,(anonymous_452)
FNDA:0,(anonymous_453)
FNDA:96,(anonymous_454)
FNDA:0,(anonymous_455)
FNDA:0,(anonymous_456)
FNDA:0,(anonymous_457)
FNDA:0,(anonymous_458)
FNDA:0,(anonymous_459)
FNDA:0,(anonymous_460)
FNDA:0,(anonymous_461)
FNDA:0,(anonymous_462)
FNDA:60,(anonymous_463)
FNDA:0,stripAndCollapse
FNDA:0,getClass
FNDA:0,(anonymous_466)
FNDA:0,(anonymous_467)
FNDA:0,(anonymous_468)
FNDA:0,(anonymous_469)
FNDA:0,(anonymous_470)
FNDA:0,(anonymous_471)
FNDA:0,(anonymous_472)
FNDA:0,(anonymous_473)
FNDA:0,(anonymous_474)
FNDA:0,(anonymous_475)
FNDA:0,(anonymous_476)
FNDA:0,(anonymous_477)
FNDA:0,(anonymous_478)
FNDA:0,(anonymous_479)
FNDA:12,(anonymous_480)
FNDA:0,(anonymous_481)
FNDA:0,(anonymous_482)
FNDA:0,(anonymous_483)
FNDA:0,(anonymous_484)
FNDA:0,(anonymous_485)
FNDA:0,(anonymous_486)
FNDA:0,(anonymous_487)
FNDA:0,(anonymous_488)
FNDA:132,(anonymous_489)
FNDA:0,(anonymous_490)
FNDA:0,(anonymous_491)
FNDA:12,(anonymous_492)
FNDA:0,(anonymous_493)
FNDA:0,(anonymous_494)
FNDA:0,(anonymous_495)
FNDA:0,(anonymous_496)
FNDA:0,buildParams
FNDA:0,(anonymous_498)
FNDA:0,(anonymous_499)
FNDA:0,(anonymous_500)
FNDA:0,(anonymous_501)
FNDA:0,(anonymous_502)
FNDA:0,(anonymous_503)
FNDA:0,(anonymous_504)
FNDA:0,(anonymous_505)
FNDA:0,(anonymous_506)
FNDA:0,(anonymous_507)
FNDA:12,addToPrefiltersOrTransports
FNDA:30,(anonymous_509)
FNDA:0,inspectPrefiltersOrTransports
FNDA:0,inspect
FNDA:0,(anonymous_512)
FNDA:12,ajaxExtend
FNDA:0,ajaxHandleResponses
FNDA:0,ajaxConvert
FNDA:12,(anonymous_516)
FNDA:0,(anonymous_517)
FNDA:0,(anonymous_518)
FNDA:0,(anonymous_519)
FNDA:0,(anonymous_520)
FNDA:0,(anonymous_521)
FNDA:0,(anonymous_522)
FNDA:0,(anonymous_523)
FNDA:0,(anonymous_524)
FNDA:0,done
FNDA:0,(anonymous_526)
FNDA:0,(anonymous_527)
FNDA:12,(anonymous_528)
FNDA:0,(anonymous_529)
FNDA:0,(anonymous_530)
FNDA:0,(anonymous_531)
FNDA:0,(anonymous_532)
FNDA:0,(anonymous_533)
FNDA:0,(anonymous_534)
FNDA:0,(anonymous_535)
FNDA:0,(anonymous_536)
FNDA:0,(anonymous_537)
FNDA:0,(anonymous_538)
FNDA:0,(anonymous_539)
FNDA:0,(anonymous_540)
FNDA:0,(anonymous_541)
FNDA:6,(anonymous_542)
FNDA:0,(anonymous_543)
FNDA:0,(anonymous_544)
FNDA:0,(anonymous_545)
FNDA:0,(anonymous_546)
FNDA:0,(anonymous_547)
FNDA:0,(anonymous_548)
FNDA:0,(anonymous_549)
FNDA:0,(anonymous_550)
FNDA:0,(anonymous_551)
FNDA:0,(anonymous_552)
FNDA:0,(anonymous_553)
FNDA:0,(anonymous_554)
FNDA:0,(anonymous_555)
FNDA:0,(anonymous_556)
FNDA:0,(anonymous_557)
FNDA:0,(anonymous_558)
FNDA:0,(anonymous_559)
FNDA:0,(anonymous_560)
FNDA:0,(anonymous_561)
FNDA:6,(anonymous_562)
FNDA:2,(anonymous_563)
FNDA:0,(anonymous_564)
FNDA:0,(anonymous_565)
FNDA:0,(anonymous_566)
FNDA:0,(anonymous_567)
FNDA:36,(anonymous_568)
FNDA:0,(anonymous_569)
FNDA:0,(anonymous_570)
FNDA:0,(anonymous_571)
FNDA:0,(anonymous_572)
FNDA:0,(anonymous_573)
FNDA:0,(anonymous_574)
FNDA:0,(anonymous_575)
FNDA:0,(anonymous_576)
FNDA:0,(anonymous_577)
FNDA:12,(anonymous_578)
FNDA:0,(anonymous_579)
FNDA:0,(anonymous_580)
FNDA:12,(anonymous_581)
FNDA:0,(anonymous_582)
FNDA:12,(anonymous_583)
FNDA:36,(anonymous_584)
FNDA:0,(anonymous_585)
FNDA:0,(anonymous_586)
FNDA:0,(anonymous_587)
FNDA:0,(anonymous_588)
FNDA:0,(anonymous_589)
FNDA:0,(anonymous_590)
FNDA:0,(anonymous_591)
FNDA:0,(anonymous_592)
FNDA:0,(anonymous_593)
DA:14,7
DA:18,7
DA:27,7
DA:30,6
DA:31,1
DA:33,5
DA:36,0
DA:48,6
DA:50,6
DA:52,6
DA:54,6
DA:56,6
DA:58,6
DA:60,6
DA:62,6
DA:64,6
DA:66,6
DA:68,6
DA:70,6
DA:72,6
DA:74,6
DA:75,100666
DA:82,0
DA:84,0
DA:86,0
DA:87,0
DA:96,6
DA:99,6
DA:103,8
DA:108,6
DA:111,6
DA:112,6
DA:115,6
DA:116,0
DA:119,6
DA:130,0
DA:138,0
DA:139,0
DA:143,0
DA:151,0
DA:154,0
DA:157,0
DA:162,0
DA:166,0
DA:167,0
DA:172,0
DA:176,0
DA:180,0
DA:184,0
DA:185,0
DA:186,0
DA:190,0
DA:200,6
DA:202,7669
DA:203,7669
DA:204,7669
DA:205,7669
DA:208,7669
DA:209,30
DA:212,30
DA:213,30
DA:217,7669
DA:218,0
DA:222,7669
DA:223,180
DA:224,180
DA:227,7669
DA:230,7669
DA:233,7669
DA:234,67815
DA:235,67815
DA:238,67815
DA:239,0
DA:243,67815
DA:246,18
DA:247,0
DA:248,0
DA:251,18
DA:255,18
DA:258,67797
DA:259,67797
DA:266,7669
DA:269,6
DA:278,0
DA:289,232731
DA:297,0
DA:298,0
DA:311,66
DA:312,30
DA:315,36
DA:318,36
DA:319,0
DA:323,36
DA:324,36
DA:333,0
DA:334,0
DA:336,0
DA:340,100668
DA:341,0
DA:345,100668
DA:352,0
DA:359,0
DA:363,100666
DA:365,100666
DA:366,100600
DA:367,100600
DA:368,205164
DA:369,0
DA:373,66
DA:374,432
DA:375,0
DA:380,100666
DA:385,0
DA:392,0
DA:394,0
DA:395,0
DA:396,0
DA:401,0
DA:405,0
DA:409,0
DA:415,6
DA:416,6
DA:417,6
DA:419,6
DA:420,18
DA:423,6
DA:425,6
DA:430,0
DA:431,0
DA:432,0
DA:433,0
DA:437,0
DA:438,0
DA:439,0
DA:440,0
DA:444,0
DA:450,0
DA:451,0
DA:454,0
DA:455,0
DA:456,0
DA:457,0
DA:459,0
DA:460,0
DA:466,0
DA:467,0
DA:469,0
DA:470,0
DA:476,0
DA:487,0
DA:488,0
DA:489,0
DA:490,0
DA:495,0
DA:496,0
DA:500,0
DA:501,0
DA:502,0
DA:506,0
DA:508,0
DA:518,6
DA:519,6
DA:523,6
DA:525,60
DA:534,100666
DA:535,100666
DA:537,100666
DA:538,0
DA:541,100666
DA:555,6
DA:580,6
DA:581,6
DA:582,6
DA:583,6
DA:584,6
DA:585,6
DA:586,6
DA:587,6
DA:588,108
DA:589,0
DA:591,108
DA:595,6
DA:596,6
DA:597,6
DA:598,6
DA:599,6
DA:600,6
DA:603,6
DA:604,0
DA:605,0
DA:606,0
DA:607,0
DA:608,0
DA:611,0
DA:614,6
DA:619,6
DA:622,6
DA:625,6
DA:632,6
DA:643,6
DA:644,6
DA:646,6
DA:647,6
DA:649,6
DA:651,6
DA:652,6
DA:654,6
DA:670,6
DA:671,6
DA:673,6
DA:676,6
DA:678,6
DA:682,6
DA:683,6
DA:684,0
DA:688,0
DA:699,6
DA:700,6
DA:701,0
DA:704,0
DA:705,0
DA:709,0
DA:713,0
DA:720,6
DA:721,0
DA:724,6
DA:726,0
DA:732,6
DA:733,6
DA:739,6
DA:741,0
DA:745,0
DA:751,0
DA:752,0
DA:754,0
DA:755,0
DA:762,0
DA:765,0
DA:767,0
DA:770,0
DA:773,0
DA:777,0
DA:779,0
DA:780,0
DA:782,0
DA:784,0
DA:788,0
DA:791,0
DA:794,0
DA:795,0
DA:800,0
DA:801,0
DA:802,0
DA:805,0
DA:814,0
DA:818,0
DA:819,0
DA:824,0
DA:825,0
DA:826,0
DA:829,0
DA:832,0
DA:833,0
DA:838,0
DA:842,0
DA:843,0
DA:844,0
DA:850,0
DA:853,0
DA:854,0
DA:856,0
DA:860,0
DA:861,0
DA:862,0
DA:863,0
DA:865,0
DA:868,0
DA:872,0
DA:873,0
DA:874,0
DA:877,0
DA:880,0
DA:881,0
DA:890,0
DA:900,18
DA:904,0
DA:906,0
DA:908,0
DA:910,18
DA:918,66
DA:919,66
DA:927,42
DA:929,42
DA:930,42
DA:932,0
DA:935,42
DA:936,6
DA:939,42
DA:949,0
DA:950,0
DA:952,0
DA:953,0
DA:964,0
DA:965,0
DA:969,0
DA:970,0
DA:974,0
DA:975,0
DA:976,0
DA:977,0
DA:982,0
DA:990,30
DA:991,0
DA:992,0
DA:1001,12
DA:1002,0
DA:1003,0
DA:1014,12
DA:1019,0
DA:1028,0
DA:1031,0
DA:1032,0
DA:1033,0
DA:1035,0
DA:1041,0
DA:1049,0
DA:1054,0
DA:1055,0
DA:1059,0
DA:1068,42
DA:1069,0
DA:1070,0
DA:1072,0
DA:1073,0
DA:1076,0
DA:1077,0
DA:1078,0
DA:1091,0
DA:1095,6
DA:1102,6
DA:1105,6
DA:1106,6
DA:1114,6
DA:1116,6
DA:1119,6
DA:1120,0
DA:1124,6
DA:1125,6
DA:1126,6
DA:1130,6
DA:1134,0
DA:1135,0
DA:1138,0
DA:1139,0
DA:1149,6
DA:1150,6
DA:1151,6
DA:1158,6
DA:1159,6
DA:1160,6
DA:1164,6
DA:1170,6
DA:1171,6
DA:1172,6
DA:1176,6
DA:1177,6
DA:1178,0
DA:1179,0
DA:1180,0
DA:1183,6
DA:1184,0
DA:1185,0
DA:1186,0
DA:1190,0
DA:1191,0
DA:1192,0
DA:1193,0
DA:1195,0
DA:1201,0
DA:1202,0
DA:1204,0
DA:1206,0
DA:1209,0
DA:1210,0
DA:1211,0
DA:1215,0
DA:1216,0
DA:1217,0
DA:1218,0
DA:1219,0
DA:1220,0
DA:1225,0
DA:1231,6
DA:1233,0
DA:1234,0
DA:1237,0
DA:1238,0
DA:1244,0
DA:1245,0
DA:1247,0
DA:1250,0
DA:1251,0
DA:1252,0
DA:1253,0
DA:1257,0
DA:1259,0
DA:1263,6
DA:1264,0
DA:1265,0
DA:1275,6
DA:1282,6
DA:1284,6
DA:1287,0
DA:1293,0
DA:1301,0
DA:1302,0
DA:1307,0
DA:1308,0
DA:1312,0
DA:1313,0
DA:1319,0
DA:1320,0
DA:1326,0
DA:1327,0
DA:1331,0
DA:1332,0
DA:1337,0
DA:1338,0
DA:1339,0
DA:1343,0
DA:1344,0
DA:1349,0
DA:1350,0
DA:1355,0
DA:1356,0
DA:1357,0
DA:1361,0
DA:1362,0
DA:1366,6
DA:1372,0
DA:1375,0
DA:1379,0
DA:1380,0
DA:1384,6
DA:1385,6
DA:1389,6
DA:1394,6
DA:1396,0
DA:1397,0
DA:1398,0
DA:1405,6
DA:1406,6
DA:1407,0
DA:1408,0
DA:1412,6
DA:1419,6
DA:1423,0
DA:1424,0
DA:1425,0
DA:1429,0
DA:1430,0
DA:1431,0
DA:1435,0
DA:1442,0
DA:1446,0
DA:1447,0
DA:1449,0
DA:1450,0
DA:1454,0
DA:1459,0
DA:1463,0
DA:1464,0
DA:1465,0
DA:1469,0
DA:1470,0
DA:1471,0
DA:1472,0
DA:1473,0
DA:1476,0
DA:1477,0
DA:1486,0
DA:1487,0
DA:1491,0
DA:1492,0
DA:1493,0
DA:1495,0
DA:1496,0
DA:1497,0
DA:1501,0
DA:1502,0
DA:1505,0
DA:1515,6
DA:1518,6
DA:1519,0
DA:1522,6
DA:1524,0
DA:1525,0
DA:1529,0
DA:1531,0
DA:1536,0
DA:1537,0
DA:1540,0
DA:1544,0
DA:1549,0
DA:1552,6
DA:1554,6
DA:1555,0
DA:1557,6
DA:1560,6
DA:1562,0
DA:1563,0
DA:1566,0
DA:1568,0
DA:1572,0
DA:1581,6
DA:1582,0
DA:1585,6
DA:1586,0
DA:1593,6
DA:1595,0
DA:1596,0
DA:1597,0
DA:1600,0
DA:1601,0
DA:1602,0
DA:1604,0
DA:1605,0
DA:1606,0
DA:1607,0
DA:1610,0
DA:1611,0
DA:1617,0
DA:1619,0
DA:1626,6
DA:1628,0
DA:1629,0
DA:1630,0
DA:1632,0
DA:1634,0
DA:1636,0
DA:1638,0
DA:1641,0
DA:1642,0
DA:1645,0
DA:1646,0
DA:1649,0
DA:1650,0
DA:1654,0
DA:1657,6
DA:1679,0
DA:1682,0
DA:1684,0
DA:1685,0
DA:1688,0
DA:1702,0
DA:1704,0
DA:1706,0
DA:1707,0
DA:1712,0
DA:1713,0
DA:1716,0
DA:1717,0
DA:1720,0
DA:1725,0
DA:1727,0
DA:1728,0
DA:1732,0
DA:1733,0
DA:1736,0
DA:1743,0
DA:1744,0
DA:1748,0
DA:1755,0
DA:1756,0
DA:1757,0
DA:1759,0
DA:1764,0
DA:1766,0
DA:1769,0
DA:1774,0
DA:1775,0
DA:1777,0
DA:1778,0
DA:1780,0
DA:1781,0
DA:1784,0
DA:1786,0
DA:1798,0
DA:1799,0
DA:1800,0
DA:1802,0
DA:1806,0
DA:1811,0
DA:1812,0
DA:1813,0
DA:1814,0
DA:1815,0
DA:1817,0
DA:1820,0
DA:1821,0
DA:1822,0
DA:1823,0
DA:1824,0
DA:1828,0
DA:1832,0
DA:1834,0
DA:1837,0
DA:1840,0
DA:1845,0
DA:1846,0
DA:1850,0
DA:1853,0
DA:1854,0
DA:1855,0
DA:1856,0
DA:1858,0
DA:1864,0
DA:1865,0
DA:1866,0
DA:1872,0
DA:1874,0
DA:1875,0
DA:1879,0
DA:1882,0
DA:1883,0
DA:1884,0
DA:1889,0
DA:1891,0
DA:1894,0
DA:1900,0
DA:1901,0
DA:1905,0
DA:1908,0
DA:1911,0
DA:1912,0
DA:1920,0
DA:1921,0
DA:1932,0
DA:1938,0
DA:1939,0
DA:1943,0
DA:1944,0
DA:1945,0
DA:1948,0
DA:1949,0
DA:1950,0
DA:1951,0
DA:1952,0
DA:1956,0
DA:1960,0
DA:1970,0
DA:1971,0
DA:1972,0
DA:1974,0
DA:1977,0
DA:1978,0
DA:1981,0
DA:1982,0
DA:1983,0
DA:1988,0
DA:1989,0
DA:1991,0
DA:1992,0
DA:1997,0
DA:1998,0
DA:2003,0
DA:2004,0
DA:2005,0
DA:2018,0
DA:2019,0
DA:2021,0
DA:2022,0
DA:2024,0
DA:2025,0
DA:2029,0
DA:2030,0
DA:2033,0
DA:2039,0
DA:2040,0
DA:2044,0
DA:2048,0
DA:2058,0
DA:2059,0
DA:2065,0
DA:2066,0
DA:2069,0
DA:2078,0
DA:2079,0
DA:2080,0
DA:2083,0
DA:2087,0
DA:2092,0
DA:2096,0
DA:2100,0
DA:2101,0
DA:2106,0
DA:2116,0
DA:2120,0
DA:2124,0
DA:2128,0
DA:2129,0
DA:2130,0
DA:2132,0
DA:2136,0
DA:2137,0
DA:2138,0
DA:2140,0
DA:2144,0
DA:2145,0
DA:2146,0
DA:2148,0
DA:2152,0
DA:2153,0
DA:2154,0
DA:2156,0
DA:2161,6
DA:2164,6
DA:2165,30
DA:2167,6
DA:2168,12
DA:2173,6
DA:2174,6
DA:2176,6
DA:2179,0
DA:2181,0
DA:2182,0
DA:2185,0
DA:2186,0
DA:2187,0
DA:2189,0
DA:2192,0
DA:2193,0
DA:2195,0
DA:2197,0
DA:2200,0
DA:2203,0
DA:2204,0
DA:2205,0
DA:2210,0
DA:2214,0
DA:2215,0
DA:2217,0
DA:2218,0
DA:2223,0
DA:2227,0
DA:2228,0
DA:2235,0
DA:2244,0
DA:2245,0
DA:2246,0
DA:2247,0
DA:2248,0
DA:2250,0
DA:2254,6
DA:2255,6
DA:2256,6
DA:2257,6
DA:2258,6
DA:2260,6
DA:2263,0
DA:2264,0
DA:2265,0
DA:2268,0
DA:2274,0
DA:2277,0
DA:2278,0
DA:2279,0
DA:2280,0
DA:2281,0
DA:2286,0
DA:2287,0
DA:2288,0
DA:2292,0
DA:2294,0
DA:2295,0
DA:2296,0
DA:2300,0
DA:2303,0
DA:2306,0
DA:2307,0
DA:2313,0
DA:2318,0
DA:2320,0
DA:2321,0
DA:2322,0
DA:2323,0
DA:2326,0
DA:2332,0
DA:2333,0
DA:2334,0
DA:2335,0
DA:2337,0
DA:2342,0
DA:2343,0
DA:2344,0
DA:2345,0
DA:2347,0
DA:2348,0
DA:2349,0
DA:2350,0
DA:2351,0
DA:2352,0
DA:2358,0
DA:2362,0
DA:2363,0
DA:2365,0
DA:2366,0
DA:2368,0
DA:2370,0
DA:2371,0
DA:2372,0
DA:2375,0
DA:2378,0
DA:2382,0
DA:2394,0
DA:2395,0
DA:2399,0
DA:2400,0
DA:2401,0
DA:2404,0
DA:2405,0
DA:2406,0
DA:2407,0
DA:2412,0
DA:2413,0
DA:2414,0
DA:2416,0
DA:2417,0
DA:2418,0
DA:2419,0
DA:2421,0
DA:2424,0
DA:2428,0
DA:2429,0
DA:2430,0
DA:2433,0
DA:2440,0
DA:2445,0
DA:2446,0
DA:2448,0
DA:2456,0
DA:2457,0
DA:2458,0
DA:2459,0
DA:2462,0
DA:2463,0
DA:2465,0
DA:2466,0
DA:2468,0
DA:2469,0
DA:2474,0
DA:2475,0
DA:2478,0
DA:2479,0
DA:2480,0
DA:2482,0
DA:2485,0
DA:2487,0
DA:2488,0
DA:2489,0
DA:2490,0
DA:2493,0
DA:2505,0
DA:2509,0
DA:2513,0
DA:2514,0
DA:2515,0
DA:2517,0
DA:2518,0
DA:2519,0
DA:2520,0
DA:2521,0
DA:2523,0
DA:2525,0
DA:2526,0
DA:2528,0
DA:2529,0
DA:2535,0
DA:2536,0
DA:2537,0
DA:2538,0
DA:2539,0
DA:2540,0
DA:2542,0
DA:2543,0
DA:2544,0
DA:2545,0
DA:2548,0
DA:2549,0
DA:2554,0
DA:2556,0
DA:2557,0
DA:2561,0
DA:2562,0
DA:2569,0
DA:2578,0
DA:2579,0
DA:2580,0
DA:2581,0
DA:2584,0
DA:2586,0
DA:2587,0
DA:2588,0
DA:2589,0
DA:2595,0
DA:2599,0
DA:2602,0
DA:2605,0
DA:2610,0
DA:2611,0
DA:2612,0
DA:2615,0
DA:2618,0
DA:2623,6
DA:2625,0
DA:2626,0
DA:2627,0
DA:2629,0
DA:2631,0
DA:2632,0
DA:2634,0
DA:2635,0
DA:2636,0
DA:2637,0
DA:2638,0
DA:2640,0
DA:2645,0
DA:2648,0
DA:2650,0
DA:2662,6
DA:2664,0
DA:2665,0
DA:2667,0
DA:2671,0
DA:2674,0
DA:2675,0
DA:2678,0
DA:2679,0
DA:2680,0
DA:2683,0
DA:2684,0
DA:2687,0
DA:2691,0
DA:2692,0
DA:2693,0
DA:2696,0
DA:2697,0
DA:2699,0
DA:2701,0
DA:2707,0
DA:2708,0
DA:2709,0
DA:2710,0
DA:2711,0
DA:2714,0
DA:2722,0
DA:2729,0
DA:2735,6
DA:2739,6
DA:2742,6
DA:2746,6
DA:2748,6
DA:2754,6
DA:2755,6
DA:2756,6
DA:2758,0
DA:2759,0
DA:2760,0
DA:2767,6
DA:2768,6
DA:2769,6
DA:2770,6
DA:2772,0
DA:2773,0
DA:2774,0
DA:2781,6
DA:2782,6
DA:2784,0
DA:2786,0
DA:2787,0
DA:2795,6
DA:2801,6
DA:2802,6
DA:2805,6
DA:2806,6
DA:2807,6
DA:2808,6
DA:2809,6
DA:2810,6
DA:2815,6
DA:2816,0
DA:2817,0
DA:2819,0
DA:2820,0
DA:2821,0
DA:2822,0
DA:2824,0
DA:2827,0
DA:2831,6
DA:2832,0
DA:2834,0
DA:2835,0
DA:2836,0
DA:2840,0
DA:2844,6
DA:2850,6
DA:2853,6
DA:2857,6
DA:2861,0
DA:2862,0
DA:2863,0
DA:2868,0
DA:2869,0
DA:2870,0
DA:2875,0
DA:2876,0
DA:2877,0
DA:2882,0
DA:2883,0
DA:2887,0
DA:2888,0
DA:2889,0
DA:2893,6
DA:2894,0
DA:2896,0
DA:2897,0
DA:2900,0
DA:2901,0
DA:2904,0
DA:2905,0
DA:2909,6
DA:2912,0
DA:2913,0
DA:2915,0
DA:2916,0
DA:2917,0
DA:2918,0
DA:2919,0
DA:2925,0
DA:2927,0
DA:2928,0
DA:2931,0
DA:2934,0
DA:2937,0
DA:2940,0
DA:2964,6
DA:2966,6
DA:2970,8
DA:2971,0
DA:2976,8
DA:2979,8
DA:2980,2
DA:2985,2
DA:2988,0
DA:2992,2
DA:2995,2
DA:2996,2
DA:3000,2
DA:3007,2
DA:3008,0
DA:3011,0
DA:3012,0
DA:3016,0
DA:3021,2
DA:3025,0
DA:3027,0
DA:3030,0
DA:3031,0
DA:3033,0
DA:3037,0
DA:3038,0
DA:3043,0
DA:3047,6
DA:3048,6
DA:3049,6
DA:3050,6
DA:3054,0
DA:3055,0
DA:3062,0
DA:3066,6
DA:3069,6
DA:3072,6
DA:3075,6
DA:3082,6
DA:3084,0
DA:3085,0
DA:3087,0
DA:3088,0
DA:3089,0
DA:3090,0
DA:3091,0
DA:3099,0
DA:3100,0
DA:3101,0
DA:3102,0
DA:3105,0
DA:3106,0
DA:3107,0
DA:3110,0
DA:3117,0
DA:3118,0
DA:3124,0
DA:3131,0
DA:3132,0
DA:3136,0
DA:3137,0
DA:3141,0
DA:3149,0
DA:3157,0
DA:3164,0
DA:3165,0
DA:3168,6
DA:3170,0
DA:3171,0
DA:3174,0
DA:3177,0
DA:3180,0
DA:3183,0
DA:3186,0
DA:3189,0
DA:3192,0
DA:3195,0
DA:3198,0
DA:3201,0
DA:3204,0
DA:3205,0
DA:3211,0
DA:3212,0
DA:3215,0
DA:3218,72
DA:3219,0
DA:3221,0
DA:3222,0
DA:3225,0
DA:3226,0
DA:3229,0
DA:3232,0
DA:3233,0
DA:3237,0
DA:3238,0
DA:3242,0
DA:3245,6
DA:3251,44646
DA:3252,44646
DA:3253,74410
DA:3255,44646
DA:3280,6
DA:3284,44646
DA:3301,44646
DA:3304,44646
DA:3307,44646
DA:3310,44646
DA:3313,17854
DA:3317,17854
DA:3318,17854
DA:3319,17854
DA:3320,17854
DA:3323,50421
DA:3327,0
DA:3328,0
DA:3334,17854
DA:3335,0
DA:3338,17854
DA:3341,17854
DA:3344,17854
DA:3345,17854
DA:3349,0
DA:3355,44646
DA:3359,53487
DA:3362,48453
DA:3363,3028
DA:3364,3028
DA:3367,48453
DA:3368,48453
DA:3369,107981
DA:3370,107981
DA:3371,107981
DA:3373,0
DA:3376,0
DA:3381,48453
DA:3382,3028
DA:3385,53487
DA:3390,0
DA:3392,0
DA:3393,0
DA:3396,0
DA:3397,0
DA:3401,0
DA:3407,0
DA:3414,0
DA:3415,0
DA:3417,0
DA:3424,14826
DA:3425,14826
DA:3426,14826
DA:3429,0
DA:3436,14826
DA:3437,14826
DA:3438,14826
DA:3440,14826
DA:3443,0
DA:3448,16192
DA:3449,14826
DA:3450,14826
DA:3451,14826
DA:3452,14826
DA:3453,14826
DA:3456,16192
DA:3461,7413
DA:3462,7413
DA:3467,0
DA:3471,44646
DA:3476,2334
DA:3479,586
DA:3485,2220
DA:3488,2220
DA:3489,1022
DA:3492,1198
DA:3493,144
DA:3501,1038
DA:3511,48
DA:3515,6
DA:3518,7441
DA:3529,7441
DA:3530,7441
DA:3532,1134
DA:3535,0
DA:3536,0
DA:3539,0
DA:3544,0
DA:3546,0
DA:3547,0
DA:3550,0
DA:3555,0
DA:3556,0
DA:3557,0
DA:3558,0
DA:3563,0
DA:3570,0
DA:3574,4368
DA:3576,21240
DA:3577,7254
DA:3578,7254
DA:3579,7254
DA:3585,7254
DA:3586,120
DA:3589,7134
DA:3593,6392
DA:3594,4
DA:3601,6388
DA:3611,6288
DA:3614,2712
DA:3615,0
DA:3625,2712
DA:3627,2712
DA:3641,3576
DA:3642,2834
DA:3643,2834
DA:3648,3576
DA:3653,7254
DA:3656,7254
DA:3657,7254
DA:3660,1106
DA:3661,1106
DA:3668,1106
DA:3672,994
DA:3673,408
DA:3674,408
DA:3677,994
DA:3686,7254
DA:3687,2900
DA:3692,4354
DA:3693,0
DA:3695,4354
DA:3700,4368
DA:3703,4368
DA:3715,4368
DA:3726,4368
DA:3741,21448
DA:3744,7441
DA:3747,7441
DA:3748,22323
DA:3749,22323
DA:3754,22323
DA:3757,22323
DA:3758,14882
DA:3763,7413
DA:3785,22323
DA:3790,22323
DA:3791,3628
DA:3792,3628
DA:3798,22323
DA:3802,7441
DA:3805,7441
DA:3806,4368
DA:3810,7441
DA:3818,1134
DA:3821,1134
DA:3824,1134
DA:3825,1134
DA:3828,1134
DA:3831,1134
DA:3832,2220
DA:3833,1126
DA:3834,1126
DA:3835,1126
DA:3836,575
DA:3842,1134
DA:3843,1134
DA:3847,1134
DA:3850,48
DA:3855,1086
DA:3856,1086
DA:3859,1086
DA:3866,6
DA:3868,6
DA:3872,1106
DA:3873,4
DA:3880,6
DA:3881,0
DA:3882,0
DA:3890,6
DA:3892,6
DA:3894,0
DA:3901,0
DA:3904,0
DA:3907,6
DA:3920,6
DA:3921,0
DA:3925,6
DA:3928,6
DA:3929,0
DA:3933,6
DA:3937,6
DA:3941,0
DA:3942,0
DA:3943,0
DA:3950,6
DA:3954,6
DA:3959,0
DA:3962,0
DA:3970,6
DA:3971,0
DA:3972,0
DA:3973,0
DA:3976,0
DA:3977,0
DA:3978,0
DA:3979,0
DA:3983,0
DA:3984,0
DA:3986,0
DA:3987,0
DA:3990,0
DA:3993,0
DA:3994,0
DA:3995,0
DA:3999,0
DA:4000,0
DA:4001,0
DA:4006,0
DA:4007,0
DA:4008,0
DA:4017,0
DA:4018,0
DA:4022,0
DA:4023,0
DA:4026,0
DA:4028,6
DA:4036,0
DA:4043,12
DA:4046,6
DA:4048,6
DA:4053,0
DA:4056,0
DA:4057,0
DA:4062,0
DA:4066,0
DA:4067,0
DA:4073,0
DA:4081,0
DA:4085,0
DA:4089,0
DA:4090,0
DA:4096,0
DA:4097,0
DA:4100,0
DA:4103,0
DA:4122,0
DA:4125,0
DA:4134,0
DA:4138,0
DA:4142,0
DA:4144,0
DA:4145,0
DA:4148,0
DA:4151,0
DA:4155,0
DA:4157,0
DA:4161,0
DA:4166,0
DA:4168,0
DA:4169,0
DA:4174,0
DA:4180,0
DA:4181,0
DA:4183,0
DA:4188,0
DA:4189,0
DA:4192,6
DA:4194,6
DA:4208,6
DA:4209,6
DA:4212,0
DA:4213,0
DA:4216,0
DA:4217,0
DA:4220,0
DA:4221,0
DA:4225,0
DA:4226,0
DA:4229,0
DA:4230,0
DA:4233,0
DA:4241,0
DA:4242,0
DA:4243,0
DA:4245,0
DA:4246,0
DA:4247,0
DA:4251,0
DA:4253,0
DA:4256,0
DA:4259,6
DA:4261,0
DA:4265,0
DA:4269,0
DA:4275,0
DA:4279,0
DA:4283,6
DA:4286,0
DA:4287,0
DA:4290,0
DA:4291,0
DA:4292,0
DA:4294,0
DA:4295,0
DA:4296,0
DA:4300,0
DA:4301,0
DA:4302,0
DA:4303,0
DA:4304,0
DA:4308,0
DA:4312,0
DA:4316,0
DA:4317,0
DA:4318,0
DA:4322,0
DA:4330,0
DA:4334,0
DA:4335,0
DA:4336,0
DA:4341,0
DA:4342,0
DA:4343,0
DA:4347,0
DA:4351,0
DA:4354,0
DA:4360,0
DA:4361,0
DA:4367,6
DA:4371,0
DA:4372,0
DA:4373,0
DA:4376,0
DA:4377,0
DA:4378,0
DA:4380,0
DA:4383,0
DA:4388,0
DA:4390,0
DA:4391,0
DA:4392,0
DA:4393,0
DA:4394,0
DA:4395,0
DA:4399,0
DA:4400,0
DA:4401,0
DA:4404,0
DA:4408,0
DA:4409,0
DA:4413,0
DA:4414,0
DA:4417,0
DA:4418,0
DA:4424,0
DA:4425,0
DA:4427,0
DA:4433,6
DA:4435,0
DA:4437,0
DA:4438,0
DA:4439,0
DA:4440,0
DA:4443,0
DA:4444,0
DA:4447,0
DA:4450,0
DA:4453,0
DA:4455,0
DA:4456,0
DA:4461,0
DA:4462,0
DA:4466,0
DA:4473,0
DA:4474,0
DA:4475,0
DA:4476,0
DA:4477,0
DA:4478,0
DA:4479,0
DA:4483,0
DA:4484,0
DA:4485,0
DA:4487,0
DA:4489,0
DA:4490,0
DA:4491,0
DA:4492,0
DA:4493,0
DA:4496,0
DA:4497,0
DA:4500,6
DA:4502,6
DA:4505,6
DA:4507,6
DA:4511,0
DA:4514,0
DA:4526,6
DA:4528,0
DA:4531,0
DA:4532,0
DA:4533,0
DA:4536,0
DA:4539,0
DA:4540,0
DA:4543,0
DA:4551,0
DA:4552,0
DA:4553,0
DA:4555,0
DA:4558,0
DA:4560,0
DA:4561,0
DA:4564,0
DA:4567,0
DA:4570,0
DA:4573,0
DA:4576,0
DA:4578,0
DA:4582,0
DA:4585,0
DA:4586,0
DA:4595,0
DA:4596,0
DA:4599,0
DA:4602,0
DA:4603,0
DA:4604,0
DA:4605,0
DA:4608,0
DA:4612,6
DA:4616,0
DA:4617,0
DA:4618,0
DA:4620,0
DA:4621,0
DA:4624,0
DA:4625,0
DA:4627,0
DA:4629,0
DA:4630,0
DA:4632,0
DA:4634,0
DA:4639,0
DA:4640,0
DA:4641,0
DA:4644,0
DA:4645,0
DA:4646,0
DA:4647,0
DA:4650,0
DA:4651,0
DA:4656,0
DA:4657,0
DA:4658,0
DA:4659,0
DA:4662,0
DA:4663,0
DA:4666,0
DA:4667,0
DA:4670,0
DA:4676,0
DA:4677,0
DA:4678,0
DA:4682,0
DA:4685,6
DA:4687,0
DA:4690,0
DA:4693,0
DA:4694,0
DA:4697,0
DA:4698,0
DA:4699,0
DA:4701,0
DA:4706,6
DA:4708,6
DA:4710,6
DA:4715,6
DA:4732,6
DA:4734,6
DA:4735,6
DA:4744,6
DA:4745,6
DA:4747,0
DA:4748,0
DA:4751,0
DA:4754,6
DA:4755,0
DA:4758,6
DA:4764,0
DA:4765,0
DA:4767,0
DA:4768,0
DA:4777,6
DA:4781,2
DA:4782,2
DA:4783,2
DA:4784,2
DA:4786,2
DA:4787,2
DA:4789,2
DA:4792,2
DA:4796,0
DA:4799,2
DA:4800,0
DA:4804,2
DA:4807,2
DA:4808,2
DA:4809,2
DA:4812,2
DA:4813,2
DA:4814,0
DA:4819,2
DA:4822,2
DA:4825,2
DA:4831,2
DA:4833,2
DA:4834,2
DA:4837,6
DA:4838,0
DA:4839,0
DA:4841,0
DA:4844,6
DA:4847,6
DA:4850,6
DA:4851,0
DA:4855,6
DA:4856,0
DA:4857,0
DA:4858,0
DA:4859,0
DA:4865,2
DA:4869,6
DA:4870,6
DA:4871,6
DA:4872,6
DA:4878,6
DA:4879,6
DA:4880,6
DA:4882,6
DA:4886,6
DA:4890,6
DA:4891,6
DA:4893,6
DA:4898,6
DA:4899,6
DA:4900,6
DA:4903,0
DA:4907,0
DA:4913,0
DA:4914,0
DA:4922,0
DA:4925,0
DA:4928,0
DA:4929,0
DA:4931,0
DA:4932,0
DA:4934,0
DA:4937,0
DA:4940,0
DA:4941,0
DA:4942,0
DA:4943,0
DA:4946,0
DA:4947,0
DA:4951,0
DA:4952,0
DA:4953,0
DA:4956,0
DA:4957,0
DA:4958,0
DA:4959,0
DA:4962,0
DA:4963,0
DA:4964,0
DA:4967,0
DA:4968,0
DA:4972,0
DA:4974,0
DA:4975,0
DA:4983,6
DA:4992,0
DA:4995,0
DA:4996,0
DA:5000,0
DA:5001,0
DA:5002,0
DA:5003,0
DA:5008,0
DA:5009,0
DA:5013,0
DA:5014,0
DA:5018,0
DA:5019,0
DA:5021,0
DA:5022,0
DA:5026,0
DA:5032,0
DA:5033,0
DA:5034,0
DA:5035,0
DA:5036,0
DA:5037,0
DA:5040,0
DA:5041,0
DA:5045,0
DA:5048,0
DA:5051,0
DA:5054,0
DA:5066,0
DA:5067,0
DA:5068,0
DA:5071,0
DA:5074,0
DA:5075,0
DA:5080,0
DA:5081,0
DA:5083,0
DA:5084,0
DA:5089,0
DA:5090,0
DA:5092,0
DA:5096,0
DA:5107,0
DA:5109,0
DA:5110,0
DA:5114,0
DA:5115,0
DA:5116,0
DA:5117,0
DA:5118,0
DA:5119,0
DA:5122,0
DA:5123,0
DA:5124,0
DA:5126,0
DA:5129,0
DA:5130,0
DA:5131,0
DA:5132,0
DA:5136,0
DA:5137,0
DA:5138,0
DA:5140,0
DA:5145,0
DA:5147,0
DA:5148,0
DA:5150,0
DA:5151,0
DA:5158,0
DA:5159,0
DA:5162,0
DA:5165,0
DA:5170,0
DA:5171,0
DA:5178,0
DA:5181,0
DA:5182,0
DA:5183,0
DA:5186,0
DA:5188,0
DA:5189,0
DA:5192,0
DA:5195,0
DA:5196,0
DA:5200,0
DA:5203,0
DA:5204,0
DA:5205,0
DA:5207,0
DA:5208,0
DA:5213,0
DA:5215,0
DA:5216,0
DA:5218,0
DA:5221,0
DA:5222,0
DA:5223,0
DA:5224,0
DA:5232,0
DA:5233,0
DA:5236,0
DA:5241,0
DA:5242,0
DA:5243,0
DA:5246,0
DA:5259,0
DA:5263,0
DA:5264,0
DA:5265,0
DA:5266,0
DA:5267,0
DA:5270,0
DA:5272,0
DA:5273,0
DA:5277,0
DA:5278,0
DA:5281,0
DA:5282,0
DA:5289,0
DA:5290,0
DA:5291,0
DA:5294,0
DA:5298,180
DA:5304,0
DA:5305,0
DA:5309,0
DA:5310,0
DA:5315,0
DA:5326,0
DA:5341,0
DA:5342,0
DA:5343,0
DA:5350,0
DA:5351,0
DA:5352,0
DA:5361,0
DA:5362,0
DA:5363,0
DA:5369,0
DA:5378,0
DA:5379,0
DA:5386,6
DA:5389,0
DA:5390,0
DA:5394,6
DA:5397,0
DA:5398,0
DA:5402,0
DA:5403,0
DA:5404,0
DA:5408,0
DA:5419,0
DA:5423,0
DA:5424,0
DA:5428,0
DA:5432,0
DA:5433,0
DA:5437,0
DA:5440,0
DA:5445,6
DA:5453,0
DA:5455,0
DA:5457,0
DA:5458,0
DA:5462,0
DA:5464,0
DA:5466,0
DA:5467,0
DA:5471,0
DA:5473,0
DA:5475,0
DA:5476,0
DA:5479,0
DA:5484,6
DA:5516,0
DA:5519,0
DA:5520,0
DA:5524,0
DA:5525,0
DA:5526,0
DA:5529,0
DA:5530,0
DA:5533,0
DA:5534,0
DA:5537,0
DA:5540,0
DA:5552,6
DA:5558,24
DA:5564,0
DA:5565,0
DA:5566,0
DA:5570,0
DA:5571,0
DA:5572,0
DA:5573,0
DA:5575,0
DA:5580,6
DA:5583,0
DA:5586,0
DA:5590,0
DA:5593,0
DA:5594,0
DA:5601,0
DA:5603,0
DA:5606,0
DA:5607,0
DA:5609,0
DA:5611,0
DA:5614,0
DA:5615,0
DA:5617,0
DA:5618,0
DA:5620,0
DA:5621,0
DA:5632,6
DA:5639,6
DA:5642,6
DA:5643,6
DA:5644,6
DA:5648,0
DA:5651,0
DA:5654,0
DA:5659,0
DA:5660,0
DA:5663,0
DA:5665,0
DA:5666,0
DA:5668,0
DA:5671,0
DA:5677,0
DA:5678,0
DA:5682,0
DA:5683,0
DA:5684,0
DA:5685,0
DA:5687,0
DA:5688,0
DA:5689,0
DA:5691,0
DA:5692,0
DA:5693,0
DA:5700,0
DA:5701,0
DA:5702,0
DA:5704,0
DA:5710,0
DA:5713,0
DA:5714,0
DA:5717,0
DA:5718,0
DA:5725,0
DA:5728,0
DA:5729,0
DA:5730,0
DA:5731,0
DA:5732,0
DA:5735,0
DA:5738,0
DA:5739,0
DA:5740,0
DA:5741,0
DA:5743,0
DA:5747,0
DA:5748,0
DA:5749,0
DA:5751,0
DA:5752,0
DA:5756,0
DA:5757,0
DA:5758,0
DA:5763,0
DA:5764,0
DA:5766,0
DA:5767,0
DA:5770,0
DA:5774,0
DA:5778,0
DA:5781,0
DA:5782,0
DA:5785,0
DA:5788,0
DA:5789,0
DA:5790,0
DA:5794,0
DA:5797,0
DA:5798,0
DA:5801,0
DA:5809,0
DA:5814,0
DA:5815,0
DA:5817,0
DA:5818,0
DA:5819,0
DA:5822,0
DA:5823,0
DA:5824,0
DA:5826,0
DA:5830,0
DA:5833,6
DA:5835,2
DA:5840,0
DA:5841,0
DA:5844,0
DA:5848,0
DA:5849,0
DA:5851,0
DA:5852,0
DA:5857,0
DA:5858,0
DA:5859,0
DA:5860,0
DA:5862,0
DA:5863,0
DA:5866,0
DA:5871,0
DA:5872,0
DA:5873,0
DA:5877,0
DA:5882,0
DA:5883,0
DA:5885,0
DA:5886,0
DA:5887,0
DA:5888,0
DA:5889,0
DA:5890,0
DA:5891,0
DA:5895,0
DA:5902,0
DA:5904,0
DA:5908,0
DA:5915,6
DA:5917,0
DA:5921,0
DA:5925,0
DA:5926,0
DA:5929,0
DA:5930,0
DA:5937,0
DA:5938,0
DA:5939,0
DA:5940,0
DA:5946,0
DA:5947,0
DA:5948,0
DA:5949,0
DA:5955,0
DA:5956,0
DA:5957,0
DA:5963,0
DA:5964,0
DA:5965,0
DA:5972,0
DA:5974,0
DA:5975,0
DA:5978,0
DA:5981,0
DA:5985,0
DA:5989,0
DA:5990,0
DA:5992,0
DA:5993,0
DA:5998,0
DA:5999,0
DA:6000,0
DA:6001,0
DA:6003,0
DA:6004,0
DA:6008,0
DA:6011,0
DA:6013,0
DA:6014,0
DA:6015,0
DA:6018,0
DA:6019,0
DA:6020,0
DA:6024,0
DA:6030,0
DA:6031,0
DA:6037,0
DA:6040,0
DA:6041,0
DA:6043,0
DA:6044,0
DA:6045,0
DA:6046,0
DA:6055,6
DA:6062,30
DA:6064,0
DA:6065,0
DA:6066,0
DA:6067,0
DA:6069,0
DA:6070,0
DA:6071,0
DA:6075,0
DA:6078,0
DA:6081,6
DA:6083,6
DA:6085,6
DA:6090,0
DA:6092,0
DA:6093,0
DA:6096,0
DA:6101,6
DA:6108,0
DA:6109,0
DA:6112,0
DA:6114,0
DA:6118,0
DA:6120,0
DA:6121,0
DA:6124,0
DA:6128,0
DA:6129,0
DA:6133,0
DA:6137,0
DA:6138,0
DA:6140,0
DA:6144,0
DA:6149,6
DA:6150,6
DA:6153,6
DA:6154,0
DA:6159,6
DA:6160,6
DA:6161,6
DA:6163,6
DA:6165,0
DA:6166,0
DA:6169,0
DA:6170,0
DA:6173,0
DA:6174,0
DA:6177,0
DA:6178,0
DA:6181,0
DA:6182,0
DA:6195,0
DA:6197,0
DA:6202,0
DA:6203,0
DA:6205,0
DA:6206,0
DA:6214,0
DA:6217,0
DA:6218,0
DA:6219,0
DA:6222,0
DA:6223,0
DA:6226,0
DA:6227,0
DA:6228,0
DA:6232,0
DA:6244,18
DA:6246,0
DA:6250,0
DA:6251,0
DA:6255,0
DA:6266,6
DA:6267,6
DA:6268,6
DA:6269,6
DA:6274,6
DA:6275,6
DA:6281,0
DA:6282,0
DA:6286,0
DA:6287,0
DA:6289,0
DA:6290,0
DA:6291,0
DA:6292,0
DA:6300,0
DA:6301,0
DA:6302,0
DA:6304,0
DA:6311,0
DA:6312,0
DA:6320,0
DA:6321,0
DA:6322,0
DA:6325,0
DA:6326,0
DA:6329,0
DA:6332,0
DA:6333,0
DA:6337,0
DA:6340,0
DA:6343,0
DA:6344,0
DA:6348,0
DA:6356,0
DA:6357,0
DA:6361,0
DA:6362,0
DA:6368,0
DA:6372,0
DA:6381,0
DA:6387,0
DA:6388,0
DA:6389,0
DA:6390,0
DA:6394,0
DA:6395,0
DA:6396,0
DA:6398,0
DA:6403,0
DA:6410,0
DA:6413,0
DA:6416,0
DA:6420,0
DA:6423,0
DA:6437,6
DA:6444,0
DA:6447,0
DA:6448,0
DA:6479,0
DA:6480,0
DA:6485,0
DA:6486,0
DA:6487,0
DA:6492,0
DA:6493,0
DA:6497,0
DA:6500,0
DA:6501,0
DA:6504,0
DA:6505,0
DA:6508,0
DA:6512,0
DA:6513,0
DA:6517,0
DA:6518,0
DA:6522,0
DA:6523,0
DA:6527,0
DA:6530,0
DA:6531,0
DA:6533,0
DA:6540,0
DA:6543,0
DA:6547,0
DA:6553,0
DA:6554,0
DA:6559,0
DA:6560,0
DA:6564,0
DA:6567,0
DA:6568,0
DA:6572,0
DA:6573,0
DA:6577,0
DA:6578,0
DA:6582,0
DA:6583,0
DA:6584,0
DA:6587,0
DA:6591,6
DA:6592,12
DA:6594,0
DA:6598,0
DA:6608,0
DA:6616,0
DA:6617,0
DA:6618,0
DA:6628,0
DA:6629,0
DA:6638,0
DA:6641,0
DA:6642,0
DA:6645,0
DA:6650,6
DA:6652,0
DA:6653,0
DA:6656,0
DA:6664,6
DA:6669,18
DA:6671,0
DA:6672,0
DA:6675,0
DA:6677,0
DA:6678,0
DA:6682,0
DA:6686,18
DA:6687,12
DA:6691,6
DA:6693,0
DA:6695,0
DA:6696,0
DA:6698,0
DA:6699,0
DA:6700,0
DA:6702,0
DA:6703,0
DA:6706,0
DA:6709,0
DA:6718,0
DA:6720,6
DA:6722,6
DA:6725,0
DA:6726,0
DA:6727,0
DA:6728,0
DA:6729,0
DA:6730,0
DA:6731,0
DA:6734,0
DA:6736,0
DA:6742,0
DA:6744,0
DA:6745,0
DA:6749,0
DA:6751,0
DA:6753,0
DA:6754,0
DA:6757,0
DA:6758,0
DA:6760,0
DA:6762,0
DA:6766,6
DA:6768,6
DA:6775,0
DA:6777,0
DA:6784,0
DA:6787,0
DA:6794,0
DA:6795,0
DA:6796,0
DA:6799,0
DA:6801,0
DA:6809,6
DA:6811,0
DA:6812,0
DA:6817,6
DA:6819,0
DA:6822,0
DA:6827,6
DA:6830,6
DA:6837,6
DA:6838,6
DA:6841,0
DA:6842,0
DA:6843,0
DA:6845,0
DA:6848,0
DA:6854,0
DA:6855,0
DA:6857,0
DA:6863,18
DA:6864,18
DA:6868,18
DA:6869,18
DA:6870,36
DA:6871,36
DA:6874,18
DA:6875,0
DA:6878,18
DA:6883,0
DA:6884,0
DA:6885,0
DA:6886,0
DA:6887,0
DA:6890,0
DA:6897,0
DA:6898,0
DA:6899,0
DA:6900,0
DA:6901,0
DA:6902,0
DA:6905,0
DA:6906,0
DA:6907,0
DA:6908,0
DA:6909,0
DA:6910,0
DA:6911,0
DA:6912,0
DA:6916,0
DA:6918,0
DA:6921,0
DA:6922,0
DA:6923,0
DA:6924,0
DA:6931,0
DA:6932,0
DA:6933,0
DA:6934,0
DA:6935,0
DA:6936,0
DA:6940,0
DA:6941,0
DA:6945,0
DA:6948,0
DA:6953,0
DA:6954,0
DA:6955,0
DA:6959,0
DA:6965,0
DA:6968,0
DA:6969,0
DA:6970,0
DA:6972,0
DA:6973,0
DA:6974,0
DA:6975,0
DA:6979,0
DA:6980,0
DA:6981,0
DA:6982,0
DA:6987,0
DA:6988,0
DA:6991,0
DA:6992,0
DA:6993,0
DA:6995,0
DA:6996,0
DA:6997,0
DA:7000,0
DA:7005,0
DA:7006,0
DA:7007,0
DA:7008,0
DA:7009,0
DA:7010,0
DA:7015,0
DA:7016,0
DA:7019,0
DA:7020,0
DA:7021,0
DA:7022,0
DA:7025,0
DA:7029,0
DA:7030,0
DA:7034,0
DA:7035,0
DA:7040,0
DA:7045,0
DA:7046,0
DA:7048,0
DA:7049,0
DA:7050,0
DA:7056,0
DA:7057,0
DA:7058,0
DA:7059,0
DA:7060,0
DA:7061,0
DA:7071,0
DA:7072,0
DA:7073,0
DA:7074,0
DA:7075,0
DA:7076,0
DA:7077,0
DA:7080,0
DA:7081,0
DA:7082,0
DA:7085,0
DA:7086,0
DA:7087,0
DA:7088,0
DA:7092,0
DA:7093,0
DA:7094,0
DA:7095,0
DA:7099,0
DA:7107,0
DA:7108,0
DA:7109,0
DA:7112,0
DA:7114,0
DA:7115,0
DA:7116,0
DA:7118,0
DA:7119,0
DA:7123,0
DA:7124,0
DA:7125,0
DA:7126,0
DA:7128,0
DA:7129,0
DA:7132,0
DA:7135,0
DA:7136,0
DA:7140,0
DA:7141,0
DA:7145,0
DA:7146,0
DA:7148,0
DA:7161,0
DA:7163,0
DA:7164,0
DA:7167,0
DA:7171,0
DA:7172,0
DA:7173,0
DA:7175,0
DA:7176,0
DA:7177,0
DA:7181,0
DA:7182,0
DA:7183,0
DA:7185,0
DA:7187,0
DA:7190,0
DA:7192,0
DA:7194,0
DA:7195,0
DA:7196,0
DA:7197,0
DA:7198,0
DA:7201,0
DA:7205,0
DA:7207,0
DA:7208,0
DA:7212,0
DA:7218,0
DA:7226,0
DA:7229,6
DA:7233,0
DA:7234,0
DA:7235,0
DA:7240,0
DA:7241,0
DA:7242,0
DA:7244,0
DA:7248,0
DA:7249,0
DA:7251,0
DA:7252,0
DA:7253,0
DA:7254,0
DA:7261,0
DA:7262,0
DA:7264,0
DA:7269,6
DA:7270,0
DA:7278,0
DA:7279,0
DA:7282,0
DA:7283,0
DA:7284,0
DA:7287,0
DA:7293,0
DA:7294,0
DA:7298,0
DA:7300,0
DA:7301,0
DA:7302,0
DA:7305,0
DA:7306,0
DA:7310,0
DA:7313,6
DA:7317,0
DA:7323,0
DA:7324,0
DA:7325,0
DA:7328,0
DA:7331,0
DA:7332,0
DA:7335,0
DA:7337,0
DA:7342,0
DA:7343,0
DA:7344,0
DA:7345,0
DA:7348,0
DA:7349,0
DA:7350,0
DA:7351,0
DA:7353,0
DA:7354,0
DA:7357,0
DA:7358,0
DA:7359,0
DA:7360,0
DA:7361,0
DA:7363,0
DA:7364,0
DA:7365,0
DA:7368,0
DA:7369,0
DA:7370,0
DA:7375,0
DA:7376,0
DA:7379,0
DA:7380,0
DA:7381,0
DA:7388,0
DA:7389,0
DA:7394,0
DA:7395,0
DA:7397,0
DA:7399,0
DA:7400,0
DA:7401,0
DA:7402,0
DA:7403,0
DA:7406,0
DA:7409,0
DA:7411,0
DA:7412,0
DA:7416,0
DA:7417,0
DA:7418,0
DA:7419,0
DA:7424,0
DA:7425,0
DA:7426,0
DA:7431,0
DA:7436,6
DA:7437,18
DA:7438,18
DA:7439,0
DA:7446,6
DA:7454,36
DA:7455,0
DA:7459,6
DA:7460,6
DA:7462,0
DA:7463,0
DA:7465,0
DA:7467,0
DA:7468,0
DA:7471,0
DA:7472,0
DA:7476,0
DA:7477,0
DA:7479,0
DA:7482,6
DA:7483,0
DA:7484,0
DA:7487,6
DA:7488,6
DA:7489,0
DA:7490,0
DA:7493,0
DA:7494,0
DA:7497,6
DA:7498,0
DA:7501,6
DA:7512,6
DA:7513,0
DA:7514,0
DA:7516,0
DA:7517,0
DA:7518,0
DA:7519,0
DA:7525,6
DA:7526,6
DA:7527,6
DA:7528,6
DA:7530,6
DA:7534,6
DA:7538,6
DA:7542,6
DA:7543,6
DA:7544,6
DA:7545,6
DA:7550,6
DA:7552,6
DA:7554,0
DA:7558,0
DA:7559,0
DA:7564,6
DA:7567,0
DA:7570,0
DA:7571,0
DA:7575,0
DA:7576,0
DA:7581,0
DA:7582,0
DA:7586,0
DA:7587,0
DA:7588,0
DA:7589,0
DA:7592,0
DA:7594,0
DA:7597,0
DA:7598,0
DA:7601,0
DA:7602,0
DA:7605,0
DA:7608,0
DA:7614,0
DA:7616,0
DA:7617,0
DA:7618,0
DA:7619,0
DA:7621,0
DA:7629,0
DA:7633,0
DA:7635,0
DA:7636,0
DA:7637,0
DA:7644,6
DA:7646,0
DA:7649,0
DA:7651,0
DA:7653,0
DA:7657,6
DA:7658,96
DA:7660,96
DA:7662,0
DA:7664,0
DA:7667,0
DA:7668,0
DA:7669,0
DA:7672,0
DA:7674,0
DA:7681,6
DA:7682,6
DA:7684,6
DA:7686,0
DA:7690,0
DA:7691,0
DA:7696,6
DA:7699,0
DA:7702,0
DA:7703,0
DA:7706,0
DA:7709,0
DA:7710,0
DA:7713,0
DA:7714,0
DA:7716,0
DA:7719,0
DA:7722,0
DA:7723,0
DA:7726,0
DA:7738,0
DA:7740,0
DA:7741,0
DA:7744,0
DA:7749,0
DA:7752,0
DA:7771,6
DA:7772,0
DA:7777,0
DA:7778,0
DA:7779,0
DA:7781,0
DA:7787,0
DA:7788,0
DA:7789,0
DA:7791,0
DA:7792,0
DA:7799,6
DA:7811,60
DA:7820,0
DA:7821,0
DA:7826,0
DA:7829,6
DA:7832,0
DA:7834,0
DA:7835,0
DA:7836,0
DA:7840,0
DA:7841,0
DA:7843,0
DA:7844,0
DA:7845,0
DA:7847,0
DA:7848,0
DA:7849,0
DA:7850,0
DA:7851,0
DA:7856,0
DA:7857,0
DA:7858,0
DA:7864,0
DA:7869,0
DA:7871,0
DA:7872,0
DA:7873,0
DA:7877,0
DA:7878,0
DA:7881,0
DA:7882,0
DA:7884,0
DA:7885,0
DA:7888,0
DA:7890,0
DA:7891,0
DA:7892,0
DA:7895,0
DA:7896,0
DA:7901,0
DA:7902,0
DA:7903,0
DA:7909,0
DA:7913,0
DA:7915,0
DA:7916,0
DA:7919,0
DA:7920,0
DA:7921,0
DA:7928,0
DA:7931,0
DA:7934,0
DA:7935,0
DA:7936,0
DA:7938,0
DA:7941,0
DA:7942,0
DA:7944,0
DA:7949,0
DA:7950,0
DA:7951,0
DA:7954,0
DA:7961,0
DA:7962,0
DA:7974,0
DA:7976,0
DA:7977,0
DA:7978,0
DA:7980,0
DA:7984,0
DA:7991,6
DA:7993,6
DA:7996,0
DA:7998,0
DA:7999,0
DA:8000,0
DA:8003,0
DA:8007,0
DA:8010,0
DA:8013,0
DA:8014,0
DA:8018,0
DA:8021,0
DA:8024,0
DA:8026,0
DA:8029,0
DA:8030,0
DA:8033,0
DA:8034,0
DA:8036,0
DA:8040,0
DA:8041,0
DA:8043,0
DA:8044,0
DA:8046,0
DA:8047,0
DA:8048,0
DA:8052,0
DA:8055,0
DA:8056,0
DA:8062,6
DA:8067,0
DA:8068,0
DA:8081,0
DA:8082,0
DA:8083,0
DA:8084,0
DA:8085,0
DA:8087,0
DA:8088,0
DA:8091,0
DA:8095,0
DA:8096,0
DA:8100,0
DA:8108,0
DA:8111,0
DA:8112,0
DA:8116,0
DA:8120,0
DA:8125,0
DA:8126,0
DA:8127,0
DA:8129,0
DA:8130,0
DA:8134,0
DA:8137,0
DA:8144,0
DA:8145,0
DA:8147,0
DA:8154,6
DA:8155,12
DA:8157,0
DA:8158,0
DA:8162,12
DA:8163,12
DA:8164,0
DA:8175,6
DA:8176,6
DA:8177,0
DA:8180,6
DA:8185,0
DA:8186,0
DA:8187,0
DA:8189,0
DA:8192,0
DA:8193,0
DA:8197,0
DA:8198,0
DA:8201,0
DA:8204,0
DA:8205,0
DA:8206,0
DA:8208,0
DA:8211,0
DA:8216,0
DA:8217,0
DA:8218,0
DA:8223,0
DA:8224,0
DA:8225,0
DA:8229,0
DA:8234,0
DA:8235,0
DA:8236,0
DA:8241,0
DA:8243,0
DA:8244,0
DA:8245,0
DA:8247,0
DA:8248,0
DA:8249,0
DA:8253,0
DA:8254,0
DA:8259,0
DA:8260,0
DA:8261,0
DA:8262,0
DA:8267,0
DA:8269,0
DA:8270,0
DA:8274,0
DA:8275,0
DA:8276,0
DA:8277,0
DA:8278,0
DA:8282,0
DA:8285,0
DA:8287,0
DA:8293,0
DA:8296,0
DA:8298,0
DA:8299,0
DA:8303,0
DA:8305,0
DA:8306,0
DA:8309,0
DA:8311,0
DA:8312,0
DA:8315,0
DA:8317,0
DA:8318,0
DA:8324,0
DA:8330,0
DA:8339,0
DA:8344,6
DA:8347,0
DA:8348,0
DA:8352,0
DA:8353,0
DA:8354,0
DA:8360,6
DA:8366,132
DA:8367,0
DA:8373,6
DA:8375,0
DA:8382,6
DA:8393,6
DA:8394,6
DA:8397,12
DA:8398,0
DA:8401,12
DA:8403,0
DA:8404,0
DA:8406,0
DA:8407,0
DA:8409,0
DA:8412,0
DA:8413,0
DA:8415,0
DA:8416,0
DA:8417,0
DA:8420,0
DA:8426,6
DA:8428,6
DA:8430,6
DA:8435,6
DA:8437,0
DA:8438,0
DA:8443,0
DA:8444,0
DA:8446,0
DA:8449,0
DA:8450,0
DA:8452,0
DA:8457,6
DA:8458,6
DA:8459,6
DA:8460,6
DA:8465,0
DA:8468,0
DA:8469,0
DA:8472,0
DA:8477,0
DA:8486,0
DA:8489,0
DA:8490,0
DA:8496,0
DA:8502,6
DA:8504,0
DA:8505,0
DA:8508,0
DA:8512,0
DA:8517,0
DA:8520,0
DA:8521,0
DA:8528,0
DA:8529,0
DA:8534,0
DA:8537,6
DA:8539,0
DA:8542,0
DA:8545,0
DA:8546,0
DA:8549,0
DA:8552,0
DA:8557,0
DA:8559,0
DA:8560,0
DA:8563,0
DA:8564,0
DA:8565,0
DA:8569,0
DA:8576,6
DA:8577,6
DA:8578,6
DA:8579,6
DA:8582,6
DA:8583,6
DA:8584,6
DA:8595,6
DA:8602,6
DA:8605,6
DA:8608,6
DA:8609,6
DA:8615,12
DA:8617,30
DA:8618,12
DA:8619,12
DA:8623,30
DA:8624,30
DA:8626,30
DA:8629,30
DA:8632,36
DA:8633,0
DA:8634,0
DA:8638,36
DA:8648,0
DA:8649,0
DA:8653,0
DA:8654,0
DA:8655,0
DA:8656,0
DA:8659,0
DA:8660,0
DA:8661,0
DA:8662,0
DA:8663,0
DA:8666,0
DA:8669,0
DA:8677,12
DA:8679,12
DA:8680,30
DA:8681,30
DA:8684,12
DA:8685,12
DA:8688,12
DA:8698,0
DA:8699,0
DA:8702,0
DA:8703,0
DA:8704,0
DA:8705,0
DA:8710,0
DA:8711,0
DA:8712,0
DA:8713,0
DA:8714,0
DA:8720,0
DA:8721,0
DA:8725,0
DA:8726,0
DA:8727,0
DA:8728,0
DA:8730,0
DA:8731,0
DA:8736,0
DA:8742,0
DA:8743,0
DA:8744,0
DA:8746,0
DA:8755,0
DA:8758,0
DA:8761,0
DA:8762,0
DA:8763,0
DA:8767,0
DA:8770,0
DA:8772,0
DA:8773,0
DA:8777,0
DA:8778,0
DA:8781,0
DA:8782,0
DA:8784,0
DA:8787,0
DA:8789,0
DA:8792,0
DA:8795,0
DA:8798,0
DA:8799,0
DA:8802,0
DA:8803,0
DA:8806,0
DA:8808,0
DA:8811,0
DA:8812,0
DA:8815,0
DA:8816,0
DA:8817,0
DA:8819,0
DA:8826,0
DA:8829,0
DA:8830,0
DA:8832,0
DA:8833,0
DA:8835,0
DA:8846,0
DA:8849,6
DA:8930,12
DA:8946,0
DA:8947,0
DA:8948,0
DA:8952,0
DA:8982,0
DA:8985,0
DA:8988,0
DA:8994,0
DA:8995,0
DA:8998,0
DA:9001,0
DA:9002,0
DA:9005,0
DA:9008,0
DA:9014,0
DA:9015,0
DA:9016,0
DA:9017,0
DA:9018,0
DA:9021,0
DA:9023,0
DA:9028,0
DA:9033,0
DA:9034,0
DA:9036,0
DA:9038,0
DA:9043,0
DA:9044,0
DA:9046,0
DA:9052,0
DA:9053,0
DA:9056,0
DA:9060,0
DA:9061,0
DA:9065,0
DA:9070,0
DA:9071,0
DA:9072,0
DA:9074,0
DA:9075,0
DA:9080,0
DA:9085,0
DA:9089,0
DA:9092,0
DA:9095,0
DA:9096,0
DA:9101,0
DA:9102,0
DA:9106,0
DA:9107,0
DA:9113,0
DA:9118,0
DA:9119,0
DA:9123,0
DA:9126,0
DA:9127,0
DA:9132,0
DA:9135,0
DA:9136,0
DA:9140,0
DA:9143,0
DA:9148,0
DA:9151,0
DA:9154,0
DA:9157,0
DA:9158,0
DA:9161,0
DA:9165,0
DA:9166,0
DA:9167,0
DA:9171,0
DA:9174,0
DA:9176,0
DA:9180,0
DA:9181,0
DA:9182,0
DA:9184,0
DA:9185,0
DA:9190,0
DA:9191,0
DA:9195,0
DA:9204,0
DA:9205,0
DA:9209,0
DA:9213,0
DA:9217,0
DA:9220,0
DA:9221,0
DA:9222,0
DA:9225,0
DA:9228,0
DA:9229,0
DA:9231,0
DA:9234,0
DA:9235,0
DA:9239,0
DA:9240,0
DA:9244,0
DA:9245,0
DA:9246,0
DA:9250,0
DA:9251,0
DA:9252,0
DA:9256,0
DA:9257,0
DA:9261,0
DA:9268,0
DA:9271,0
DA:9272,0
DA:9275,0
DA:9278,0
DA:9279,0
DA:9284,0
DA:9287,0
DA:9290,0
DA:9293,0
DA:9296,0
DA:9297,0
DA:9301,0
DA:9304,0
DA:9307,0
DA:9308,0
DA:9309,0
DA:9310,0
DA:9312,0
DA:9313,0
DA:9314,0
DA:9319,0
DA:9320,0
DA:9323,0
DA:9324,0
DA:9328,0
DA:9329,0
DA:9330,0
DA:9331,0
DA:9336,0
DA:9337,0
DA:9338,0
DA:9339,0
DA:9340,0
DA:9346,0
DA:9347,0
DA:9350,0
DA:9351,0
DA:9353,0
DA:9357,0
DA:9358,0
DA:9360,0
DA:9361,0
DA:9366,0
DA:9368,0
DA:9369,0
DA:9372,0
DA:9373,0
DA:9378,0
DA:9382,0
DA:9386,0
DA:9390,6
DA:9391,12
DA:9394,0
DA:9395,0
DA:9396,0
DA:9397,0
DA:9401,0
DA:9412,6
DA:9413,0
DA:9427,6
DA:9431,0
DA:9432,0
DA:9433,0
DA:9437,0
DA:9439,0
DA:9440,0
DA:9443,0
DA:9444,0
DA:9446,0
DA:9447,0
DA:9450,0
DA:9454,0
DA:9458,0
DA:9459,0
DA:9460,0
DA:9464,0
DA:9465,0
DA:9466,0
DA:9468,0
DA:9469,0
DA:9472,0
DA:9478,0
DA:9480,0
DA:9481,0
DA:9486,0
DA:9487,0
DA:9489,0
DA:9494,6
DA:9495,0
DA:9497,6
DA:9498,0
DA:9504,6
DA:9505,6
DA:9506,6
DA:9510,6
DA:9519,6
DA:9521,6
DA:9522,6
DA:9524,6
DA:9528,0
DA:9529,0
DA:9532,0
DA:9534,0
DA:9543,0
DA:9544,0
DA:9545,0
DA:9550,0
DA:9551,0
DA:9559,0
DA:9560,0
DA:9564,0
DA:9565,0
DA:9569,0
DA:9570,0
DA:9571,0
DA:9572,0
DA:9576,0
DA:9577,0
DA:9578,0
DA:9583,0
DA:9584,0
DA:9586,0
DA:9594,0
DA:9613,0
DA:9614,0
DA:9619,0
DA:9620,0
DA:9622,0
DA:9625,0
DA:9631,0
DA:9632,0
DA:9633,0
DA:9641,0
DA:9643,0
DA:9646,0
DA:9650,0
DA:9651,0
DA:9657,0
DA:9658,0
DA:9669,6
DA:9670,0
DA:9671,0
DA:9676,6
DA:9686,0
DA:9687,0
DA:9693,6
DA:9694,0
DA:9695,0
DA:9697,0
DA:9698,0
DA:9703,6
DA:9706,0
DA:9708,0
DA:9710,0
DA:9716,0
DA:9717,0
DA:9718,0
DA:9719,0
DA:9725,0
DA:9728,0
DA:9729,0
DA:9739,6
DA:9740,6
DA:9743,6
DA:9746,0
DA:9747,0
DA:9748,0
DA:9753,6
DA:9756,0
DA:9765,0
DA:9768,0
DA:9773,0
DA:9774,0
DA:9775,0
DA:9776,0
DA:9780,0
DA:9781,0
DA:9782,0
DA:9784,0
DA:9788,0
DA:9791,0
DA:9792,0
DA:9793,0
DA:9797,0
DA:9800,0
DA:9801,0
DA:9805,0
DA:9809,0
DA:9812,0
DA:9815,0
DA:9819,0
DA:9820,0
DA:9823,0
DA:9827,0
DA:9839,6
DA:9840,6
DA:9841,6
DA:9842,6
DA:9850,6
DA:9851,2
DA:9852,0
DA:9854,2
DA:9855,0
DA:9856,0
DA:9861,2
DA:9865,0
DA:9866,0
DA:9871,0
DA:9872,0
DA:9873,0
DA:9875,0
DA:9879,2
DA:9880,2
DA:9883,2
DA:9884,0
DA:9887,2
DA:9889,2
DA:9890,0
DA:9893,2
DA:9900,6
DA:9902,0
DA:9903,0
DA:9905,0
DA:9906,0
DA:9907,0
DA:9911,0
DA:9914,0
DA:9915,0
DA:9918,0
DA:9919,0
DA:9923,0
DA:9924,0
DA:9936,0
DA:9938,0
DA:9951,0
DA:9952,0
DA:9957,0
DA:9964,6
DA:9972,36
DA:9973,0
DA:9980,6
DA:9981,0
DA:9982,0
DA:9989,6
DA:9992,0
DA:9993,0
DA:9994,0
DA:9997,0
DA:9998,0
DA:10001,0
DA:10002,0
DA:10003,0
DA:10004,0
DA:10009,0
DA:10010,0
DA:10011,0
DA:10012,0
DA:10015,0
DA:10016,0
DA:10019,0
DA:10022,0
DA:10025,0
DA:10026,0
DA:10028,0
DA:10029,0
DA:10032,0
DA:10033,0
DA:10036,0
DA:10041,6
DA:10047,0
DA:10048,0
DA:10051,0
DA:10056,0
DA:10058,0
DA:10059,0
DA:10066,0
DA:10067,0
DA:10071,0
DA:10072,0
DA:10073,0
DA:10082,0
DA:10083,0
DA:10087,0
DA:10088,0
DA:10091,0
DA:10094,0
DA:10097,0
DA:10101,0
DA:10102,0
DA:10103,0
DA:10107,0
DA:10109,0
DA:10112,0
DA:10113,0
DA:10114,0
DA:10119,0
DA:10136,0
DA:10137,0
DA:10139,0
DA:10140,0
DA:10143,0
DA:10149,6
DA:10150,12
DA:10152,12
DA:10153,0
DA:10157,0
DA:10158,0
DA:10159,0
DA:10160,0
DA:10163,0
DA:10164,0
DA:10167,0
DA:10168,0
DA:10174,0
DA:10186,6
DA:10187,12
DA:10189,0
DA:10190,0
DA:10193,0
DA:10203,6
DA:10204,12
DA:10208,36
DA:10209,0
DA:10210,0
DA:10212,0
DA:10215,0
DA:10218,0
DA:10224,0
DA:10225,0
DA:10229,0
DA:10236,0
DA:10249,6
DA:10252,0
DA:10255,0
DA:10259,0
DA:10264,0
DA:10270,6
DA:10271,0
DA:10272,0
DA:10274,0
DA:10277,6
DA:10278,6
DA:10279,6
DA:10280,6
DA:10298,6
DA:10299,0
DA:10300,0
DA:10310,6
DA:10313,6
DA:10315,6
DA:10316,0
DA:10317,0
DA:10320,0
DA:10321,0
DA:10324,0
DA:10330,6
DA:10331,5
DA:10337,6
LF:3627
LH:725
BRDA:18,0,0,7
BRDA:18,0,1,0
BRDA:18,1,0,7
BRDA:18,1,1,7
BRDA:27,2,0,1
BRDA:27,2,1,6
BRDA:30,3,0,1
BRDA:30,3,1,5
BRDA:40,4,0,1
BRDA:40,4,1,6
BRDA:75,5,0,100666
BRDA:75,5,1,100666
BRDA:82,6,0,0
BRDA:82,6,1,0
BRDA:138,7,0,0
BRDA:138,7,1,0
BRDA:143,8,0,0
BRDA:143,8,1,0
BRDA:185,9,0,0
BRDA:185,9,1,0
BRDA:186,10,0,0
BRDA:186,10,1,0
BRDA:186,11,0,0
BRDA:186,11,1,0
BRDA:190,12,0,0
BRDA:190,12,1,0
BRDA:202,13,0,7669
BRDA:202,13,1,0
BRDA:208,14,0,30
BRDA:208,14,1,7639
BRDA:212,15,0,30
BRDA:212,15,1,0
BRDA:217,16,0,0
BRDA:217,16,1,7669
BRDA:217,17,0,7669
BRDA:217,17,1,6
BRDA:222,18,0,180
BRDA:222,18,1,7489
BRDA:230,19,0,7669
BRDA:230,19,1,0
BRDA:238,20,0,0
BRDA:238,20,1,67815
BRDA:243,21,0,18
BRDA:243,21,1,67797
BRDA:243,22,0,67815
BRDA:243,22,1,48
BRDA:243,22,2,48
BRDA:243,22,3,30
BRDA:246,23,0,0
BRDA:246,23,1,18
BRDA:248,24,0,0
BRDA:248,24,1,0
BRDA:248,25,0,0
BRDA:248,25,1,0
BRDA:251,26,0,18
BRDA:251,26,1,0
BRDA:251,27,0,18
BRDA:251,27,1,18
BRDA:258,28,0,67797
BRDA:258,28,1,0
BRDA:289,29,0,232731
BRDA:289,29,1,117545
BRDA:298,30,0,0
BRDA:298,30,1,0
BRDA:298,30,2,0
BRDA:311,31,0,30
BRDA:311,31,1,36
BRDA:311,32,0,66
BRDA:311,32,1,66
BRDA:318,33,0,0
BRDA:318,33,1,36
BRDA:323,34,0,36
BRDA:323,34,1,36
BRDA:324,35,0,36
BRDA:324,35,1,36
BRDA:340,36,0,0
BRDA:340,36,1,100668
BRDA:345,37,0,100666
BRDA:345,37,1,2
BRDA:345,38,0,100668
BRDA:345,38,1,2
BRDA:346,39,0,100666
BRDA:346,39,1,48459
BRDA:365,40,0,100600
BRDA:365,40,1,66
BRDA:368,41,0,0
BRDA:368,41,1,205164
BRDA:374,42,0,0
BRDA:374,42,1,432
BRDA:385,43,0,0
BRDA:385,43,1,0
BRDA:392,44,0,0
BRDA:392,44,1,0
BRDA:394,45,0,0
BRDA:394,45,1,0
BRDA:395,46,0,0
BRDA:395,46,1,0
BRDA:397,47,0,0
BRDA:397,47,1,0
BRDA:409,48,0,0
BRDA:409,48,1,0
BRDA:439,49,0,0
BRDA:439,49,1,0
BRDA:454,50,0,0
BRDA:454,50,1,0
BRDA:459,51,0,0
BRDA:459,51,1,0
BRDA:469,52,0,0
BRDA:469,52,1,0
BRDA:487,53,0,0
BRDA:487,53,1,0
BRDA:495,54,0,0
BRDA:495,54,1,0
BRDA:502,55,0,0
BRDA:502,55,1,0
BRDA:506,56,0,0
BRDA:506,56,1,0
BRDA:518,57,0,6
BRDA:518,57,1,0
BRDA:534,58,0,100666
BRDA:534,58,1,100666
BRDA:534,58,2,100600
BRDA:537,59,0,0
BRDA:537,59,1,100666
BRDA:537,60,0,100666
BRDA:537,60,1,100666
BRDA:541,61,0,100666
BRDA:541,61,1,48525
BRDA:541,61,2,48525
BRDA:541,61,3,48459
BRDA:541,61,4,48459
BRDA:588,62,0,0
BRDA:588,62,1,108
BRDA:607,63,0,0
BRDA:607,63,1,0
BRDA:688,64,0,0
BRDA:688,64,1,0
BRDA:688,65,0,0
BRDA:688,65,1,0
BRDA:690,66,0,0
BRDA:690,66,1,0
BRDA:701,67,0,0
BRDA:701,67,1,0
BRDA:704,68,0,0
BRDA:704,68,1,0
BRDA:726,69,0,0
BRDA:726,69,1,0
BRDA:726,69,2,0
BRDA:741,70,0,0
BRDA:741,70,1,0
BRDA:762,71,0,0
BRDA:762,71,1,0
BRDA:765,72,0,0
BRDA:765,72,1,0
BRDA:767,73,0,0
BRDA:767,73,1,0
BRDA:770,74,0,0
BRDA:770,74,1,0
BRDA:770,75,0,0
BRDA:770,75,1,0
BRDA:770,75,2,0
BRDA:770,75,3,0
BRDA:770,75,4,0
BRDA:777,76,0,0
BRDA:777,76,1,0
BRDA:779,77,0,0
BRDA:779,77,1,0
BRDA:779,78,0,0
BRDA:779,78,1,0
BRDA:779,79,0,0
BRDA:779,79,1,0
BRDA:782,80,0,0
BRDA:782,80,1,0
BRDA:784,81,0,0
BRDA:784,81,1,0
BRDA:788,82,0,0
BRDA:788,82,1,0
BRDA:788,83,0,0
BRDA:788,83,1,0
BRDA:791,84,0,0
BRDA:791,84,1,0
BRDA:794,85,0,0
BRDA:794,85,1,0
BRDA:795,86,0,0
BRDA:795,86,1,0
BRDA:800,87,0,0
BRDA:800,87,1,0
BRDA:814,88,0,0
BRDA:814,88,1,0
BRDA:814,89,0,0
BRDA:814,89,1,0
BRDA:814,89,2,0
BRDA:814,89,3,0
BRDA:824,90,0,0
BRDA:824,90,1,0
BRDA:829,91,0,0
BRDA:829,91,1,0
BRDA:829,92,0,0
BRDA:829,92,1,0
BRDA:829,92,2,0
BRDA:838,93,0,0
BRDA:838,93,1,0
BRDA:838,94,0,0
BRDA:838,94,1,0
BRDA:838,94,2,0
BRDA:838,94,3,0
BRDA:842,95,0,0
BRDA:842,95,1,0
BRDA:850,96,0,0
BRDA:850,96,1,0
BRDA:853,97,0,0
BRDA:853,97,1,0
BRDA:868,98,0,0
BRDA:868,98,1,0
BRDA:868,98,2,0
BRDA:872,99,0,0
BRDA:872,99,1,0
BRDA:880,100,0,0
BRDA:880,100,1,0
BRDA:904,101,0,0
BRDA:904,101,1,0
BRDA:935,102,0,6
BRDA:935,102,1,36
BRDA:964,103,0,0
BRDA:964,103,1,0
BRDA:965,104,0,0
BRDA:965,104,1,0
BRDA:965,104,2,0
BRDA:965,104,3,0
BRDA:969,105,0,0
BRDA:969,105,1,0
BRDA:974,106,0,0
BRDA:974,106,1,0
BRDA:976,107,0,0
BRDA:976,107,1,0
BRDA:982,108,0,0
BRDA:982,108,1,0
BRDA:992,109,0,0
BRDA:992,109,1,0
BRDA:1003,110,0,0
BRDA:1003,110,1,0
BRDA:1003,110,2,0
BRDA:1019,111,0,0
BRDA:1019,111,1,0
BRDA:1028,112,0,0
BRDA:1028,112,1,0
BRDA:1028,113,0,0
BRDA:1028,113,1,0
BRDA:1031,114,0,0
BRDA:1031,114,1,0
BRDA:1032,115,0,0
BRDA:1032,115,1,0
BRDA:1041,116,0,0
BRDA:1041,116,1,0
BRDA:1041,116,2,0
BRDA:1054,117,0,0
BRDA:1054,117,1,0
BRDA:1077,118,0,0
BRDA:1077,118,1,0
BRDA:1091,119,0,0
BRDA:1091,119,1,0
BRDA:1091,119,2,0
BRDA:1105,120,0,6
BRDA:1105,120,1,6
BRDA:1105,121,0,6
BRDA:1105,121,1,6
BRDA:1106,122,0,6
BRDA:1106,122,1,0
BRDA:1116,123,0,0
BRDA:1116,123,1,6
BRDA:1116,124,0,0
BRDA:1116,124,1,0
BRDA:1119,125,0,0
BRDA:1119,125,1,6
BRDA:1119,126,0,6
BRDA:1119,126,1,6
BRDA:1119,126,2,6
BRDA:1130,127,0,0
BRDA:1130,127,1,6
BRDA:1130,128,0,6
BRDA:1130,128,1,0
BRDA:1130,128,2,0
BRDA:1134,129,0,0
BRDA:1134,129,1,0
BRDA:1138,130,0,0
BRDA:1138,130,1,0
BRDA:1172,131,0,6
BRDA:1172,131,1,6
BRDA:1176,132,0,6
BRDA:1176,132,1,0
BRDA:1184,133,0,0
BRDA:1184,133,1,0
BRDA:1184,134,0,0
BRDA:1184,134,1,0
BRDA:1186,135,0,0
BRDA:1186,135,1,0
BRDA:1193,136,0,0
BRDA:1193,136,1,0
BRDA:1195,137,0,0
BRDA:1195,137,1,0
BRDA:1202,138,0,0
BRDA:1202,138,1,0
BRDA:1202,139,0,0
BRDA:1202,139,1,0
BRDA:1206,140,0,0
BRDA:1206,140,1,0
BRDA:1210,141,0,0
BRDA:1210,141,1,0
BRDA:1210,142,0,0
BRDA:1210,142,1,0
BRDA:1219,143,0,0
BRDA:1219,143,1,0
BRDA:1219,144,0,0
BRDA:1219,144,1,0
BRDA:1231,145,0,6
BRDA:1231,145,1,0
BRDA:1233,146,0,0
BRDA:1233,146,1,0
BRDA:1237,147,0,0
BRDA:1237,147,1,0
BRDA:1250,148,0,0
BRDA:1250,148,1,0
BRDA:1252,149,0,0
BRDA:1252,149,1,0
BRDA:1263,150,0,6
BRDA:1263,150,1,0
BRDA:1264,151,0,0
BRDA:1264,151,1,0
BRDA:1264,152,0,0
BRDA:1264,152,1,0
BRDA:1284,153,0,0
BRDA:1284,153,1,6
BRDA:1301,154,0,0
BRDA:1301,154,1,0
BRDA:1307,155,0,0
BRDA:1307,155,1,0
BRDA:1312,156,0,0
BRDA:1312,156,1,0
BRDA:1319,157,0,0
BRDA:1319,157,1,0
BRDA:1326,158,0,0
BRDA:1326,158,1,0
BRDA:1343,159,0,0
BRDA:1343,159,1,0
BRDA:1349,160,0,0
BRDA:1349,160,1,0
BRDA:1356,161,0,0
BRDA:1356,161,1,0
BRDA:1366,162,0,0
BRDA:1366,162,1,6
BRDA:1366,163,0,6
BRDA:1366,163,1,0
BRDA:1366,163,2,0
BRDA:1366,163,3,0
BRDA:1366,163,4,0
BRDA:1384,164,0,6
BRDA:1384,164,1,0
BRDA:1385,165,0,6
BRDA:1385,165,1,0
BRDA:1394,166,0,0
BRDA:1394,166,1,6
BRDA:1394,167,0,6
BRDA:1394,167,1,6
BRDA:1396,168,0,0
BRDA:1396,168,1,0
BRDA:1397,169,0,0
BRDA:1397,169,1,0
BRDA:1398,170,0,0
BRDA:1398,170,1,0
BRDA:1398,171,0,0
BRDA:1398,171,1,0
BRDA:1398,171,2,0
BRDA:1399,172,0,0
BRDA:1399,172,1,0
BRDA:1401,173,0,0
BRDA:1401,173,1,0
BRDA:1405,174,0,6
BRDA:1405,174,1,0
BRDA:1407,175,0,0
BRDA:1407,175,1,0
BRDA:1419,176,0,0
BRDA:1419,176,1,6
BRDA:1423,177,0,0
BRDA:1423,177,1,0
BRDA:1430,178,0,0
BRDA:1430,178,1,0
BRDA:1435,179,0,0
BRDA:1435,179,1,0
BRDA:1435,180,0,0
BRDA:1435,180,1,0
BRDA:1435,181,0,0
BRDA:1435,181,1,0
BRDA:1442,182,0,0
BRDA:1442,182,1,0
BRDA:1442,183,0,0
BRDA:1442,183,1,0
BRDA:1442,183,2,0
BRDA:1446,184,0,0
BRDA:1446,184,1,0
BRDA:1446,185,0,0
BRDA:1446,185,1,0
BRDA:1446,185,2,0
BRDA:1449,186,0,0
BRDA:1449,186,1,0
BRDA:1449,187,0,0
BRDA:1449,187,1,0
BRDA:1449,187,2,0
BRDA:1454,188,0,0
BRDA:1454,188,1,0
BRDA:1459,189,0,0
BRDA:1459,189,1,0
BRDA:1463,190,0,0
BRDA:1463,190,1,0
BRDA:1476,191,0,0
BRDA:1476,191,1,0
BRDA:1476,192,0,0
BRDA:1476,192,1,0
BRDA:1477,193,0,0
BRDA:1477,193,1,0
BRDA:1478,194,0,0
BRDA:1478,194,1,0
BRDA:1479,195,0,0
BRDA:1479,195,1,0
BRDA:1480,196,0,0
BRDA:1480,196,1,0
BRDA:1481,197,0,0
BRDA:1481,197,1,0
BRDA:1486,198,0,0
BRDA:1486,198,1,0
BRDA:1505,199,0,0
BRDA:1505,199,1,0
BRDA:1510,200,0,0
BRDA:1510,200,1,0
BRDA:1511,201,0,0
BRDA:1511,201,1,0
BRDA:1524,202,0,0
BRDA:1524,202,1,0
BRDA:1524,203,0,0
BRDA:1524,203,1,0
BRDA:1531,204,0,0
BRDA:1531,204,1,0
BRDA:1531,205,0,0
BRDA:1531,205,1,0
BRDA:1531,205,2,0
BRDA:1531,205,3,0
BRDA:1531,205,4,0
BRDA:1531,205,5,0
BRDA:1531,205,6,0
BRDA:1540,206,0,0
BRDA:1540,206,1,0
BRDA:1540,207,0,0
BRDA:1540,207,1,0
BRDA:1540,207,2,0
BRDA:1540,207,3,0
BRDA:1554,208,0,0
BRDA:1554,208,1,6
BRDA:1554,209,0,6
BRDA:1554,209,1,6
BRDA:1562,210,0,0
BRDA:1562,210,1,0
BRDA:1562,211,0,0
BRDA:1562,211,1,0
BRDA:1568,212,0,0
BRDA:1568,212,1,0
BRDA:1568,213,0,0
BRDA:1568,213,1,0
BRDA:1572,214,0,0
BRDA:1572,214,1,0
BRDA:1574,215,0,0
BRDA:1574,215,1,0
BRDA:1574,216,0,0
BRDA:1574,216,1,0
BRDA:1576,217,0,0
BRDA:1576,217,1,0
BRDA:1576,218,0,0
BRDA:1576,218,1,0
BRDA:1601,219,0,0
BRDA:1601,219,1,0
BRDA:1604,220,0,0
BRDA:1604,220,1,0
BRDA:1606,221,0,0
BRDA:1606,221,1,0
BRDA:1632,222,0,0
BRDA:1632,222,1,0
BRDA:1638,223,0,0
BRDA:1638,223,1,0
BRDA:1638,224,0,0
BRDA:1638,224,1,0
BRDA:1638,224,2,0
BRDA:1641,225,0,0
BRDA:1641,225,1,0
BRDA:1649,226,0,0
BRDA:1649,226,1,0
BRDA:1649,227,0,0
BRDA:1649,227,1,0
BRDA:1682,228,0,0
BRDA:1682,228,1,0
BRDA:1682,228,2,0
BRDA:1682,228,3,0
BRDA:1684,229,0,0
BRDA:1684,229,1,0
BRDA:1704,230,0,0
BRDA:1704,230,1,0
BRDA:1706,231,0,0
BRDA:1706,231,1,0
BRDA:1712,232,0,0
BRDA:1712,232,1,0
BRDA:1712,233,0,0
BRDA:1712,233,1,0
BRDA:1712,234,0,0
BRDA:1712,234,1,0
BRDA:1713,235,0,0
BRDA:1713,235,1,0
BRDA:1716,236,0,0
BRDA:1716,236,1,0
BRDA:1725,237,0,0
BRDA:1725,237,1,0
BRDA:1727,238,0,0
BRDA:1727,238,1,0
BRDA:1732,239,0,0
BRDA:1732,239,1,0
BRDA:1733,240,0,0
BRDA:1733,240,1,0
BRDA:1733,240,2,0
BRDA:1736,241,0,0
BRDA:1736,241,1,0
BRDA:1736,242,0,0
BRDA:1736,242,1,0
BRDA:1736,242,2,0
BRDA:1736,242,3,0
BRDA:1756,243,0,0
BRDA:1756,243,1,0
BRDA:1759,244,0,0
BRDA:1759,244,1,0
BRDA:1766,245,0,0
BRDA:1766,245,1,0
BRDA:1766,245,2,0
BRDA:1769,246,0,0
BRDA:1769,246,1,0
BRDA:1769,246,2,0
BRDA:1769,246,3,0
BRDA:1769,246,4,0
BRDA:1777,247,0,0
BRDA:1777,247,1,0
BRDA:1780,248,0,0
BRDA:1780,248,1,0
BRDA:1786,249,0,0
BRDA:1786,249,1,0
BRDA:1787,250,0,0
BRDA:1787,250,1,0
BRDA:1788,251,0,0
BRDA:1788,251,1,0
BRDA:1788,252,0,0
BRDA:1788,252,1,0
BRDA:1789,253,0,0
BRDA:1789,253,1,0
BRDA:1789,254,0,0
BRDA:1789,254,1,0
BRDA:1790,255,0,0
BRDA:1790,255,1,0
BRDA:1790,256,0,0
BRDA:1790,256,1,0
BRDA:1791,257,0,0
BRDA:1791,257,1,0
BRDA:1792,258,0,0
BRDA:1792,258,1,0
BRDA:1792,259,0,0
BRDA:1792,259,1,0
BRDA:1802,260,0,0
BRDA:1802,260,1,0
BRDA:1802,261,0,0
BRDA:1802,261,1,0
BRDA:1811,262,0,0
BRDA:1811,262,1,0
BRDA:1813,263,0,0
BRDA:1813,263,1,0
BRDA:1814,264,0,0
BRDA:1814,264,1,0
BRDA:1817,265,0,0
BRDA:1817,265,1,0
[...]
BRDA:7057,1083,0,0
BRDA:7057,1083,1,0
BRDA:7059,1084,0,0
BRDA:7059,1084,1,0
BRDA:7075,1085,0,0
BRDA:7075,1085,1,0
BRDA:7080,1086,0,0
BRDA:7080,1086,1,0
BRDA:7086,1087,0,0
BRDA:7086,1087,1,0
BRDA:7086,1088,0,0
BRDA:7086,1088,1,0
BRDA:7093,1089,0,0
BRDA:7093,1089,1,0
BRDA:7115,1090,0,0
BRDA:7115,1090,1,0
BRDA:7118,1091,0,0
BRDA:7118,1091,1,0
BRDA:7123,1092,0,0
BRDA:7123,1092,1,0
BRDA:7135,1093,0,0
BRDA:7135,1093,1,0
BRDA:7135,1094,0,0
BRDA:7135,1094,1,0
BRDA:7140,1095,0,0
BRDA:7140,1095,1,0
BRDA:7157,1096,0,0
BRDA:7157,1096,1,0
BRDA:7162,1097,0,0
BRDA:7162,1097,1,0
BRDA:7171,1098,0,0
BRDA:7171,1098,1,0
BRDA:7172,1099,0,0
BRDA:7172,1099,1,0
BRDA:7181,1100,0,0
BRDA:7181,1100,1,0
BRDA:7196,1101,0,0
BRDA:7196,1101,1,0
BRDA:7197,1102,0,0
BRDA:7197,1102,1,0
BRDA:7207,1103,0,0
BRDA:7207,1103,1,0
BRDA:7240,1104,0,0
BRDA:7240,1104,1,0
BRDA:7253,1105,0,0
BRDA:7253,1105,1,0
BRDA:7261,1106,0,0
BRDA:7261,1106,1,0
BRDA:7270,1107,0,0
BRDA:7270,1107,1,0
BRDA:7270,1108,0,0
BRDA:7270,1108,1,0
BRDA:7271,1109,0,0
BRDA:7271,1109,1,0
BRDA:7271,1109,2,0
BRDA:7271,1109,3,0
BRDA:7271,1109,4,0
BRDA:7274,1110,0,0
BRDA:7274,1110,1,0
BRDA:7274,1110,2,0
BRDA:7274,1110,3,0
BRDA:7274,1110,4,0
BRDA:7278,1111,0,0
BRDA:7278,1111,1,0
BRDA:7282,1112,0,0
BRDA:7282,1112,1,0
BRDA:7283,1113,0,0
BRDA:7283,1113,1,0
BRDA:7293,1114,0,0
BRDA:7293,1114,1,0
BRDA:7293,1115,0,0
BRDA:7293,1115,1,0
BRDA:7301,1116,0,0
BRDA:7301,1116,1,0
BRDA:7305,1117,0,0
BRDA:7305,1117,1,0
BRDA:7331,1118,0,0
BRDA:7331,1118,1,0
BRDA:7331,1119,0,0
BRDA:7331,1119,1,0
BRDA:7337,1120,0,0
BRDA:7337,1120,1,0
BRDA:7337,1121,0,0
BRDA:7337,1121,1,0
BRDA:7348,1122,0,0
BRDA:7348,1122,1,0
BRDA:7353,1123,0,0
BRDA:7353,1123,1,0
BRDA:7353,1124,0,0
BRDA:7353,1124,1,0
BRDA:7354,1125,0,0
BRDA:7354,1125,1,0
BRDA:7359,1126,0,0
BRDA:7359,1126,1,0
BRDA:7363,1127,0,0
BRDA:7363,1127,1,0
BRDA:7364,1128,0,0
BRDA:7364,1128,1,0
BRDA:7364,1129,0,0
BRDA:7364,1129,1,0
BRDA:7369,1130,0,0
BRDA:7369,1130,1,0
BRDA:7369,1131,0,0
BRDA:7369,1131,1,0
BRDA:7369,1131,2,0
BRDA:7376,1132,0,0
BRDA:7376,1132,1,0
BRDA:7376,1133,0,0
BRDA:7376,1133,1,0
BRDA:7376,1133,2,0
BRDA:7388,1134,0,0
BRDA:7388,1134,1,0
BRDA:7388,1135,0,0
BRDA:7388,1135,1,0
BRDA:7394,1136,0,0
BRDA:7394,1136,1,0
BRDA:7395,1137,0,0
BRDA:7395,1137,1,0
BRDA:7403,1138,0,0
BRDA:7403,1138,1,0
BRDA:7411,1139,0,0
BRDA:7411,1139,1,0
BRDA:7411,1140,0,0
BRDA:7411,1140,1,0
BRDA:7417,1141,0,0
BRDA:7417,1141,1,0
BRDA:7417,1142,0,0
BRDA:7417,1142,1,0
BRDA:7425,1143,0,0
BRDA:7425,1143,1,0
BRDA:7425,1144,0,0
BRDA:7425,1144,1,0
BRDA:7439,1145,0,0
BRDA:7439,1145,1,0
BRDA:7439,1146,0,0
BRDA:7439,1146,1,0
BRDA:7471,1147,0,0
BRDA:7471,1147,1,0
BRDA:7471,1148,0,0
BRDA:7471,1148,1,0
BRDA:7476,1149,0,0
BRDA:7476,1149,1,0
BRDA:7489,1150,0,0
BRDA:7489,1150,1,0
BRDA:7513,1151,0,0
BRDA:7513,1151,1,0
BRDA:7513,1152,0,0
BRDA:7513,1152,1,0
BRDA:7514,1153,0,0
BRDA:7514,1153,1,0
BRDA:7570,1154,0,0
BRDA:7570,1154,1,0
BRDA:7570,1155,0,0
BRDA:7570,1155,1,0
BRDA:7570,1155,2,0
BRDA:7575,1156,0,0
BRDA:7575,1156,1,0
BRDA:7581,1157,0,0
BRDA:7581,1157,1,0
BRDA:7581,1158,0,0
BRDA:7581,1158,1,0
BRDA:7582,1159,0,0
BRDA:7582,1159,1,0
BRDA:7583,1160,0,0
BRDA:7583,1160,1,0
BRDA:7586,1161,0,0
BRDA:7586,1161,1,0
BRDA:7587,1162,0,0
BRDA:7587,1162,1,0
BRDA:7592,1163,0,0
BRDA:7592,1163,1,0
BRDA:7592,1164,0,0
BRDA:7592,1164,1,0
BRDA:7592,1164,2,0
BRDA:7601,1165,0,0
BRDA:7601,1165,1,0
BRDA:7601,1166,0,0
BRDA:7601,1166,1,0
BRDA:7601,1166,2,0
BRDA:7608,1167,0,0
BRDA:7608,1167,1,0
BRDA:7614,1168,0,0
BRDA:7614,1168,1,0
BRDA:7614,1169,0,0
BRDA:7614,1169,1,0
BRDA:7614,1169,2,0
BRDA:7618,1170,0,0
BRDA:7618,1170,1,0
BRDA:7633,1171,0,0
BRDA:7633,1171,1,0
BRDA:7635,1172,0,0
BRDA:7635,1172,1,0
BRDA:7635,1173,0,0
BRDA:7635,1173,1,0
BRDA:7646,1174,0,0
BRDA:7646,1174,1,0
BRDA:7658,1175,0,96
BRDA:7658,1175,1,96
BRDA:7664,1176,0,0
BRDA:7664,1176,1,0
BRDA:7669,1177,0,0
BRDA:7669,1177,1,0
BRDA:7691,1178,0,0
BRDA:7691,1178,1,0
BRDA:7702,1179,0,0
BRDA:7702,1179,1,0
BRDA:7702,1180,0,0
BRDA:7702,1180,1,0
BRDA:7702,1180,2,0
BRDA:7706,1181,0,0
BRDA:7706,1181,1,0
BRDA:7706,1182,0,0
BRDA:7706,1182,1,0
BRDA:7709,1183,0,0
BRDA:7709,1183,1,0
BRDA:7713,1184,0,0
BRDA:7713,1184,1,0
BRDA:7714,1185,0,0
BRDA:7714,1185,1,0
BRDA:7714,1186,0,0
BRDA:7714,1186,1,0
BRDA:7714,1186,2,0
BRDA:7722,1187,0,0
BRDA:7722,1187,1,0
BRDA:7722,1188,0,0
BRDA:7722,1188,1,0
BRDA:7722,1188,2,0
BRDA:7740,1189,0,0
BRDA:7740,1189,1,0
BRDA:7744,1190,0,0
BRDA:7744,1190,1,0
BRDA:7745,1191,0,0
BRDA:7745,1191,1,0
BRDA:7745,1191,2,0
BRDA:7771,1192,0,0
BRDA:7771,1192,1,6
BRDA:7778,1193,0,0
BRDA:7778,1193,1,0
BRDA:7778,1194,0,0
BRDA:7778,1194,1,0
BRDA:7788,1195,0,0
BRDA:7788,1195,1,0
BRDA:7791,1196,0,0
BRDA:7791,1196,1,0
BRDA:7820,1197,0,0
BRDA:7820,1197,1,0
BRDA:7826,1198,0,0
BRDA:7826,1198,1,0
BRDA:7826,1198,2,0
BRDA:7834,1199,0,0
BRDA:7834,1199,1,0
BRDA:7840,1200,0,0
BRDA:7840,1200,1,0
BRDA:7840,1201,0,0
BRDA:7840,1201,1,0
BRDA:7841,1202,0,0
BRDA:7841,1202,1,0
BRDA:7845,1203,0,0
BRDA:7845,1203,1,0
BRDA:7847,1204,0,0
BRDA:7847,1204,1,0
BRDA:7850,1205,0,0
BRDA:7850,1205,1,0
BRDA:7857,1206,0,0
BRDA:7857,1206,1,0
BRDA:7871,1207,0,0
BRDA:7871,1207,1,0
BRDA:7877,1208,0,0
BRDA:7877,1208,1,0
BRDA:7881,1209,0,0
BRDA:7881,1209,1,0
BRDA:7881,1210,0,0
BRDA:7881,1210,1,0
BRDA:7882,1211,0,0
BRDA:7882,1211,1,0
BRDA:7888,1212,0,0
BRDA:7888,1212,1,0
BRDA:7890,1213,0,0
BRDA:7890,1213,1,0
BRDA:7902,1214,0,0
BRDA:7902,1214,1,0
BRDA:7915,1215,0,0
BRDA:7915,1215,1,0
BRDA:7915,1216,0,0
BRDA:7915,1216,1,0
BRDA:7916,1217,0,0
BRDA:7916,1217,1,0
BRDA:7919,1218,0,0
BRDA:7919,1218,1,0
BRDA:7931,1219,0,0
BRDA:7931,1219,1,0
BRDA:7936,1220,0,0
BRDA:7936,1220,1,0
BRDA:7941,1221,0,0
BRDA:7941,1221,1,0
BRDA:7949,1222,0,0
BRDA:7949,1222,1,0
BRDA:7949,1223,0,0
BRDA:7949,1223,1,0
BRDA:7951,1224,0,0
BRDA:7951,1224,1,0
BRDA:7961,1225,0,0
BRDA:7961,1225,1,0
BRDA:7963,1226,0,0
BRDA:7963,1226,1,0
BRDA:7963,1227,0,0
BRDA:7963,1227,1,0
BRDA:7965,1228,0,0
BRDA:7965,1228,1,0
BRDA:7978,1229,0,0
BRDA:7978,1229,1,0
BRDA:7978,1230,0,0
BRDA:7978,1230,1,0
BRDA:7998,1231,0,0
BRDA:7998,1231,1,0
BRDA:7999,1232,0,0
BRDA:7999,1232,1,0
BRDA:8000,1233,0,0
BRDA:8000,1233,1,0
BRDA:8003,1234,0,0
BRDA:8003,1234,1,0
BRDA:8003,1235,0,0
BRDA:8003,1235,1,0
BRDA:8003,1235,2,0
BRDA:8013,1236,0,0
BRDA:8013,1236,1,0
BRDA:8018,1237,0,0
BRDA:8018,1237,1,0
BRDA:8029,1238,0,0
BRDA:8029,1238,1,0
BRDA:8033,1239,0,0
BRDA:8033,1239,1,0
BRDA:8040,1240,0,0
BRDA:8040,1240,1,0
BRDA:8043,1241,0,0
BRDA:8043,1241,1,0
BRDA:8046,1242,0,0
BRDA:8046,1242,1,0
BRDA:8048,1243,0,0
BRDA:8048,1243,1,0
BRDA:8052,1244,0,0
BRDA:8052,1244,1,0
BRDA:8055,1245,0,0
BRDA:8055,1245,1,0
BRDA:8055,1246,0,0
BRDA:8055,1246,1,0
BRDA:8055,1246,2,0
BRDA:8068,1247,0,0
BRDA:8068,1247,1,0
BRDA:8084,1248,0,0
BRDA:8084,1248,1,0
BRDA:8085,1249,0,0
BRDA:8085,1249,1,0
BRDA:8087,1250,0,0
BRDA:8087,1250,1,0
BRDA:8091,1251,0,0
BRDA:8091,1251,1,0
BRDA:8100,1252,0,0
BRDA:8100,1252,1,0
BRDA:8100,1253,0,0
BRDA:8100,1253,1,0
BRDA:8100,1253,2,0
BRDA:8100,1253,3,0
BRDA:8100,1253,4,0
BRDA:8111,1254,0,0
BRDA:8111,1254,1,0
BRDA:8134,1255,0,0
BRDA:8134,1255,1,0
BRDA:8144,1256,0,0
BRDA:8144,1256,1,0
BRDA:8157,1257,0,0
BRDA:8157,1257,1,0
BRDA:8162,1258,0,12
BRDA:8162,1258,1,0
BRDA:8164,1259,0,0
BRDA:8164,1259,1,0
BRDA:8185,1260,0,0
BRDA:8185,1260,1,0
BRDA:8186,1261,0,0
BRDA:8186,1261,1,0
BRDA:8187,1262,0,0
BRDA:8187,1262,1,0
BRDA:8189,1263,0,0
BRDA:8189,1263,1,0
BRDA:8192,1264,0,0
BRDA:8192,1264,1,0
BRDA:8192,1265,0,0
BRDA:8192,1265,1,0
BRDA:8197,1266,0,0
BRDA:8197,1266,1,0
BRDA:8201,1267,0,0
BRDA:8201,1267,1,0
BRDA:8208,1268,0,0
BRDA:8208,1268,1,0
BRDA:8211,1269,0,0
BRDA:8211,1269,1,0
BRDA:8213,1270,0,0
BRDA:8213,1270,1,0
BRDA:8216,1271,0,0
BRDA:8216,1271,1,0
BRDA:8218,1272,0,0
BRDA:8218,1272,1,0
BRDA:8224,1273,0,0
BRDA:8224,1273,1,0
BRDA:8229,1274,0,0
BRDA:8229,1274,1,0
BRDA:8234,1275,0,0
BRDA:8234,1275,1,0
BRDA:8235,1276,0,0
BRDA:8235,1276,1,0
BRDA:8235,1277,0,0
BRDA:8235,1277,1,0
BRDA:8235,1277,2,0
BRDA:8241,1278,0,0
BRDA:8241,1278,1,0
BRDA:8241,1279,0,0
BRDA:8241,1279,1,0
BRDA:8241,1279,2,0
BRDA:8243,1280,0,0
BRDA:8243,1280,1,0
BRDA:8244,1281,0,0
BRDA:8244,1281,1,0
BRDA:8253,1282,0,0
BRDA:8253,1282,1,0
BRDA:8253,1283,0,0
BRDA:8253,1283,1,0
BRDA:8254,1284,0,0
BRDA:8254,1284,1,0
BRDA:8254,1284,2,0
BRDA:8260,1285,0,0
BRDA:8260,1285,1,0
BRDA:8262,1286,0,0
BRDA:8262,1286,1,0
BRDA:8264,1287,0,0
BRDA:8264,1287,1,0
BRDA:8267,1288,0,0
BRDA:8267,1288,1,0
BRDA:8267,1289,0,0
BRDA:8267,1289,1,0
BRDA:8269,1290,0,0
BRDA:8269,1290,1,0
BRDA:8274,1291,0,0
BRDA:8274,1291,1,0
BRDA:8275,1292,0,0
BRDA:8275,1292,1,0
BRDA:8275,1293,0,0
BRDA:8275,1293,1,0
BRDA:8275,1293,2,0
BRDA:8277,1294,0,0
BRDA:8277,1294,1,0
BRDA:8285,1295,0,0
BRDA:8285,1295,1,0
BRDA:8285,1296,0,0
BRDA:8285,1296,1,0
BRDA:8287,1297,0,0
BRDA:8287,1297,1,0
BRDA:8287,1298,0,0
BRDA:8287,1298,1,0
BRDA:8287,1298,2,0
BRDA:8293,1299,0,0
BRDA:8293,1299,1,0
BRDA:8293,1300,0,0
BRDA:8293,1300,1,0
BRDA:8293,1300,2,0
BRDA:8298,1301,0,0
BRDA:8298,1301,1,0
BRDA:8305,1302,0,0
BRDA:8305,1302,1,0
BRDA:8311,1303,0,0
BRDA:8311,1303,1,0
BRDA:8317,1304,0,0
BRDA:8317,1304,1,0
BRDA:8353,1305,0,0
BRDA:8353,1305,1,0
BRDA:8367,1306,0,0
BRDA:8367,1306,1,0
BRDA:8375,1307,0,0
BRDA:8375,1307,1,0
BRDA:8393,1308,0,6
BRDA:8393,1308,1,0
BRDA:8403,1309,0,0
BRDA:8403,1309,1,0
BRDA:8406,1310,0,0
BRDA:8406,1310,1,0
BRDA:8409,1311,0,0
BRDA:8409,1311,1,0
BRDA:8412,1312,0,0
BRDA:8412,1312,1,0
BRDA:8415,1313,0,0
BRDA:8415,1313,1,0
BRDA:8437,1314,0,0
BRDA:8437,1314,1,0
BRDA:8437,1315,0,0
BRDA:8437,1315,1,0
BRDA:8449,1316,0,0
BRDA:8449,1316,1,0
BRDA:8449,1317,0,0
BRDA:8449,1317,1,0
BRDA:8465,1318,0,0
BRDA:8465,1318,1,0
BRDA:8469,1319,0,0
BRDA:8469,1319,1,0
BRDA:8469,1320,0,0
BRDA:8469,1320,1,0
BRDA:8478,1321,0,0
BRDA:8478,1321,1,0
BRDA:8478,1322,0,0
BRDA:8478,1322,1,0
BRDA:8486,1323,0,0
BRDA:8486,1323,1,0
BRDA:8486,1324,0,0
BRDA:8486,1324,1,0
BRDA:8508,1325,0,0
BRDA:8508,1325,1,0
BRDA:8513,1326,0,0
BRDA:8513,1326,1,0
BRDA:8517,1327,0,0
BRDA:8517,1327,1,0
BRDA:8517,1328,0,0
BRDA:8517,1328,1,0
BRDA:8517,1328,2,0
BRDA:8546,1329,0,0
BRDA:8546,1329,1,0
BRDA:8552,1330,0,0
BRDA:8552,1330,1,0
BRDA:8552,1330,2,0
BRDA:8552,1330,3,0
BRDA:8552,1330,4,0
BRDA:8552,1330,5,0
BRDA:8559,1331,0,0
BRDA:8559,1331,1,0
BRDA:8563,1332,0,0
BRDA:8563,1332,1,0
BRDA:8617,1333,0,12
BRDA:8617,1333,1,18
BRDA:8624,1334,0,30
BRDA:8624,1334,1,0
BRDA:8626,1335,0,30
BRDA:8626,1335,1,0
BRDA:8632,1336,0,0
BRDA:8632,1336,1,36
BRDA:8633,1337,0,0
BRDA:8633,1337,1,0
BRDA:8634,1338,0,0
BRDA:8634,1338,1,0
BRDA:8638,1339,0,36
BRDA:8638,1339,1,36
BRDA:8654,1340,0,0
BRDA:8654,1340,1,0
BRDA:8656,1341,0,0
BRDA:8656,1341,1,0
BRDA:8656,1342,0,0
BRDA:8656,1342,1,0
BRDA:8656,1342,2,0
BRDA:8662,1343,0,0
BRDA:8662,1343,1,0
BRDA:8669,1344,0,0
BRDA:8669,1344,1,0
BRDA:8669,1344,2,0
BRDA:8677,1345,0,12
BRDA:8677,1345,1,0
BRDA:8680,1346,0,30
BRDA:8680,1346,1,0
BRDA:8681,1347,0,0
BRDA:8681,1347,1,30
BRDA:8681,1348,0,30
BRDA:8681,1348,1,12
BRDA:8684,1349,0,12
BRDA:8684,1349,1,0
BRDA:8704,1350,0,0
BRDA:8704,1350,1,0
BRDA:8705,1351,0,0
BRDA:8705,1351,1,0
BRDA:8710,1352,0,0
BRDA:8710,1352,1,0
BRDA:8712,1353,0,0
BRDA:8712,1353,1,0
BRDA:8712,1354,0,0
BRDA:8712,1354,1,0
BRDA:8720,1355,0,0
BRDA:8720,1355,1,0
BRDA:8726,1356,0,0
BRDA:8726,1356,1,0
BRDA:8726,1357,0,0
BRDA:8726,1357,1,0
BRDA:8730,1358,0,0
BRDA:8730,1358,1,0
BRDA:8736,1359,0,0
BRDA:8736,1359,1,0
BRDA:8742,1360,0,0
BRDA:8742,1360,1,0
BRDA:8743,1361,0,0
BRDA:8743,1361,1,0
BRDA:8761,1362,0,0
BRDA:8761,1362,1,0
BRDA:8772,1363,0,0
BRDA:8772,1363,1,0
BRDA:8777,1364,0,0
BRDA:8777,1364,1,0
BRDA:8777,1365,0,0
BRDA:8777,1365,1,0
BRDA:8777,1365,2,0
BRDA:8784,1366,0,0
BRDA:8784,1366,1,0
BRDA:8787,1367,0,0
BRDA:8787,1367,1,0
BRDA:8792,1368,0,0
BRDA:8792,1368,1,0
BRDA:8792,1369,0,0
BRDA:8792,1369,1,0
BRDA:8795,1370,0,0
BRDA:8795,1370,1,0
BRDA:8798,1371,0,0
BRDA:8798,1371,1,0
BRDA:8803,1372,0,0
BRDA:8803,1372,1,0
BRDA:8806,1373,0,0
BRDA:8806,1373,1,0
BRDA:8808,1374,0,0
BRDA:8808,1374,1,0
BRDA:8811,1375,0,0
BRDA:8811,1375,1,0
BRDA:8815,1376,0,0
BRDA:8815,1376,1,0
BRDA:8826,1377,0,0
BRDA:8826,1377,1,0
BRDA:8829,1378,0,0
BRDA:8829,1378,1,0
BRDA:8829,1379,0,0
BRDA:8829,1379,1,0
BRDA:8837,1380,0,0
BRDA:8837,1380,1,0
BRDA:8930,1381,0,0
BRDA:8930,1381,1,12
BRDA:8946,1382,0,0
BRDA:8946,1382,1,0
BRDA:8952,1383,0,0
BRDA:8952,1383,1,0
BRDA:8985,1384,0,0
BRDA:8985,1384,1,0
BRDA:8988,1385,0,0
BRDA:8988,1385,1,0
BRDA:8988,1386,0,0
BRDA:8988,1386,1,0
BRDA:8988,1386,2,0
BRDA:8998,1387,0,0
BRDA:8998,1387,1,0
BRDA:9014,1388,0,0
BRDA:9014,1388,1,0
BRDA:9015,1389,0,0
BRDA:9015,1389,1,0
BRDA:9023,1390,0,0
BRDA:9023,1390,1,0
BRDA:9028,1391,0,0
BRDA:9028,1391,1,0
BRDA:9033,1392,0,0
BRDA:9033,1392,1,0
BRDA:9035,1393,0,0
BRDA:9035,1393,1,0
BRDA:9043,1394,0,0
BRDA:9043,1394,1,0
BRDA:9052,1395,0,0
BRDA:9052,1395,1,0
BRDA:9053,1396,0,0
BRDA:9053,1396,1,0
BRDA:9070,1397,0,0
BRDA:9070,1397,1,0
BRDA:9071,1398,0,0
BRDA:9071,1398,1,0
BRDA:9085,1399,0,0
BRDA:9085,1399,1,0
BRDA:9085,1399,2,0
BRDA:9089,1400,0,0
BRDA:9089,1400,1,0
BRDA:9089,1400,2,0
BRDA:9089,1400,3,0
BRDA:9092,1401,0,0
BRDA:9092,1401,1,0
BRDA:9092,1402,0,0
BRDA:9092,1402,1,0
BRDA:9095,1403,0,0
BRDA:9095,1403,1,0
BRDA:9118,1404,0,0
BRDA:9118,1404,1,0
BRDA:9118,1405,0,0
BRDA:9118,1405,1,0
BRDA:9118,1405,2,0
BRDA:9126,1406,0,0
BRDA:9126,1406,1,0
BRDA:9132,1407,0,0
BRDA:9132,1407,1,0
BRDA:9135,1408,0,0
BRDA:9135,1408,1,0
BRDA:9135,1409,0,0
BRDA:9135,1409,1,0
BRDA:9151,1410,0,0
BRDA:9151,1410,1,0
BRDA:9157,1411,0,0
BRDA:9157,1411,1,0
BRDA:9158,1412,0,0
BRDA:9158,1412,1,0
BRDA:9165,1413,0,0
BRDA:9165,1413,1,0
BRDA:9167,1414,0,0
BRDA:9167,1414,1,0
BRDA:9174,1415,0,0
BRDA:9174,1415,1,0
BRDA:9174,1416,0,0
BRDA:9174,1416,1,0
BRDA:9174,1416,2,0
BRDA:9175,1417,0,0
BRDA:9175,1417,1,0
BRDA:9180,1418,0,0
BRDA:9180,1418,1,0
BRDA:9181,1419,0,0
BRDA:9181,1419,1,0
BRDA:9184,1420,0,0
BRDA:9184,1420,1,0
BRDA:9190,1421,0,0
BRDA:9190,1421,1,0
BRDA:9190,1422,0,0
BRDA:9190,1422,1,0
BRDA:9190,1422,2,0
BRDA:9190,1422,3,0
BRDA:9197,1423,0,0
BRDA:9197,1423,1,0
BRDA:9197,1424,0,0
BRDA:9197,1424,1,0
BRDA:9199,1425,0,0
BRDA:9199,1425,1,0
BRDA:9209,1426,0,0
BRDA:9209,1426,1,0
BRDA:9209,1427,0,0
BRDA:9209,1427,1,0
BRDA:9209,1427,2,0
BRDA:9228,1428,0,0
BRDA:9228,1428,1,0
BRDA:9234,1429,0,0
BRDA:9234,1429,1,0
BRDA:9239,1430,0,0
BRDA:9239,1430,1,0
BRDA:9244,1431,0,0
BRDA:9244,1431,1,0
BRDA:9244,1432,0,0
BRDA:9244,1432,1,0
BRDA:9256,1433,0,0
BRDA:9256,1433,1,0
BRDA:9271,1434,0,0
BRDA:9271,1434,1,0
BRDA:9278,1435,0,0
BRDA:9278,1435,1,0
BRDA:9287,1436,0,0
BRDA:9287,1436,1,0
BRDA:9290,1437,0,0
BRDA:9290,1437,1,0
BRDA:9293,1438,0,0
BRDA:9293,1438,1,0
BRDA:9293,1438,2,0
BRDA:9296,1439,0,0
BRDA:9296,1439,1,0
BRDA:9304,1440,0,0
BRDA:9304,1440,1,0
BRDA:9307,1441,0,0
BRDA:9307,1441,1,0
BRDA:9309,1442,0,0
BRDA:9309,1442,1,0
BRDA:9313,1443,0,0
BRDA:9313,1443,1,0
BRDA:9319,1444,0,0
BRDA:9319,1444,1,0
BRDA:9319,1445,0,0
BRDA:9319,1445,1,0
BRDA:9323,1446,0,0
BRDA:9323,1446,1,0
BRDA:9337,1447,0,0
BRDA:9337,1447,1,0
BRDA:9337,1448,0,0
BRDA:9337,1448,1,0
BRDA:9339,1449,0,0
BRDA:9339,1449,1,0
BRDA:9347,1450,0,0
BRDA:9347,1450,1,0
BRDA:9350,1451,0,0
BRDA:9350,1451,1,0
BRDA:9360,1452,0,0
BRDA:9360,1452,1,0
BRDA:9361,1453,0,0
BRDA:9361,1453,1,0
BRDA:9362,1454,0,0
BRDA:9362,1454,1,0
BRDA:9368,1455,0,0
BRDA:9368,1455,1,0
BRDA:9372,1456,0,0
BRDA:9372,1456,1,0
BRDA:9394,1457,0,0
BRDA:9394,1457,1,0
BRDA:9395,1458,0,0
BRDA:9395,1458,1,0
BRDA:9407,1459,0,0
BRDA:9407,1459,1,0
BRDA:9431,1460,0,0
BRDA:9431,1460,1,0
BRDA:9432,1461,0,0
BRDA:9432,1461,1,0
BRDA:9439,1462,0,0
BRDA:9439,1462,1,0
BRDA:9458,1463,0,0
BRDA:9458,1463,1,0
BRDA:9468,1464,0,0
BRDA:9468,1464,1,0
BRDA:9481,1465,0,0
BRDA:9481,1465,1,0
BRDA:9498,1466,0,0
BRDA:9498,1466,1,0
BRDA:9498,1466,2,0
BRDA:9521,1467,0,6
BRDA:9521,1467,1,6
BRDA:9528,1468,0,0
BRDA:9528,1468,1,0
BRDA:9528,1469,0,0
BRDA:9528,1469,1,0
BRDA:9528,1469,2,0
BRDA:9543,1470,0,0
BRDA:9543,1470,1,0
BRDA:9550,1471,0,0
BRDA:9550,1471,1,0
BRDA:9550,1472,0,0
BRDA:9550,1472,1,0
BRDA:9559,1473,0,0
BRDA:9559,1473,1,0
BRDA:9559,1474,0,0
BRDA:9559,1474,1,0
BRDA:9571,1475,0,0
BRDA:9571,1475,1,0
BRDA:9576,1476,0,0
BRDA:9576,1476,1,0
BRDA:9578,1477,0,0
BRDA:9578,1477,1,0
BRDA:9583,1478,0,0
BRDA:9583,1478,1,0
BRDA:9595,1479,0,0
BRDA:9595,1479,1,0
BRDA:9601,1480,0,0
BRDA:9601,1480,1,0
BRDA:9601,1481,0,0
BRDA:9601,1481,1,0
BRDA:9601,1482,0,0
BRDA:9601,1482,1,0
BRDA:9619,1483,0,0
BRDA:9619,1483,1,0
BRDA:9625,1484,0,0
BRDA:9625,1484,1,0
BRDA:9632,1485,0,0
BRDA:9632,1485,1,0
BRDA:9646,1486,0,0
BRDA:9646,1486,1,0
BRDA:9646,1486,2,0
BRDA:9650,1487,0,0
BRDA:9650,1487,1,0
BRDA:9657,1488,0,0
BRDA:9657,1488,1,0
BRDA:9670,1489,0,0
BRDA:9670,1489,1,0
BRDA:9694,1490,0,0
BRDA:9694,1490,1,0
BRDA:9697,1491,0,0
BRDA:9697,1491,1,0
BRDA:9706,1492,0,0
BRDA:9706,1492,1,0
BRDA:9718,1493,0,0
BRDA:9718,1493,1,0
BRDA:9719,1494,0,0
BRDA:9719,1494,1,0
BRDA:9728,1495,0,0
BRDA:9728,1495,1,0
BRDA:9746,1496,0,0
BRDA:9746,1496,1,0
BRDA:9756,1497,0,0
BRDA:9756,1497,1,0
BRDA:9756,1498,0,0
BRDA:9756,1498,1,0
BRDA:9758,1499,0,0
BRDA:9758,1499,1,0
BRDA:9758,1499,2,0
BRDA:9758,1499,3,0
BRDA:9759,1500,0,0
BRDA:9759,1500,1,0
BRDA:9765,1501,0,0
BRDA:9765,1501,1,0
BRDA:9765,1502,0,0
BRDA:9765,1502,1,0
BRDA:9768,1503,0,0
BRDA:9768,1503,1,0
BRDA:9773,1504,0,0
BRDA:9773,1504,1,0
BRDA:9775,1505,0,0
BRDA:9775,1505,1,0
BRDA:9776,1506,0,0
BRDA:9776,1506,1,0
BRDA:9781,1507,0,0
BRDA:9781,1507,1,0
BRDA:9800,1508,0,0
BRDA:9800,1508,1,0
BRDA:9809,1509,0,0
BRDA:9809,1509,1,0
BRDA:9819,1510,0,0
BRDA:9819,1510,1,0
BRDA:9819,1511,0,0
BRDA:9819,1511,1,0
BRDA:9851,1512,0,0
BRDA:9851,1512,1,2
BRDA:9854,1513,0,0
BRDA:9854,1513,1,2
BRDA:9861,1514,0,0
BRDA:9861,1514,1,2
BRDA:9865,1515,0,0
BRDA:9865,1515,1,0
BRDA:9880,1516,0,2
BRDA:9880,1516,1,0
BRDA:9883,1517,0,0
BRDA:9883,1517,1,2
BRDA:9889,1518,0,0
BRDA:9889,1518,1,2
BRDA:9889,1519,0,2
BRDA:9889,1519,1,0
BRDA:9905,1520,0,0
BRDA:9905,1520,1,0
BRDA:9911,1521,0,0
BRDA:9911,1521,1,0
BRDA:9918,1522,0,0
BRDA:9918,1522,1,0
BRDA:9918,1523,0,0
BRDA:9918,1523,1,0
BRDA:9923,1524,0,0
BRDA:9923,1524,1,0
BRDA:9930,1525,0,0
BRDA:9930,1525,1,0
BRDA:9938,1526,0,0
BRDA:9938,1526,1,0
BRDA:9950,1527,0,0
BRDA:9950,1527,1,0
BRDA:9952,1528,0,0
BRDA:9952,1528,1,0
BRDA:9997,1529,0,0
BRDA:9997,1529,1,0
BRDA:10004,1530,0,0
BRDA:10004,1530,1,0
BRDA:10004,1530,2,0
BRDA:10009,1531,0,0
BRDA:10009,1531,1,0
BRDA:10015,1532,0,0
BRDA:10015,1532,1,0
BRDA:10016,1533,0,0
BRDA:10016,1533,1,0
BRDA:10019,1534,0,0
BRDA:10019,1534,1,0
BRDA:10025,1535,0,0
BRDA:10025,1535,1,0
BRDA:10028,1536,0,0
BRDA:10028,1536,1,0
BRDA:10032,1537,0,0
BRDA:10032,1537,1,0
BRDA:10047,1538,0,0
BRDA:10047,1538,1,0
BRDA:10048,1539,0,0
BRDA:10048,1539,1,0
BRDA:10058,1540,0,0
BRDA:10058,1540,1,0
BRDA:10066,1541,0,0
BRDA:10066,1541,1,0
BRDA:10082,1542,0,0
BRDA:10082,1542,1,0
BRDA:10091,1543,0,0
BRDA:10091,1543,1,0
BRDA:10102,1544,0,0
BRDA:10102,1544,1,0
BRDA:10103,1545,0,0
BRDA:10103,1545,1,0
BRDA:10103,1545,2,0
BRDA:10103,1545,3,0
BRDA:10109,1546,0,0
BRDA:10109,1546,1,0
BRDA:10109,1547,0,0
BRDA:10109,1547,1,0
BRDA:10109,1547,2,0
BRDA:10139,1548,0,0
BRDA:10139,1548,1,0
BRDA:10143,1549,0,0
BRDA:10143,1549,1,0
BRDA:10157,1550,0,0
BRDA:10157,1550,1,0
BRDA:10159,1551,0,0
BRDA:10159,1551,1,0
BRDA:10163,1552,0,0
BRDA:10163,1552,1,0
BRDA:10164,1553,0,0
BRDA:10164,1553,1,0
BRDA:10167,1554,0,0
BRDA:10167,1554,1,0
BRDA:10169,1555,0,0
BRDA:10169,1555,1,0
BRDA:10170,1556,0,0
BRDA:10170,1556,1,0
BRDA:10189,1557,0,0
BRDA:10189,1557,1,0
BRDA:10193,1558,0,0
BRDA:10193,1558,1,0
BRDA:10209,1559,0,0
BRDA:10209,1559,1,0
BRDA:10209,1559,2,0
BRDA:10210,1560,0,0
BRDA:10210,1560,1,0
BRDA:10210,1561,0,0
BRDA:10210,1561,1,0
BRDA:10210,1562,0,0
BRDA:10210,1562,1,0
BRDA:10215,1563,0,0
BRDA:10215,1563,1,0
BRDA:10218,1564,0,0
BRDA:10218,1564,1,0
BRDA:10224,1565,0,0
BRDA:10224,1565,1,0
BRDA:10236,1566,0,0
BRDA:10236,1566,1,0
BRDA:10243,1567,0,0
BRDA:10243,1567,1,0
BRDA:10264,1568,0,0
BRDA:10264,1568,1,0
BRDA:10266,1569,0,0
BRDA:10266,1569,1,0
BRDA:10271,1570,0,0
BRDA:10271,1570,1,0
BRDA:10298,1571,0,0
BRDA:10298,1571,1,6
BRDA:10298,1572,0,6
BRDA:10298,1572,1,0
BRDA:10316,1573,0,0
BRDA:10316,1573,1,0
BRDA:10320,1574,0,0
BRDA:10320,1574,1,0
BRDA:10320,1575,0,0
BRDA:10320,1575,1,0
BRDA:10330,1576,0,5
BRDA:10330,1576,1,1
BRF:3354
BRH:287
end_of_record
